// 2x2

Gurobi 6.5.1 (mac64) logging started Wed May  4 19:53:37 2016

Optimize a model with 8 rows, 8 columns and 12 nonzeros
Coefficient statistics:
  Matrix range    [1e+00, 1e+00]
  Objective range [1e+00, 5e+00]
  Bounds range    [1e+00, 1e+00]
  RHS range       [5e+00, 2e+01]
Found heuristic solution: objective 60
Presolve removed 8 rows and 8 columns
Presolve time: 0.00s
Presolve: All rows and columns removed

Explored 0 nodes (0 simplex iterations) in 0.00 seconds
Thread count was 1 (of 4 available processors)

Optimal solution found (tolerance 1.00e-04)
Best objective 6.000000000000e+01, best bound 6.000000000000e+01, gap 0.0%

Gurobi 6.5.1 (mac64) logging started Wed May  4 19:53:44 2016

// 2x2

Optimize a model with 8 rows, 8 columns and 12 nonzeros
Coefficient statistics:
  Matrix range    [1e+00, 1e+00]
  Objective range [1e+00, 1e+01]
  Bounds range    [1e+00, 1e+00]
  RHS range       [8e+00, 2e+01]
Found heuristic solution: objective 52
Presolve removed 8 rows and 8 columns
Presolve time: 0.00s
Presolve: All rows and columns removed

Explored 0 nodes (0 simplex iterations) in 0.00 seconds
Thread count was 1 (of 4 available processors)

Optimal solution found (tolerance 1.00e-04)
Best objective 5.200000000000e+01, best bound 5.200000000000e+01, gap 0.0%

// 4x3

Gurobi 6.5.1 (mac64) logging started Wed May  4 19:53:23 2016

Optimize a model with 19 rows, 24 columns and 36 nonzeros
Coefficient statistics:
  Matrix range    [1e+00, 1e+00]
  Objective range [1e+00, 3e+01]
  Bounds range    [1e+00, 1e+00]
  RHS range       [1e+01, 5e+01]
Found heuristic solution: objective 350
Presolve removed 19 rows and 24 columns
Presolve time: 0.00s
Presolve: All rows and columns removed

Explored 0 nodes (0 simplex iterations) in 0.00 seconds
Thread count was 1 (of 4 available processors)

Optimal solution found (tolerance 1.00e-04)
Best objective 3.500000000000e+02, best bound 3.500000000000e+02, gap 0.0%

// 4x4

Gurobi 6.5.1 (mac64) logging started Wed May  4 23:52:02 2016

Optimize a model with 24 rows, 32 columns and 64 nonzeros
Coefficient statistics:
  Matrix range    [1e+00, 3e+01]
  Objective range [2e+00, 5e+01]
  Bounds range    [1e+00, 1e+00]
  RHS range       [2e+00, 3e+01]
Found heuristic solution: objective 1740
Presolve removed 2 rows and 2 columns
Presolve time: 0.00s
Presolved: 22 rows, 30 columns, 60 nonzeros

Loaded MIP start with objective 1194

Variable types: 15 continuous, 15 integer (15 binary)

Root relaxation: objective 9.030000e+02, 6 iterations, 0.00 seconds

    Nodes    |    Current Node    |     Objective Bounds      |     Work
 Expl Unexpl |  Obj  Depth IntInf | Incumbent    BestBd   Gap | It/Node Time

*    0     0               0     903.0000000  903.00000  0.00%     -    0s

Explored 0 nodes (6 simplex iterations) in 0.01 seconds
Thread count was 4 (of 4 available processors)

Optimal solution found (tolerance 1.00e-04)
Best objective 9.030000000000e+02, best bound 9.030000000000e+02, gap 0.0%

// 5x5

Gurobi 6.5.1 (mac64) logging started Wed May  4 23:51:32 2016

Optimize a model with 35 rows, 50 columns and 100 nonzeros
Coefficient statistics:
  Matrix range    [1e+00, 4e+01]
  Objective range [1e+00, 5e+01]
  Bounds range    [1e+00, 1e+00]
  RHS range       [1e+01, 4e+01]
Found heuristic solution: objective 3268
Presolve time: 0.00s
Presolved: 35 rows, 50 columns, 100 nonzeros

Loaded MIP start with objective 1988

Variable types: 25 continuous, 25 integer (25 binary)

Root relaxation: objective 1.648867e+03, 15 iterations, 0.00 seconds

    Nodes    |    Current Node    |     Objective Bounds      |     Work
 Expl Unexpl |  Obj  Depth IntInf | Incumbent    BestBd   Gap | It/Node Time

     0     0 1648.86667    0    4 1988.00000 1648.86667  17.1%     -    0s
H    0     0                    1706.0000000 1648.86667  3.35%     -    0s
     0     0 1688.33333    0    2 1706.00000 1688.33333  1.04%     -    0s
H    0     0                    1704.0000000 1688.33333  0.92%     -    0s
     0     0     cutoff    0      1704.00000 1704.00000  0.00%     -    0s

Cutting planes:
  Cover: 1
  MIR: 1
  Flow cover: 5

Explored 0 nodes (21 simplex iterations) in 0.02 seconds
Thread count was 4 (of 4 available processors)

Optimal solution found (tolerance 1.00e-04)
Best objective 1.704000000000e+03, best bound 1.704000000000e+03, gap 0.0%

// 6x6

Gurobi 6.5.1 (mac64) logging started Wed May  4 23:53:02 2016

Optimize a model with 48 rows, 72 columns and 144 nonzeros
Coefficient statistics:
  Matrix range    [1e+00, 4e+01]
  Objective range [1e+00, 5e+01]
  Bounds range    [1e+00, 1e+00]
  RHS range       [4e+00, 4e+01]
Found heuristic solution: objective 2017
Presolve removed 2 rows and 2 columns
Presolve time: 0.01s
Presolved: 46 rows, 70 columns, 140 nonzeros

Loaded MIP start with objective 1940

Variable types: 35 continuous, 35 integer (35 binary)

Root relaxation: objective 1.234359e+03, 20 iterations, 0.00 seconds

    Nodes    |    Current Node    |     Objective Bounds      |     Work
 Expl Unexpl |  Obj  Depth IntInf | Incumbent    BestBd   Gap | It/Node Time

     0     0 1234.35897    0    2 1940.00000 1234.35897  36.4%     -    0s
H    0     0                    1253.0000000 1234.35897  1.49%     -    0s
     0     0     cutoff    0      1253.00000 1253.00000  0.00%     -    0s

Explored 0 nodes (21 simplex iterations) in 0.02 seconds
Thread count was 4 (of 4 available processors)

Optimal solution found (tolerance 1.00e-04)
Best objective 1.253000000000e+03, best bound 1.253000000000e+03, gap 0.0%

// 7x7

Gurobi 6.5.1 (mac64) logging started Wed May  4 23:53:51 2016

Optimize a model with 63 rows, 98 columns and 196 nonzeros
Coefficient statistics:
  Matrix range    [1e+00, 4e+01]
  Objective range [1e+00, 5e+01]
  Bounds range    [1e+00, 1e+00]
  RHS range       [2e+00, 4e+01]
Found heuristic solution: objective 7874
Presolve time: 0.00s
Presolved: 63 rows, 98 columns, 196 nonzeros

Loaded MIP start with objective 4332

Variable types: 49 continuous, 49 integer (49 binary)

Root relaxation: objective 3.403446e+03, 30 iterations, 0.00 seconds

    Nodes    |    Current Node    |     Objective Bounds      |     Work
 Expl Unexpl |  Obj  Depth IntInf | Incumbent    BestBd   Gap | It/Node Time

     0     0 3403.44582    0    4 4332.00000 3403.44582  21.4%     -    0s
H    0     0                    3466.0000000 3403.44582  1.80%     -    0s
*    0     0               0    3455.0000000 3455.00000  0.00%     -    0s

Cutting planes:
  Gomory: 1
  Cover: 2
  MIR: 3
  Flow cover: 5

Explored 0 nodes (37 simplex iterations) in 0.02 seconds
Thread count was 4 (of 4 available processors)

Optimal solution found (tolerance 1.00e-04)
Best objective 3.455000000000e+03, best bound 3.455000000000e+03, gap 0.0%

// 8x8

Gurobi 6.5.1 (mac64) logging started Wed May  4 23:55:45 2016

Optimize a model with 80 rows, 128 columns and 256 nonzeros
Coefficient statistics:
  Matrix range    [1e+00, 5e+01]
  Objective range [1e+00, 5e+01]
  Bounds range    [1e+00, 1e+00]
  RHS range       [3e+00, 5e+01]
Found heuristic solution: objective 4252
Presolve time: 0.00s
Presolved: 80 rows, 128 columns, 256 nonzeros

Loaded MIP start with objective 3836

Variable types: 64 continuous, 64 integer (64 binary)

Root relaxation: objective 2.581939e+03, 31 iterations, 0.00 seconds

    Nodes    |    Current Node    |     Objective Bounds      |     Work
 Expl Unexpl |  Obj  Depth IntInf | Incumbent    BestBd   Gap | It/Node Time

     0     0 2581.93929    0    5 3836.00000 2581.93929  32.7%     -    0s
H    0     0                    2621.0000000 2581.93929  1.49%     -    0s
     0     0 2606.48148    0    8 2621.00000 2606.48148  0.55%     -    0s
*    0     0               0    2607.0000000 2607.00000  0.00%     -    0s

Cutting planes:
  Gomory: 1
  Cover: 2
  Implied bound: 3
  Clique: 1
  MIR: 6
  Flow cover: 6
  Network: 5

Explored 0 nodes (44 simplex iterations) in 0.02 seconds
Thread count was 4 (of 4 available processors)

Optimal solution found (tolerance 1.00e-04)
Best objective 2.607000000000e+03, best bound 2.607000000000e+03, gap 0.0%

// 9x9

Gurobi 6.5.1 (mac64) logging started Wed May  4 23:55:03 2016

Optimize a model with 99 rows, 162 columns and 324 nonzeros
Coefficient statistics:
  Matrix range    [1e+00, 5e+01]
  Objective range [1e+00, 5e+01]
  Bounds range    [1e+00, 1e+00]
  RHS range       [7e+00, 5e+01]
Found heuristic solution: objective 7276
Presolve time: 0.00s
Presolved: 99 rows, 162 columns, 324 nonzeros

Loaded MIP start with objective 4735

Variable types: 81 continuous, 81 integer (81 binary)

Root relaxation: objective 3.006326e+03, 35 iterations, 0.00 seconds

    Nodes    |    Current Node    |     Objective Bounds      |     Work
 Expl Unexpl |  Obj  Depth IntInf | Incumbent    BestBd   Gap | It/Node Time

     0     0 3006.32596    0   11 4735.00000 3006.32596  36.5%     -    0s
H    0     0                    3142.0000000 3006.32596  4.32%     -    0s
     0     0 3066.64999    0   16 3142.00000 3066.64999  2.40%     -    0s
     0     0 3067.31856    0   17 3142.00000 3067.31856  2.38%     -    0s
     0     0 3084.87640    0   15 3142.00000 3084.87640  1.82%     -    0s
H    0     0                    3137.0000000 3084.87640  1.66%     -    0s
     0     0 3086.51327    0   18 3137.00000 3086.51327  1.61%     -    0s
     0     0 3093.91623    0   15 3137.00000 3093.91623  1.37%     -    0s
H    0     0                    3131.0000000 3093.91623  1.18%     -    0s
     0     0 3097.89474    0   12 3131.00000 3097.89474  1.06%     -    0s
     0     0 3098.82051    0   14 3131.00000 3098.82051  1.03%     -    0s
     0     0 3102.51661    0   18 3131.00000 3102.51661  0.91%     -    0s
     0     0 3102.64348    0   18 3131.00000 3102.64348  0.91%     -    0s
     0     0 3104.09361    0   20 3131.00000 3104.09361  0.86%     -    0s
     0     0 3104.09361    0   11 3131.00000 3104.09361  0.86%     -    0s
     0     0 3104.09361    0   18 3131.00000 3104.09361  0.86%     -    0s
     0     0 3104.09361    0   11 3131.00000 3104.09361  0.86%     -    0s
     0     0 3104.09361    0   20 3131.00000 3104.09361  0.86%     -    0s
     0     0 3104.29896    0   18 3131.00000 3104.29896  0.85%     -    0s
     0     0 3104.55896    0   17 3131.00000 3104.55896  0.84%     -    0s
     0     0 3104.59045    0   20 3131.00000 3104.59045  0.84%     -    0s
     0     0 3104.87699    0   24 3131.00000 3104.87699  0.83%     -    0s
H    0     0                    3127.0000000 3104.87699  0.71%     -    0s
     0     2 3104.87699    0   24 3127.00000 3104.87699  0.71%     -    0s

Cutting planes:
  Cover: 4
  MIR: 19
  Flow cover: 11
  Network: 6

Explored 61 nodes (649 simplex iterations) in 0.12 seconds
Thread count was 4 (of 4 available processors)

Optimal solution found (tolerance 1.00e-04)
Best objective 3.127000000000e+03, best bound 3.127000000000e+03, gap 0.0%

// 10x10

Gurobi 6.5.1 (mac64) logging started Wed May  4 23:57:34 2016

Optimize a model with 120 rows, 200 columns and 400 nonzeros
Coefficient statistics:
  Matrix range    [1e+00, 5e+01]
  Objective range [1e+00, 5e+01]
  Bounds range    [1e+00, 1e+00]
  RHS range       [2e+01, 5e+01]
Found heuristic solution: objective 8432
Presolve time: 0.01s
Presolved: 120 rows, 200 columns, 400 nonzeros

Loaded MIP start with objective 4824

Variable types: 100 continuous, 100 integer (100 binary)

Root relaxation: objective 2.749463e+03, 34 iterations, 0.00 seconds

    Nodes    |    Current Node    |     Objective Bounds      |     Work
 Expl Unexpl |  Obj  Depth IntInf | Incumbent    BestBd   Gap | It/Node Time

     0     0 2749.46267    0   10 4824.00000 2749.46267  43.0%     -    0s
H    0     0                    2869.0000000 2749.46267  4.17%     -    0s
     0     0 2813.03628    0   11 2869.00000 2813.03628  1.95%     -    0s
H    0     0                    2866.0000000 2813.03628  1.85%     -    0s
     0     0 2823.91176    0    7 2866.00000 2823.91176  1.47%     -    0s
     0     0 2829.80128    0    5 2866.00000 2829.80128  1.26%     -    0s
H    0     0                    2862.0000000 2829.80128  1.13%     -    0s
     0     0 2830.15385    0    5 2862.00000 2830.15385  1.11%     -    0s
     0     0 2833.38462    0    1 2862.00000 2833.38462  1.00%     -    0s
     0     0 2835.31202    0   15 2862.00000 2835.31202  0.93%     -    0s
     0     0 2835.31202    0    9 2862.00000 2835.31202  0.93%     -    0s
     0     0 2835.31202    0   11 2862.00000 2835.31202  0.93%     -    0s
H    0     0                    2857.0000000 2835.31202  0.76%     -    0s
     0     0 2835.31202    0   13 2857.00000 2835.31202  0.76%     -    0s
     0     0 2844.37330    0   13 2857.00000 2844.37330  0.44%     -    0s
     0     0 2844.51042    0    6 2857.00000 2844.51042  0.44%     -    0s
     0     0 2847.00000    0    4 2857.00000 2847.00000  0.35%     -    0s
     0     0 2847.00000    0    9 2857.00000 2847.00000  0.35%     -    0s
     0     0 2847.00000    0    4 2857.00000 2847.00000  0.35%     -    0s
     0     0 2847.00000    0    4 2857.00000 2847.00000  0.35%     -    0s
     0     0 2850.11241    0   12 2857.00000 2850.11241  0.24%     -    0s
     0     0 2853.78604    0   14 2857.00000 2853.78604  0.11%     -    0s
     0     0 2853.78604    0    6 2857.00000 2853.78604  0.11%     -    0s
     0     0 2853.78604    0    7 2857.00000 2853.78604  0.11%     -    0s
     0     0 2853.78604    0    4 2857.00000 2853.78604  0.11%     -    0s
     0     0     cutoff    0      2857.00000 2857.00000  0.00%     -    0s

Cutting planes:
  Cover: 1
  Implied bound: 1
  MIR: 7
  Flow cover: 8
  Network: 1

Explored 0 nodes (321 simplex iterations) in 0.06 seconds
Thread count was 4 (of 4 available processors)

Optimal solution found (tolerance 1.00e-04)
Best objective 2.857000000000e+03, best bound 2.857000000000e+03, gap 0.0%

// 20x20

Gurobi 6.5.1 (mac64) logging started Wed May  4 23:57:45 2016

Optimize a model with 440 rows, 800 columns and 1600 nonzeros
Coefficient statistics:
  Matrix range    [1e+00, 6e+01]
  Objective range [1e+00, 2e+01]
  Bounds range    [1e+00, 1e+00]
  RHS range       [3e+00, 6e+01]
Found heuristic solution: objective 4790
Presolve removed 25 rows and 25 columns
Presolve time: 0.01s
Presolved: 415 rows, 775 columns, 1550 nonzeros

Loaded MIP start with objective 4577

Variable types: 400 continuous, 375 integer (375 binary)

Root relaxation: objective 1.086179e+03, 85 iterations, 0.00 seconds

    Nodes    |    Current Node    |     Objective Bounds      |     Work
 Expl Unexpl |  Obj  Depth IntInf | Incumbent    BestBd   Gap | It/Node Time

     0     0 1086.17892    0   17 4577.00000 1086.17892  76.3%     -    0s
H    0     0                    1167.0000000 1086.17892  6.93%     -    0s
     0     0 1110.50532    0   14 1167.00000 1110.50532  4.84%     -    0s
H    0     0                    1159.0000000 1110.50532  4.18%     -    0s
     0     0 1111.91273    0   14 1159.00000 1111.91273  4.06%     -    0s
     0     0 1117.70476    0   13 1159.00000 1117.70476  3.56%     -    0s
H    0     0                    1155.0000000 1117.70476  3.23%     -    0s
H    0     0                    1147.0000000 1117.70476  2.55%     -    0s
     0     0 1118.00092    0   17 1147.00000 1118.00092  2.53%     -    0s
     0     0 1121.26870    0   21 1147.00000 1121.26870  2.24%     -    0s
     0     0 1121.36345    0   21 1147.00000 1121.36345  2.24%     -    0s
     0     0 1124.92179    0   25 1147.00000 1124.92179  1.92%     -    0s
     0     0 1124.95152    0   26 1147.00000 1124.95152  1.92%     -    0s
     0     0 1126.27500    0   32 1147.00000 1126.27500  1.81%     -    0s
     0     0 1126.66305    0   29 1147.00000 1126.66305  1.77%     -    0s
     0     0 1128.01491    0   32 1147.00000 1128.01491  1.66%     -    0s
H    0     0                    1145.0000000 1128.01491  1.48%     -    0s
     0     0 1128.06145    0   39 1145.00000 1128.06145  1.48%     -    0s
     0     0 1129.41355    0   24 1145.00000 1129.41355  1.36%     -    0s
     0     0 1129.46662    0   31 1145.00000 1129.46662  1.36%     -    0s
     0     0 1129.81033    0   26 1145.00000 1129.81033  1.33%     -    0s
     0     0 1129.81033    0   26 1145.00000 1129.81033  1.33%     -    0s
H    0     0                    1140.0000000 1129.81033  0.89%     -    0s
H    0     0                    1133.0000000 1129.81033  0.28%     -    0s
     0     0 1129.81033    0   11 1133.00000 1129.81033  0.28%     -    0s
     0     0 1129.81033    0   21 1133.00000 1129.81033  0.28%     -    0s
     0     0 1129.81033    0   19 1133.00000 1129.81033  0.28%     -    0s
     0     0 1129.81033    0   25 1133.00000 1129.81033  0.28%     -    0s
     0     0 1130.69500    0   15 1133.00000 1130.69500  0.20%     -    0s
     0     0 1130.96000    0   16 1133.00000 1130.96000  0.18%     -    0s
     0     0 1130.96000    0   10 1133.00000 1130.96000  0.18%     -    0s
     0     0 1130.96000    0   23 1133.00000 1130.96000  0.18%     -    0s
     0     0 1130.96000    0   15 1133.00000 1130.96000  0.18%     -    0s
     0     0 1130.96000    0   20 1133.00000 1130.96000  0.18%     -    0s
     0     0 1131.36125    0   15 1133.00000 1131.36125  0.14%     -    0s
     0     0 1131.59231    0   20 1133.00000 1131.59231  0.12%     -    0s
     0     0     cutoff    0      1133.00000 1133.00000  0.00%     -    0s

Cutting planes:
  Gomory: 2
  Cover: 2
  Implied bound: 1
  MIR: 14
  Flow cover: 20

Explored 0 nodes (693 simplex iterations) in 0.25 seconds
Thread count was 4 (of 4 available processors)

Optimal solution found (tolerance 1.00e-04)
Best objective 1.133000000000e+03, best bound 1.133000000000e+03, gap 0.0%

// 30x30

Gurobi 6.5.1 (mac64) logging started Wed May  4 23:58:19 2016

Optimize a model with 960 rows, 1800 columns and 3600 nonzeros
Coefficient statistics:
  Matrix range    [1e+00, 5e+01]
  Objective range [1e+00, 5e+01]
  Bounds range    [1e+00, 1e+00]
  RHS range       [1e+00, 5e+01]
Found heuristic solution: objective 20850
Presolve time: 0.02s
Presolved: 960 rows, 1800 columns, 3600 nonzeros

MIP start did not produce a new incumbent solution

Variable types: 900 continuous, 900 integer (900 binary)

Root relaxation: objective 3.182714e+03, 169 iterations, 0.00 seconds

    Nodes    |    Current Node    |     Objective Bounds      |     Work
 Expl Unexpl |  Obj  Depth IntInf | Incumbent    BestBd   Gap | It/Node Time

     0     0 3182.71429    0   33 20850.0000 3182.71429  84.7%     -    0s
H    0     0                    3680.0000000 3182.71429  13.5%     -    0s
H    0     0                    3634.0000000 3182.71429  12.4%     -    0s
     0     0 3288.18643    0   49 3634.00000 3288.18643  9.52%     -    0s
H    0     0                    3603.0000000 3288.18643  8.74%     -    0s
     0     0 3292.99174    0   51 3603.00000 3292.99174  8.60%     -    0s
     0     0 3350.23211    0   63 3603.00000 3350.23211  7.02%     -    0s
     0     0 3357.92820    0   80 3603.00000 3357.92820  6.80%     -    0s
     0     0 3378.14593    0   75 3603.00000 3378.14593  6.24%     -    0s
     0     0 3379.94604    0   80 3603.00000 3379.94604  6.19%     -    0s
     0     0 3399.60910    0   97 3603.00000 3399.60910  5.65%     -    0s
     0     0 3402.35733    0   77 3603.00000 3402.35733  5.57%     -    0s
     0     0 3413.70873    0   96 3603.00000 3413.70873  5.25%     -    0s
     0     0 3416.57102    0  110 3603.00000 3416.57102  5.17%     -    0s
     0     0 3424.47684    0   97 3603.00000 3424.47684  4.95%     -    0s
H    0     0                    3562.0000000 3424.47684  3.86%     -    0s
     0     0 3425.78677    0  109 3562.00000 3425.78677  3.82%     -    0s
     0     0 3433.97334    0  114 3562.00000 3433.97334  3.59%     -    0s
H    0     0                    3560.0000000 3433.97334  3.54%     -    0s
     0     0 3435.41968    0  102 3560.00000 3435.41968  3.50%     -    0s
     0     0 3438.67278    0  114 3560.00000 3438.67278  3.41%     -    0s
     0     0 3438.67278    0  114 3560.00000 3438.67278  3.41%     -    0s
H    0     0                    3559.0000000 3438.67278  3.38%     -    0s
     0     2 3438.67278    0  114 3559.00000 3438.67278  3.38%     -    0s
H   64    66                    3554.0000000 3439.31888  3.23%  47.4    1s
H  127   124                    3530.0000000 3439.31888  2.57%  38.3    1s
H  285   247                    3523.0000000 3442.95677  2.27%  33.1    2s
H  422   335                    3513.0000000 3443.31182  1.98%  35.0    2s
H  585   416                    3511.0000000 3444.69832  1.89%  39.0    3s
H  615   438                    3510.0000000 3444.69832  1.86%  40.6    3s
   746   515 3475.76204   24  119 3510.00000 3449.82102  1.71%  40.9    5s
H  890   571                    3501.0000000 3457.92131  1.23%  59.8    8s
H  941   546                    3494.0000000 3457.92131  1.03%  59.8    8s
H 1025   503                    3488.0000000 3457.92131  0.86%  57.8    9s
  1205   464 3473.91690   15   74 3488.00000 3463.21377  0.71%  60.9   10s
H 2037   303                    3486.0000000 3473.28167  0.36%  63.8   13s
  2464   274     cutoff   27      3486.00000 3477.17020  0.25%  60.9   15s

Cutting planes:
  MIR: 160
  Flow cover: 233
  Network: 9

Explored 3266 nodes (178146 simplex iterations) in 16.27 seconds
Thread count was 4 (of 4 available processors)

Optimal solution found (tolerance 1.00e-04)
Best objective 3.486000000000e+03, best bound 3.485881158463e+03, gap 0.0034%

// 40x40

Gurobi 6.5.1 (mac64) logging started Wed May  4 23:59:25 2016

Optimize a model with 1680 rows, 3200 columns and 6400 nonzeros
Coefficient statistics:
  Matrix range    [1e+00, 5e+01]
  Objective range [1e+00, 5e+01]
  Bounds range    [1e+00, 1e+00]
  RHS range       [2e+00, 5e+01]
Found heuristic solution: objective 26174
Presolve time: 0.02s
Presolved: 1680 rows, 3200 columns, 6400 nonzeros

MIP start did not produce a new incumbent solution

Variable types: 1600 continuous, 1600 integer (1600 binary)

Root relaxation: objective 4.043181e+03, 282 iterations, 0.02 seconds

    Nodes    |    Current Node    |     Objective Bounds      |     Work
 Expl Unexpl |  Obj  Depth IntInf | Incumbent    BestBd   Gap | It/Node Time

     0     0 4043.18145    0   49 26174.0000 4043.18145  84.6%     -    0s
H    0     0                    4636.0000000 4043.18145  12.8%     -    0s
H    0     0                    4558.0000000 4043.18145  11.3%     -    0s
     0     0 4197.87655    0   90 4558.00000 4197.87655  7.90%     -    0s
H    0     0                    4556.0000000 4197.87655  7.86%     -    0s
     0     0 4210.15889    0   95 4556.00000 4210.15889  7.59%     -    0s
     0     0 4272.57270    0   92 4556.00000 4272.57270  6.22%     -    0s
     0     0 4285.86387    0   86 4556.00000 4285.86387  5.93%     -    0s
     0     0 4312.96625    0   96 4556.00000 4312.96625  5.33%     -    0s
     0     0 4318.41909    0  106 4556.00000 4318.41909  5.21%     -    0s
     0     0 4337.36940    0  128 4556.00000 4337.36940  4.80%     -    0s
H    0     0                    4555.0000000 4337.36940  4.78%     -    0s
     0     0 4341.31063    0  118 4555.00000 4341.31063  4.69%     -    0s
     0     0 4352.22181    0  115 4555.00000 4352.22181  4.45%     -    1s
     0     0 4356.79774    0  127 4555.00000 4356.79774  4.35%     -    1s
     0     0 4364.14210    0  123 4555.00000 4364.14210  4.19%     -    1s
H    0     0                    4534.0000000 4364.14210  3.75%     -    1s
     0     0 4365.24435    0  134 4534.00000 4365.24435  3.72%     -    1s
     0     0 4371.06521    0  130 4534.00000 4371.06521  3.59%     -    1s
     0     0 4371.06521    0  130 4534.00000 4371.06521  3.59%     -    1s
H    0     2                    4529.0000000 4371.06521  3.49%     -    2s
     0     2 4371.06521    0  130 4529.00000 4371.06521  3.49%     -    2s
H  151   150                    4525.0000000 4372.19245  3.38%  40.9    2s
H  178   171                    4494.0000000 4372.19245  2.71%  36.9    2s
H  592   533                    4483.2666667 4372.87459  2.46%  28.7    3s
H  593   532                    4483.0000000 4372.87459  2.46%  28.6    3s
H  596   489                    4472.0000000 4372.87459  2.22%  28.5    3s
H  620   465                    4462.0000000 4372.87459  2.00%  28.2    3s
H  719   409                    4449.0000000 4375.97026  1.64%  32.6    4s
   743   439 4432.33060   53  130 4449.00000 4375.97026  1.64%  32.4    5s
   764   453 4445.05272  102  147 4449.00000 4395.26723  1.21%  31.5   10s
   792   472 4434.38326   60  166 4449.00000 4399.14023  1.12%  30.4   15s
   818   489 4425.15039   19  179 4449.00000 4401.30840  1.07%  29.5   20s
H  819   464                    4443.0000000 4401.62407  0.93%  29.4   20s
   847   484 4402.06627    9  169 4443.00000 4402.06627  0.92%  39.1   25s
   865   496 4402.93832   26  168 4443.00000 4402.49477  0.91%  44.7   30s
  1182   617 4423.85639   50   89 4443.00000 4403.44647  0.89%  70.0   35s
H 1442   686                    4441.0000000 4404.78334  0.82%  73.5   37s
  1601   706 4420.36635   39  118 4441.00000 4405.59150  0.80%  78.1   40s
  1950   781 4437.46703   54   72 4441.00000 4407.90608  0.75%  87.3   45s
  2281   801 4422.67052   31  145 4441.00000 4409.87258  0.70%  92.3   50s
  3001  1157     cutoff   42      4441.00000 4411.99640  0.65%  95.2   56s
  3397  1285 4421.57908   41   95 4441.00000 4413.14934  0.63%  97.3   60s
  4050  1569 4431.61068   33  120 4441.00000 4414.85136  0.59%  97.3   65s
  4540  1690     cutoff   47      4441.00000 4416.58508  0.55%   100   71s
  5020  1796 4436.65085   35  100 4441.00000 4417.62293  0.53%   101   76s
  5471  1906     cutoff   37      4441.00000 4418.63220  0.50%   102   80s
  6040  2071 4428.64310   44  120 4441.00000 4419.83299  0.48%   103   85s
  6663  2223 4439.20252   29  143 4441.00000 4420.84880  0.45%   102   90s
  7317  2351 4440.95770   56   53 4441.00000 4422.09333  0.43%   102   95s
  8112  2495 4440.20529   36  119 4441.00000 4423.31760  0.40%   101  102s
  8580  2570 4433.42976   39  130 4441.00000 4423.92035  0.38%   101  105s
  9501  2664 4435.35446   39  131 4441.00000 4424.90304  0.36%   100  111s
H 9817  2242                    4437.0000000 4424.99076  0.27%   100  111s
 10234  2120 4436.79039   40   82 4437.00000 4426.34905  0.24%  99.2  115s
 11267  1911     cutoff   40      4437.00000 4428.56066  0.19%  97.4  121s
 11973  1617     cutoff   58      4437.00000 4430.36721  0.15%  96.4  125s
 13305   723     cutoff   40      4437.00000 4434.01861  0.07%  91.9  130s

Cutting planes:
  Cover: 2
  MIR: 257
  Flow cover: 383
  Network: 12

Explored 14111 nodes (1239832 simplex iterations) in 131.27 seconds
Thread count was 4 (of 4 available processors)

Optimal solution found (tolerance 1.00e-04)
Best objective 4.437000000000e+03, best bound 4.436776353490e+03, gap 0.0050%


// 50x50

Gurobi 6.5.1 (mac64) logging started Thu May  5 06:37:01 2016

Optimize a model with 2600 rows, 5000 columns and 10000 nonzeros
Coefficient statistics:
  Matrix range    [1e+00, 5e+01]
  Objective range [1e+00, 5e+01]
  Bounds range    [1e+00, 1e+00]
  RHS range       [1e+00, 5e+01]
Found heuristic solution: objective 34843
Presolve time: 0.02s
Presolved: 2600 rows, 5000 columns, 10000 nonzeros

MIP start did not produce a new incumbent solution

Variable types: 2500 continuous, 2500 integer (2500 binary)

Root relaxation: objective 5.251141e+03, 419 iterations, 0.01 seconds

    Nodes    |    Current Node    |     Objective Bounds      |     Work
 Expl Unexpl |  Obj  Depth IntInf | Incumbent    BestBd   Gap | It/Node Time

     0     0 5251.14079    0   58 34843.0000 5251.14079  84.9%     -    0s
H    0     0                    5889.0000000 5251.14079  10.8%     -    0s
H    0     0                    5815.0000000 5251.14079  9.70%     -    0s
     0     0 5412.93696    0   88 5815.00000 5412.93696  6.91%     -    0s
     0     0 5417.91707    0   91 5815.00000 5417.91707  6.83%     -    0s
     0     0 5468.23724    0  109 5815.00000 5468.23724  5.96%     -    0s
     0     0 5473.51370    0  118 5815.00000 5473.51370  5.87%     -    0s
     0     0 5497.26109    0  123 5815.00000 5497.26109  5.46%     -    0s
H    0     0                    5793.0000000 5497.26109  5.11%     -    0s
     0     0 5501.13489    0  124 5793.00000 5501.13489  5.04%     -    0s
     0     0 5517.62117    0  140 5793.00000 5517.62117  4.75%     -    0s
H    0     0                    5781.0000000 5517.62117  4.56%     -    0s
     0     0 5521.85889    0  140 5781.00000 5521.85889  4.48%     -    0s
     0     0 5532.28610    0  143 5781.00000 5532.28610  4.30%     -    1s
H    0     0                    5771.0000000 5532.28610  4.14%     -    1s
     0     0 5535.30224    0  156 5771.00000 5535.30224  4.08%     -    1s
     0     0 5543.36404    0  149 5771.00000 5543.36404  3.94%     -    1s
H    0     0                    5754.0000000 5543.36404  3.66%     -    1s
     0     0 5545.88021    0  153 5754.00000 5545.88021  3.62%     -    1s
     0     0 5552.06873    0  176 5754.00000 5552.06873  3.51%     -    1s
     0     0 5553.76897    0  177 5754.00000 5553.76897  3.48%     -    1s
     0     0 5558.01033    0  185 5754.00000 5558.01033  3.41%     -    1s
     0     0 5558.01033    0  182 5754.00000 5558.01033  3.41%     -    1s
     0     2 5558.01033    0  182 5754.00000 5558.01033  3.41%     -    1s
H   29    29                    5751.0000000 5560.75879  3.31%   111    2s
H  115   114                    5746.0000000 5560.75879  3.22%  65.7    3s
H  177   172                    5734.0000000 5560.75879  3.02%  49.3    3s
H  323   316                    5700.0000000 5560.75879  2.44%  34.1    3s
H  326   316                    5699.0000000 5560.75879  2.43%  33.9    3s
H  366   348                    5692.0000000 5561.11300  2.30%  32.6    3s
   479   453 5648.50119   37   78 5692.00000 5561.11300  2.30%  39.1    5s
H  482   443                    5688.0000000 5561.11300  2.23%  39.1    5s
H  577   484                    5676.0000000 5565.65696  1.94%  41.6    5s
H  606   426                    5654.0000000 5565.65696  1.56%  41.7    6s
   738   528 5610.92480   15  176 5654.00000 5567.88020  1.52%  47.0   10s
   758   542 5610.92480   15  206 5654.00000 5586.68130  1.19%  45.7   15s
   775   553 5588.53338   11  212 5654.00000 5588.53338  1.16%  44.7   20s
   789   564 5594.59944   12  184 5654.00000 5589.73831  1.14%  55.0   25s
   826   586 5593.65877   19  158 5654.00000 5590.50703  1.12%  66.9   30s
H  902   607                    5653.0000000 5590.50703  1.11%  76.8   32s
   968   628 5602.27519   31  142 5653.00000 5590.50703  1.11%  81.3   35s
H 1005   595                    5652.0000000 5590.50703  1.09%  81.3   35s
H 1041   552                    5645.0000000 5590.50703  0.97%  82.9   36s
  1117   577     cutoff   50      5645.00000 5590.50703  0.97%  87.4   40s
  1473   685 5612.19956   17  162 5645.00000 5595.60368  0.88%  87.0   45s
  1669   762 5626.30467   25  127 5645.00000 5598.36839  0.83%  93.5   50s
  1948   804 5635.36576   22   98 5645.00000 5599.89682  0.80%   102   55s
  2171   846 5640.27418   29  123 5645.00000 5601.75520  0.77%   106   60s
  2489  1020 5636.94356   27  127 5645.00000 5603.00638  0.74%   107   65s
H 2815  1177                    5642.0000000 5603.71935  0.68%   107   69s
  2892  1202 5629.55153   26  141 5642.00000 5604.36865  0.67%   106   71s
  3147  1342 5633.87668   35   71 5642.00000 5605.49567  0.65%   108   75s
  3459  1504 5629.91815   19  177 5642.00000 5607.00003  0.62%   110   81s
  3688  1642 5633.04007   22  169 5642.00000 5607.82424  0.61%   111   88s
  3834  1686 5625.63719   39  109 5642.00000 5608.38171  0.60%   112   92s
  4030  1784 5638.32717   35  106 5642.00000 5609.31426  0.58%   112   96s
  4417  1931     cutoff   36      5642.00000 5610.64538  0.56%   114  102s
H 4583  1438                    5635.0000000 5611.00579  0.43%   115  109s
  4728  1448     cutoff   33      5635.00000 5611.81793  0.41%   115  113s
  4932  1479     cutoff   32      5635.00000 5612.70312  0.40%   116  116s
  5180  1533 5624.18174   21  140 5635.00000 5613.60270  0.38%   116  120s
  5457  1616     cutoff   19      5635.00000 5614.71917  0.36%   116  125s
  6052  1829     cutoff   16      5635.00000 5616.83385  0.32%   115  138s
  6107  1814 5625.68231   37   58 5635.00000 5616.88068  0.32%   115  142s
  6422  1830 5630.83394   21  141 5635.00000 5617.81481  0.30%   115  146s
  6769  1829 5632.53556   46   89 5635.00000 5618.75724  0.29%   115  150s
  7137  1865 5632.96782   59   67 5635.00000 5619.91354  0.27%   114  155s
  8035  1935 5634.72140   39   86 5635.00000 5621.81944  0.23%   111  162s
  8376  1931 5630.41548   31  109 5635.00000 5622.57917  0.22%   111  166s
  8777  1940     cutoff   26      5635.00000 5623.17244  0.21%   110  170s
  9356  1873     cutoff   32      5635.00000 5624.31544  0.19%   109  175s
  9830  1778     cutoff   32      5635.00000 5625.38777  0.17%   107  180s
 10507  1604     cutoff   29      5635.00000 5626.98249  0.14%   106  186s
 11139  1405 5632.90414   41  126 5635.00000 5628.03329  0.12%   104  191s
 11852  1020     cutoff   20      5635.00000 5629.92809  0.09%   102  195s

Cutting planes:
  Gomory: 2
  Cover: 7
  MIR: 382
  Flow cover: 469
  Zero half: 1
  Network: 19

Explored 13189 nodes (1248416 simplex iterations) in 198.70 seconds
Thread count was 4 (of 4 available processors)

Optimal solution found (tolerance 1.00e-04)
Best objective 5.635000000000e+03, best bound 5.634724900928e+03, gap 0.0049%

// 60x60

Gurobi 6.5.1 (mac64) logging started Thu May  5 00:07:45 2016

Optimize a model with 3720 rows, 7200 columns and 14400 nonzeros
Coefficient statistics:
  Matrix range    [1e+00, 5e+01]
  Objective range [1e+00, 5e+01]
  Bounds range    [1e+00, 1e+00]
  RHS range       [1e+00, 5e+01]
Found heuristic solution: objective 37468
Presolve time: 0.03s
Presolved: 3720 rows, 7200 columns, 14400 nonzeros

MIP start did not produce a new incumbent solution

Variable types: 3600 continuous, 3600 integer (3600 binary)

Root relaxation: objective 5.157515e+03, 569 iterations, 0.02 seconds

    Nodes    |    Current Node    |     Objective Bounds      |     Work
 Expl Unexpl |  Obj  Depth IntInf | Incumbent    BestBd   Gap | It/Node Time

     0     0 5157.51472    0   75 37468.0000 5157.51472  86.2%     -    0s
H    0     0                    6013.0000000 5157.51472  14.2%     -    0s
H    0     0                    5757.0000000 5157.51472  10.4%     -    0s
     0     0 5317.88696    0  106 5757.00000 5317.88696  7.63%     -    0s
     0     0 5329.54442    0  113 5757.00000 5329.54442  7.42%     -    0s
     0     0 5395.82274    0  158 5757.00000 5395.82274  6.27%     -    1s
H    0     0                    5736.0000000 5395.82274  5.93%     -    1s
     0     0 5403.57094    0  135 5736.00000 5403.57094  5.80%     -    1s
     0     0 5433.26770    0  158 5736.00000 5433.26770  5.28%     -    1s
     0     0 5440.85587    0  178 5736.00000 5440.85587  5.15%     -    2s
     0     0 5466.57150    0  181 5736.00000 5466.57150  4.70%     -    2s
H    0     0                    5716.0000000 5466.57150  4.36%     -    2s
     0     0 5471.33292    0  186 5716.00000 5471.33292  4.28%     -    2s
     0     0 5483.56259    0  204 5716.00000 5483.56259  4.07%     -    2s
     0     0 5485.53104    0  197 5716.00000 5485.53104  4.03%     -    2s
     0     0 5489.71261    0  179 5716.00000 5489.71261  3.96%     -    2s
     0     0 5491.93449    0  201 5716.00000 5491.93449  3.92%     -    2s
     0     0 5498.15304    0  208 5716.00000 5498.15304  3.81%     -    2s
     0     0 5498.15304    0  204 5716.00000 5498.15304  3.81%     -    2s
     0     2 5498.15304    0  204 5716.00000 5498.15304  3.81%     -    3s
H   29    29                    5695.0000000 5500.53140  3.41%   133    3s
H  145   144                    5667.0000000 5500.53140  2.94%  80.9    4s
   148   148 5546.08648   58  120 5667.00000 5500.53140  2.94%  79.9    5s
H  206   205                    5662.0000000 5500.53140  2.85%  69.3    5s
H  558   487                    5644.0000000 5502.50240  2.51%  54.0    8s
H  620   540                    5640.0000000 5502.50240  2.44%  54.5    9s
H  703   596                    5635.0000000 5502.50240  2.35%  51.7    9s
   762   654 5519.22983   18  204 5635.00000 5502.50240  2.35%  50.1   10s
   777   664 5545.42691   51  243 5635.00000 5527.07884  1.92%  49.1   15s
   786   670 5609.20979   79  282 5635.00000 5536.04511  1.76%  48.6   20s
   800   679 5608.55272   94  266 5635.00000 5539.40303  1.70%  47.7   25s
   813   688 5562.31533   61  280 5635.00000 5540.36516  1.68%  47.0   32s
   820   693 5608.55272   94  298 5635.00000 5541.13083  1.67%  46.6   35s
   832   701 5547.06805   25  286 5635.00000 5542.13824  1.65%  45.9   40s
   842   707 5542.41816   18  263 5635.00000 5542.41816  1.64%  45.3   45s
   853   716 5562.31533   61  252 5635.00000 5542.41816  1.64%  64.9   50s
   863   723 5620.64899  128  261 5635.00000 5543.24200  1.63%  64.2   55s
   875   731 5617.66230  129  263 5635.00000 5543.46387  1.62%  63.3   60s
   881   737 5575.26370   23  190 5635.00000 5543.50353  1.62%  72.6   65s
   885   739 5569.26216   25  190 5635.00000 5543.50825  1.62%  75.8   70s
   911   760 5554.48141   29  215 5635.00000 5546.13028  1.58%  85.4   75s
   975   798 5548.28069   34  215 5635.00000 5546.13028  1.58%   101   80s
  1074   864 5551.50606   42  200 5635.00000 5546.13028  1.58%   116   86s
  1178   930 5556.12659   49  189 5635.00000 5546.13028  1.58%   125   90s
  1246   969 5558.40008   56  178 5635.00000 5546.13028  1.58%   129   99s
  1280   992 5561.51255   59  181 5635.00000 5546.13028  1.58%   130  102s
  1411  1030     cutoff   66      5635.00000 5546.13028  1.58%   130  105s
  1586  1114 5582.10363   91  112 5635.00000 5546.13028  1.58%   135  111s
  1691  1176 5591.63144  114   85 5635.00000 5546.13028  1.58%   136  116s
  1830  1235 5612.64186  158   93 5635.00000 5547.26663  1.56%   135  120s
  2174  1416 5568.24368   48  149 5635.00000 5547.26663  1.56%   130  128s
  2378  1499 5611.32180  107   61 5635.00000 5549.75607  1.51%   127  134s
  2505  1576 5563.34789   35  204 5635.00000 5549.75607  1.51%   127  138s
  2587  1619 5582.52442   53  162 5635.00000 5549.79565  1.51%   130  142s
  2808  1746 5563.01248   35  185 5635.00000 5549.79565  1.51%   127  146s
  2919  1782 5577.94882   47  141 5635.00000 5549.79565  1.51%   128  150s
  3069  1869 5626.00990   93   73 5635.00000 5550.32774  1.50%   129  155s
  3345  2100 5575.89037   37  206 5635.00000 5550.40042  1.50%   133  164s
  3532  2243 5619.40265   45  122 5635.00000 5550.40042  1.50%   133  172s
  3714  2369 5595.72736   57  136 5635.00000 5550.88729  1.49%   133  178s
  3942  2548 5555.72584   31  261 5635.00000 5551.16846  1.49%   133  183s
  4033  2610 5588.29029   56  139 5635.00000 5551.16908  1.49%   137  189s
  4200  2757 5560.75663   38  227 5635.00000 5551.16908  1.49%   137  196s
  4431  2936 5590.02141   68  127 5635.00000 5552.65095  1.46%   137  203s
  4605  3087 5564.18193   42  215 5635.00000 5552.72547  1.46%   138  209s
H 4674  2962                    5629.0000000 5552.72547  1.36%   139  209s
  4810  3069 5587.59331   54  117 5629.00000 5552.72547  1.36%   139  216s
  4970  3202 5611.15258   80  134 5629.00000 5552.89011  1.35%   140  222s
  5164  3343 5587.35357   36  194 5629.00000 5552.89011  1.35%   141  230s
  5292  3419 5619.01948   42  147 5629.00000 5554.03186  1.33%   144  237s
H 5424  3475                    5628.0000000 5554.03186  1.31%   145  237s
H 5459  3330                    5625.0000000 5554.03186  1.26%   146  244s
  5697  3521 5607.15598   57  117 5625.00000 5554.52410  1.25%   147  253s
H 5740  3272                    5621.0000000 5554.54312  1.18%   147  253s
  5864  3363 5616.42124   49  131 5621.00000 5554.83233  1.18%   149  262s
  6035  3508 5591.46807   61   84 5621.00000 5555.00701  1.17%   151  270s
  6214  3634 5560.70643   39  246 5621.00000 5555.06311  1.17%   152  280s
  6380  3775 5579.42258   50  143 5621.00000 5555.37388  1.17%   154  289s
  6580  3900 5577.67508   37  200 5621.00000 5555.77996  1.16%   156  299s
  6802  4081 5599.16610   49  182 5621.00000 5556.12256  1.15%   159  310s
  7017  4256 5614.86094   62  140 5621.00000 5556.20257  1.15%   161  321s
  7226  4414 5602.72306   54  109 5621.00000 5556.28467  1.15%   163  333s
  7478  4599 5584.82524   57  183 5621.00000 5556.62491  1.15%   165  346s
  7789  4850 5598.56845   67  146 5621.00000 5556.94211  1.14%   165  358s
  8055  5063 5603.31242   44  160 5621.00000 5557.13411  1.14%   167  371s
H 8366  5157                    5619.0000000 5557.48248  1.09%   168  384s
  8687  5397 5588.96489   60  137 5619.00000 5557.63368  1.09%   169  398s
  9039  5639 5610.31923   69   53 5619.00000 5558.01351  1.09%   171  412s
H 9193  5650                    5618.0000000 5558.01614  1.07%   171  412s
  9297  5709 5590.17646   56  193 5618.00000 5558.33891  1.06%   173  425s
  9699  6019 5593.52132   50  167 5618.00000 5558.63553  1.06%   174  440s
 10025  6260 5575.28281   39  184 5618.00000 5559.26848  1.05%   174  456s
 10461  6599 5570.05925   37  226 5618.00000 5559.39914  1.04%   174  474s
 10694  6753 5585.76134   33  206 5618.00000 5559.47697  1.04%   176  491s
 11116  7088 5610.11010   50  187 5618.00000 5559.93332  1.03%   177  506s
 11325  7226 5585.17785   35  226 5618.00000 5560.16643  1.03%   178  522s
 11798  7605 5566.09309   41  209 5618.00000 5560.63365  1.02%   178  540s
 12227  7933 5578.40322   50  198 5618.00000 5560.76943  1.02%   179  557s
 12568  8180 5600.75501   51  165 5618.00000 5561.10398  1.01%   182  573s
 12911  8416 5570.30088   41  176 5618.00000 5561.29634  1.01%   183  592s
 13310  8692 5597.61238   51  139 5618.00000 5561.53429  1.01%   185  609s
 13702  8952 5594.66470   36  223 5618.00000 5561.71904  1.00%   186  627s
 14105  9243     cutoff   70      5618.00000 5561.96920  1.00%   187  640s
 14237  9335 5576.95852   40  159 5618.00000 5562.07209  1.00%   187  658s
 14615  9597     cutoff   43      5618.00000 5562.14355  0.99%   189  675s
 15032  9881 5565.55576   35  201 5618.00000 5562.39450  0.99%   190  692s
 15555 10308 5582.36806   45  125 5618.00000 5562.60428  0.99%   189  710s
 16033 10642 5609.32992   49  147 5618.00000 5562.76292  0.98%   189  727s
 16442 10955 5575.21030   38  193 5618.00000 5562.93435  0.98%   190  744s
 16920 11326 5616.05723   71  117 5618.00000 5563.09190  0.98%   190  761s
 17298 11574 5596.01745   46  183 5618.00000 5563.33969  0.97%   191  778s
 17761 11890 5596.98327   58   86 5618.00000 5563.45888  0.97%   191  795s
 18226 12199 5584.66043   52  183 5618.00000 5563.74251  0.97%   192  811s
 18571 12431 5574.19960   39  187 5618.00000 5563.93002  0.96%   193  828s
 19014 12767 5571.87361   39  203 5618.00000 5564.04962  0.96%   193  844s
 19538 13168 5593.05327   61  151 5618.00000 5564.22201  0.96%   193  861s
H19962 11876                    5612.0000000 5564.23290  0.85%   193  861s
 20016 11980 5574.28203   46  224 5612.00000 5564.29537  0.85%   193  877s
 20487 12291 5585.39755   46  183 5612.00000 5564.52669  0.85%   193  897s
 20838 12540 5610.95536   82  204 5612.00000 5564.70750  0.84%   194  921s
 20844 12544 5606.88225   78  183 5612.00000 5564.70750  0.84%   194  925s
 20852 12549 5592.56003   71  269 5612.00000 5564.70750  0.84%   194  930s
 20857 12553 5606.51203   94  260 5612.00000 5564.70750  0.84%   194  936s
 20863 12557 5610.15798   79  271 5612.00000 5564.70750  0.84%   194  940s
 20871 12562 5597.34818   38  265 5612.00000 5564.70750  0.84%   194  945s
 20879 12567 5604.44356   96  270 5612.00000 5564.70750  0.84%   194  950s
 20887 12573 5601.28290   83  274 5612.00000 5564.70750  0.84%   193  955s
 20895 12578 5604.96521   96  267 5612.00000 5564.70750  0.84%   193  962s
 20900 12581 5598.89434   61  284 5612.00000 5564.70750  0.84%   193  965s
 20908 12587 5599.33458   61  277 5612.00000 5564.70750  0.84%   193  970s
 20915 12591 5604.96521   96  276 5612.00000 5564.70750  0.84%   193  975s
 20921 12595 5588.23810   56  283 5612.00000 5564.70750  0.84%   193  980s
 20928 12600 5599.33458   61  304 5612.00000 5564.70750  0.84%   193  985s
 20931 12602 5597.34818   38  279 5612.00000 5564.70750  0.84%   193  990s
 20937 12606 5606.51203   94  292 5612.00000 5564.70750  0.84%   193  996s
 20941 12609 5588.23810   56  289 5612.00000 5564.70750  0.84%   193 1005s
 20944 12613 5564.70750   32  272 5612.00000 5564.70750  0.84%   194 1016s
 20945 12613 5564.70750   32  231 5612.00000 5564.70750  0.84%   194 1030s
 20946 12614 5564.70750   33  263 5612.00000 5564.70750  0.84%   194 1039s
 20947 12615 5573.56247   33  215 5612.00000 5564.70750  0.84%   194 1046s
 20948 12615 5564.70750   34  252 5612.00000 5564.70750  0.84%   194 1055s
 20949 12616 5564.70750   34  254 5612.00000 5564.70750  0.84%   194 1064s
 20950 12615 5564.70750   35  273 5612.00000 5564.70750  0.84%   194 1073s
 20951 12619 5566.56979   35  203 5612.00000 5564.70750  0.84%   194 1084s
 20954 12621 5564.70750   36  275 5612.00000 5564.70750  0.84%   194 1111s
 20996 12630 5564.70750   39  254 5612.00000 5564.70750  0.84%   194 1148s
H21205 12092                    5608.0000000 5564.70750  0.77%   195 1185s
 22166 12404 5565.92806   38  173 5608.00000 5564.70750  0.77%   193 1225s
H22949 12098                    5607.0000000 5564.70750  0.75%   194 1263s
 23410 12252 5581.11250   54  166 5607.00000 5564.70750  0.75%   195 1304s
 24408 12621 5600.59810   52  159 5607.00000 5564.70750  0.75%   197 1348s
H24865 11935                    5603.0000000 5564.70750  0.68%   196 1348s
 25630 12272 5579.74525   57  119 5603.00000 5564.70750  0.68%   196 1397s
 26679 12593 5602.30381   68  110 5603.00000 5564.70750  0.68%   198 1453s
 27975 13025 5585.68588   49  185 5603.00000 5565.90273  0.66%   198 1503s
 29270 13393 5583.30764   49  153 5603.00000 5567.11581  0.64%   199 1554s
 30445 13761 5575.92804   49  191 5603.00000 5567.95537  0.63%   200 1609s
 31820 14134 5597.56629   98  116 5603.00000 5569.06467  0.61%   201 1663s
 33363 14544 5584.66386   61  183 5603.00000 5569.72450  0.59%   200 1711s
 34611 14841     cutoff   57      5603.00000 5570.63180  0.58%   201 1763s
 35811 15142 5580.50270   45  225 5603.00000 5571.19489  0.57%   202 1808s
 37022 15463 5598.19275   63  142 5603.00000 5571.74059  0.56%   202 1850s
 38233 15761 5601.13425   54  146 5603.00000 5572.08007  0.55%   202 1895s
 39454 16087 5584.09921   53  171 5603.00000 5572.59337  0.54%   201 1927s
 39891 16177 5582.30109   59  139 5603.00000 5572.65479  0.54%   201 1971s
 41000 16462 5587.63079   47   96 5603.00000 5573.08167  0.53%   201 2010s
 42005 16649     cutoff   41      5603.00000 5573.48954  0.53%   201 2045s
 42942 16821 5583.27750   42  161 5603.00000 5573.75701  0.52%   201 2080s
 43968 17024 5596.76346   53  145 5603.00000 5574.15331  0.51%   201 2112s
 45085 17262 5587.00787   60  150 5603.00000 5574.47123  0.51%   201 2144s
 46122 17562 5589.17530   56  168 5603.00000 5574.65364  0.51%   201 2180s
 47150 17726     cutoff   63      5603.00000 5574.99270  0.50%   200 2228s
 48173 17914 5585.47095   45  153 5603.00000 5575.20256  0.50%   200 2266s
 49024 18031     cutoff   56      5603.00000 5575.42494  0.49%   200 2297s
 49993 18241 5597.52642   75   87 5603.00000 5575.59760  0.49%   200 2327s
 50999 18392 5592.47940   50  156 5603.00000 5575.88128  0.48%   199 2358s
 51918 18514 5586.35360   53  149 5603.00000 5576.08900  0.48%   199 2388s
 52835 18674     cutoff   69      5603.00000 5576.26431  0.48%   199 2416s
 53742 18924 5595.25440   67  169 5603.00000 5576.43020  0.47%   199 2445s
 54549 19372 5584.47663   54   87 5603.00000 5576.58874  0.47%   198 2475s
 55470 19854     cutoff   94      5603.00000 5576.75164  0.47%   198 2505s
 56452 20405 5595.04977   80  100 5603.00000 5576.85222  0.47%   198 2535s
 57260 20809 5586.09465   61  100 5603.00000 5576.99839  0.46%   198 2559s
 57728 21031 5599.56560   80  109 5603.00000 5577.06945  0.46%   198 2589s
 58565 21461 5587.02254   49  165 5603.00000 5577.23484  0.46%   197 2619s
 59444 21900 5589.08932   51  193 5603.00000 5577.36710  0.46%   197 2646s
 60343 22314 5588.27989   51  153 5603.00000 5577.49404  0.46%   197 2672s
 61264 22755     cutoff   65      5603.00000 5577.61771  0.45%   196 2698s
 62120 23123 5589.41007   53  141 5603.00000 5577.76617  0.45%   196 2723s
 63003 23597 5586.85826   40  185 5603.00000 5577.87326  0.45%   196 2749s
 63857 24006 5584.28636   57  167 5603.00000 5578.00267  0.45%   196 2773s
 64768 24421 5597.16777   76  137 5603.00000 5578.11237  0.44%   195 2797s
 65649 24878 5586.81680   57  117 5603.00000 5578.26361  0.44%   195 2822s
 66527 25319 5598.51153   83  144 5603.00000 5578.36588  0.44%   195 2845s
 67406 25724 5591.29218   54  156 5603.00000 5578.47778  0.44%   194 2870s
 68330 26204 5581.43777   61  164 5603.00000 5578.58079  0.44%   194 2892s
 69033 26554 5600.74103   63  103 5603.00000 5578.66039  0.43%   194 2915s
H69309 25744                    5601.0000000 5578.66153  0.40%   193 2915s
 69838 26006 5590.65867   69  161 5601.00000 5578.73348  0.40%   193 2938s
 70695 26417 5585.43691   54  191 5601.00000 5578.88243  0.39%   193 2957s
 71098 26565 5598.14946   63  138 5601.00000 5578.95915  0.39%   193 2980s
 71921 26943 5598.78141   58  161 5601.00000 5579.04967  0.39%   193 3002s
 72689 27253 5593.65435   49  164 5601.00000 5579.17328  0.39%   193 3025s
 73520 27592 5600.34799   66  139 5601.00000 5579.30393  0.39%   192 3047s
 74298 27896     cutoff   82      5601.00000 5579.41059  0.39%   192 3069s
 75050 28200 5599.21366   52   87 5601.00000 5579.53583  0.38%   192 3091s
 76019 28714 5597.59666   79   75 5601.00000 5579.61501  0.38%   191 3115s
H76287 22936                    5597.0000000 5579.61775  0.31%   191 3115s
 76855 23154 5595.98573   40  211 5597.00000 5579.71857  0.31%   191 3136s
 77639 23417 5593.94551   62   82 5597.00000 5579.84674  0.31%   191 3158s
 78431 23683 5594.07277   44  199 5597.00000 5579.95266  0.30%   190 3180s
 79210 23977 5584.41483   57  144 5597.00000 5580.07192  0.30%   190 3198s
 79617 24046 5582.33094   48  143 5597.00000 5580.12274  0.30%   190 3218s
 80394 24299 5592.85852   87   40 5597.00000 5580.19990  0.30%   190 3240s
 81176 24589 5592.53342   56  114 5597.00000 5580.31749  0.30%   190 3262s
 81957 24863     cutoff   52      5597.00000 5580.42969  0.30%   190 3282s
 82690 25097 5595.54318   61   72 5597.00000 5580.54691  0.29%   189 3303s
 83452 25320 5592.33186   62  137 5597.00000 5580.64451  0.29%   189 3322s
 84264 25550 5585.70806   49  156 5597.00000 5580.75867  0.29%   189 3342s
 84936 25729 5588.47975   65   78 5597.00000 5580.84811  0.29%   189 3363s
 85673 25935 5594.51778   55  191 5597.00000 5580.92443  0.29%   189 3382s
 86444 26141 5586.01683  116  126 5597.00000 5581.00736  0.29%   188 3402s
 87235 26409 5586.44287   55  180 5597.00000 5581.12426  0.28%   188 3422s
 87986 26613     cutoff   93      5597.00000 5581.19847  0.28%   188 3443s
 88802 26852     cutoff   63      5597.00000 5581.30150  0.28%   188 3462s
 89529 27023     cutoff   48      5597.00000 5581.40830  0.28%   187 3481s
 90281 27254     cutoff   63      5597.00000 5581.50452  0.28%   187 3499s
 91064 27495 5589.98494   41  175 5597.00000 5581.56669  0.28%   187 3519s
 91816 27658 5595.51437   60  154 5597.00000 5581.64280  0.27%   187 3539s
 92610 27955 5585.36150   61  156 5597.00000 5581.71717  0.27%   187 3557s
 93382 28188 5592.63671   64  158 5597.00000 5581.78062  0.27%   186 3576s
 94069 28368 5592.17030   57  129 5597.00000 5581.85473  0.27%   186 3595s
 94883 28566     cutoff   70      5597.00000 5581.94665  0.27%   186 3613s
 95546 28689     cutoff   43      5597.00000 5582.02615  0.27%   186 3631s
 96326 28908     cutoff   47      5597.00000 5582.10915  0.27%   186 3650s
 97063 29066     cutoff   69      5597.00000 5582.21429  0.26%   185 3667s
 97724 29260     cutoff   55      5597.00000 5582.25915  0.26%   185 3685s
 98486 29507 5592.27774   58  129 5597.00000 5582.32181  0.26%   185 3702s
 99201 29681 5595.16685   54  122 5597.00000 5582.40845  0.26%   185 3718s
 99797 29795 5587.94185   55  115 5597.00000 5582.48093  0.26%   185 3735s
 100505 29957 5591.74496   58  106 5597.00000 5582.57242  0.26%   184 3752s
 101179 30131 5585.34264   54  157 5597.00000 5582.64415  0.26%   184 3768s
 101870 30290     cutoff   57      5597.00000 5582.70550  0.26%   184 3785s
 102567 30421 5592.03559   54  159 5597.00000 5582.79478  0.25%   184 3802s
 103272 30597 5589.16214   69  151 5597.00000 5582.86174  0.25%   184 3820s
 104104 30833 5588.11947   55  136 5597.00000 5582.94233  0.25%   183 3836s
 104741 30965 5585.67191   64  161 5597.00000 5583.00161  0.25%   183 3851s
 105345 31065     cutoff   50      5597.00000 5583.07672  0.25%   183 3868s
 106085 31275 5587.47926   46  148 5597.00000 5583.15211  0.25%   183 3885s
 106803 31440 5594.33772   66  135 5597.00000 5583.19744  0.25%   183 3902s
 107515 31611 5593.62563   43  119 5597.00000 5583.26420  0.25%   182 3918s
 108214 31734 5595.61744   60  137 5597.00000 5583.31672  0.24%   182 3934s
 108865 31881 5590.56513   62  121 5597.00000 5583.38061  0.24%   182 3950s
 109625 32082     cutoff   59      5597.00000 5583.44003  0.24%   182 3965s
 110314 32201 5590.20395   64  167 5597.00000 5583.50213  0.24%   182 3982s
 111005 32398 5584.75921   61  136 5597.00000 5583.54628  0.24%   181 3999s
 111775 32573 5590.34540   54   99 5597.00000 5583.61981  0.24%   181 4015s
 112415 32685     cutoff   88      5597.00000 5583.67488  0.24%   181 4029s
 113100 32842     cutoff   68      5597.00000 5583.73098  0.24%   181 4045s
 113891 33019 5590.55252   52  163 5597.00000 5583.78923  0.24%   180 4060s
 114538 33155 5590.34257   51  111 5597.00000 5583.85067  0.23%   180 4076s
 115255 33313     cutoff   90      5597.00000 5583.90514  0.23%   180 4091s
 115891 33395 5593.16965   57  178 5597.00000 5583.96985  0.23%   180 4105s
 116624 33546 5587.45809   61  128 5597.00000 5584.02138  0.23%   180 4120s
 117265 33675 5593.35543   71  163 5597.00000 5584.07799  0.23%   179 4137s
 117920 33820     cutoff   58      5597.00000 5584.12456  0.23%   179 4151s
 118576 33947 5596.58595   57  182 5597.00000 5584.16333  0.23%   179 4167s
 119330 34151     cutoff   49      5597.00000 5584.22014  0.23%   179 4181s
 120000 34278 5591.16198   55  132 5597.00000 5584.27053  0.23%   178 4194s
 120646 34394     cutoff   46      5597.00000 5584.30311  0.23%   178 4209s
 121375 34557 5590.08873   62  143 5597.00000 5584.34926  0.23%   178 4225s
 122108 34713 5589.65339   64   90 5597.00000 5584.39959  0.23%   178 4238s
 122723 34825     cutoff   52      5597.00000 5584.44305  0.22%   178 4253s
 123437 34990 5594.24568   47  162 5597.00000 5584.49278  0.22%   177 4266s
 124056 35100     cutoff   64      5597.00000 5584.55034  0.22%   177 4282s
 124803 35272     cutoff   66      5597.00000 5584.59202  0.22%   177 4296s
 125450 35389     cutoff   70      5597.00000 5584.63962  0.22%   177 4310s
 126192 35579     cutoff   45      5597.00000 5584.70123  0.22%   176 4324s
 126793 35709     cutoff   64      5597.00000 5584.74994  0.22%   176 4339s
 127462 35782 5590.34484   42  144 5597.00000 5584.79123  0.22%   176 4354s
 127627 35822     cutoff   61      5597.00000 5584.79123  0.22%   176 4355s
 128128 35931 5585.93932   68  152 5597.00000 5584.83617  0.22%   176 4369s
 128832 36084 5590.37875   66  165 5597.00000 5584.87673  0.22%   176 4383s
 129436 36132 5595.01758   55   96 5597.00000 5584.91682  0.22%   176 4396s
 130051 36265 5586.96794   48  122 5597.00000 5584.96758  0.21%   175 4411s
 130810 36439 5590.66574   52  147 5597.00000 5585.00400  0.21%   175 4425s
 131433 36538 5588.42266   55  130 5597.00000 5585.04858  0.21%   175 4438s
 132044 36625 5586.92641   61  115 5597.00000 5585.07684  0.21%   175 4452s
 132671 36755 5592.48008   60  131 5597.00000 5585.13422  0.21%   175 4466s
 133175 36799     cutoff   86      5597.00000 5585.16624  0.21%   174 4476s
 133766 36876     cutoff   83      5597.00000 5585.22385  0.21%   174 4489s
 134437 37011 5590.14145   60   93 5597.00000 5585.25224  0.21%   174 4503s
 135127 37143 5588.72389   64  154 5597.00000 5585.29230  0.21%   174 4516s
 135659 37209 5592.80824   56  149 5597.00000 5585.34224  0.21%   174 4527s
 136273 37317     cutoff   50      5597.00000 5585.38184  0.21%   173 4539s
 136930 37449 5587.89208   48  189 5597.00000 5585.42085  0.21%   173 4553s
 137626 37574     cutoff   46      5597.00000 5585.46867  0.21%   173 4565s
 138240 37642 5595.75103   60  132 5597.00000 5585.50076  0.21%   173 4578s
 138842 37704     cutoff   75      5597.00000 5585.54199  0.20%   173 4588s
 139372 37818 5589.68582   69  126 5597.00000 5585.58512  0.20%   173 4599s
 139913 37884 5591.63325   69  145 5597.00000 5585.63245  0.20%   172 4612s
 140448 37950 5594.92913   56  184 5597.00000 5585.66344  0.20%   172 4625s
 141020 38010     cutoff   60      5597.00000 5585.69971  0.20%   172 4636s
 141596 38076     cutoff   63      5597.00000 5585.73866  0.20%   172 4648s
 142126 38118 5596.63913   47  171 5597.00000 5585.77502  0.20%   172 4660s
 142699 38202 5595.76719   48  144 5597.00000 5585.81896  0.20%   172 4671s
 143195 38240 5590.25428   58  136 5597.00000 5585.86118  0.20%   172 4684s
 143888 38345 5594.90654   84   29 5597.00000 5585.89655  0.20%   171 4696s
 144513 38440 5589.96705   61  145 5597.00000 5585.93505  0.20%   171 4707s
 145042 38479 5591.05838   68  147 5597.00000 5585.97268  0.20%   171 4718s
 145594 38615     cutoff   55      5597.00000 5586.00232  0.20%   171 4729s
 145942 38631     cutoff   51      5597.00000 5586.00816  0.20%   171 4739s
 146452 38683 5594.27250   62  136 5597.00000 5586.05947  0.20%   171 4751s
 146998 38707 5592.58988   70  152 5597.00000 5586.08548  0.20%   171 4763s
 147549 38780     cutoff   60      5597.00000 5586.12568  0.19%   171 4774s
 148007 38803     cutoff   52      5597.00000 5586.15816  0.19%   170 4785s
 148516 38832     cutoff   56      5597.00000 5586.18907  0.19%   170 4794s
 149006 38893 5592.42281   53  179 5597.00000 5586.22431  0.19%   170 4806s
 149567 38965     cutoff   68      5597.00000 5586.26053  0.19%   170 4817s
 150128 39001     cutoff   66      5597.00000 5586.29750  0.19%   170 4829s
 150674 39061 5594.68125   59  157 5597.00000 5586.32274  0.19%   170 4838s
 151181 39147     cutoff   48      5597.00000 5586.35375  0.19%   170 4850s
 151672 39212     cutoff   55      5597.00000 5586.37667  0.19%   170 4860s
 152250 39283     cutoff   52      5597.00000 5586.40647  0.19%   169 4872s
 152779 39303 5595.37511   57  145 5597.00000 5586.43807  0.19%   169 4882s
 153273 39371 5586.83726   54  130 5597.00000 5586.47457  0.19%   169 4893s
 153840 39484 5588.25059   55  108 5597.00000 5586.50549  0.19%   169 4902s
 154287 39486     cutoff   79      5597.00000 5586.53383  0.19%   169 4911s
 154693 39493 5588.49372   55  168 5597.00000 5586.55459  0.19%   169 4920s
 155189 39528     cutoff   52      5597.00000 5586.58467  0.19%   169 4929s
 155654 39586     cutoff   72      5597.00000 5586.61350  0.19%   168 4939s
 156102 39610     cutoff   66      5597.00000 5586.64429  0.19%   168 4951s
 156741 39749     cutoff   63      5597.00000 5586.67561  0.18%   168 4963s
 157269 39783 5588.69678   76  129 5597.00000 5586.69568  0.18%   168 4974s
 157776 39796 5593.87765   64  115 5597.00000 5586.73394  0.18%   168 4982s
 158240 39837 5592.64596   62  172 5597.00000 5586.76252  0.18%   168 4992s
 158817 39927 5589.23954   68  150 5597.00000 5586.79569  0.18%   168 5000s
 159256 39932 5589.76004   50  183 5597.00000 5586.82590  0.18%   168 5011s
 159860 40015     cutoff   67      5597.00000 5586.85922  0.18%   167 5021s
 160440 40119     cutoff   69      5597.00000 5586.89024  0.18%   167 5031s
 160906 40147 5590.66666   55  162 5597.00000 5586.92048  0.18%   167 5040s
 161467 40197     cutoff   54      5597.00000 5586.95031  0.18%   167 5052s
 162064 40272 5596.76321   69   73 5597.00000 5586.97813  0.18%   167 5061s
 162477 40282     cutoff   50      5597.00000 5587.00707  0.18%   167 5070s
 162925 40293 5596.19921   51  158 5597.00000 5587.03422  0.18%   167 5080s
 163408 40350 5590.33739   65  118 5597.00000 5587.06181  0.18%   166 5088s
 163884 40387 5593.64407   58  159 5597.00000 5587.09027  0.18%   166 5098s
 164390 40425 5596.10537   56  138 5597.00000 5587.11511  0.18%   166 5108s
 164897 40474 5588.12467   52  186 5597.00000 5587.14372  0.18%   166 5119s
 165466 40526     cutoff   63      5597.00000 5587.17268  0.18%   166 5129s
 166009 40602     cutoff   60      5597.00000 5587.19912  0.18%   166 5137s
 166460 40626 5587.47972   62  138 5597.00000 5587.22568  0.17%   166 5146s
 166955 40627 5595.10990   64  167 5597.00000 5587.25347  0.17%   166 5154s
 167410 40651 5587.91122   58  142 5597.00000 5587.27862  0.17%   165 5164s
 167914 40699 5595.12307   47  125 5597.00000 5587.30298  0.17%   165 5174s
 168374 40717     cutoff   60      5597.00000 5587.32449  0.17%   165 5183s
 168828 40743     cutoff   88      5597.00000 5587.35209  0.17%   165 5192s
 169259 40744     cutoff   54      5597.00000 5587.37764  0.17%   165 5199s
 169673 40731     cutoff   53      5597.00000 5587.40345  0.17%   165 5207s
 170138 40781     cutoff   78      5597.00000 5587.42729  0.17%   165 5217s
 170635 40783 5589.79031   55  181 5597.00000 5587.45259  0.17%   165 5226s
 171129 40827 5591.77033   57  120 5597.00000 5587.48080  0.17%   165 5233s
 171608 40851 5591.23585   68   97 5597.00000 5587.50503  0.17%   164 5243s
 172184 40917 5589.47027   57  113 5597.00000 5587.53115  0.17%   164 5252s
 172722 40962 5591.63115   53  139 5597.00000 5587.55442  0.17%   164 5260s
 173129 40988     cutoff   63      5597.00000 5587.57897  0.17%   164 5269s
 173647 41072     cutoff   68      5597.00000 5587.60368  0.17%   164 5279s
 174096 41061 5596.46722   58  147 5597.00000 5587.62751  0.17%   164 5289s
 174642 41102 5589.33294   65  113 5597.00000 5587.65738  0.17%   164 5297s
 175106 41128     cutoff   55      5597.00000 5587.68305  0.17%   163 5306s
 175568 41130     cutoff   58      5597.00000 5587.71186  0.17%   163 5313s
 175934 41135 5589.80341   56  148 5597.00000 5587.73202  0.17%   163 5322s
 176372 41149 5590.55912   82  118 5597.00000 5587.75281  0.17%   163 5329s
 176451 41149     cutoff   59      5597.00000 5587.75281  0.17%   163 5330s
 176811 41176 5590.77844   54  154 5597.00000 5587.77762  0.16%   163 5339s
 177332 41218     cutoff   47      5597.00000 5587.80204  0.16%   163 5347s
 177731 41216     cutoff   68      5597.00000 5587.82729  0.16%   163 5353s
 178062 41207 5589.17359   51  164 5597.00000 5587.85112  0.16%   163 5360s
 178490 41193 5591.88182   51  138 5597.00000 5587.87453  0.16%   163 5368s
 178899 41189     cutoff   56      5597.00000 5587.89698  0.16%   162 5374s
 179278 41178 5589.99451   59  130 5597.00000 5587.91917  0.16%   162 5381s
 179719 41181     cutoff   81      5597.00000 5587.94415  0.16%   162 5388s
 180062 41162 5591.45706   44  152 5597.00000 5587.96864  0.16%   162 5397s
 180594 41198     cutoff   51      5597.00000 5587.98859  0.16%   162 5405s
 181062 41233     cutoff   54      5597.00000 5588.01421  0.16%   162 5411s
 181400 41201 5590.68556   53  135 5597.00000 5588.03880  0.16%   162 5419s
 181753 41176 5594.89256   74  108 5597.00000 5588.06268  0.16%   162 5429s
 182276 41217 5592.01373   53  148 5597.00000 5588.08201  0.16%   162 5435s
 182672 41220 5594.06838   46  172 5597.00000 5588.10430  0.16%   162 5442s
 183071 41201     cutoff   46      5597.00000 5588.12344  0.16%   161 5447s
 183402 41185 5596.50235   84  119 5597.00000 5588.14758  0.16%   161 5454s
 183768 41181     cutoff   46      5597.00000 5588.16942  0.16%   161 5462s
 184175 41162     cutoff   55      5597.00000 5588.19238  0.16%   161 5470s
 184660 41171     cutoff   77      5597.00000 5588.21862  0.16%   161 5477s
 185029 41179 5594.58812   65  121 5597.00000 5588.24063  0.16%   161 5485s
 185480 41187     cutoff   76      5597.00000 5588.26218  0.16%   161 5491s
 185872 41167 5591.48441   71  126 5597.00000 5588.28367  0.16%   161 5500s
 186302 41165     cutoff   69      5597.00000 5588.30696  0.16%   161 5506s
 186694 41188 5588.91257   65  108 5597.00000 5588.33253  0.15%   161 5513s
 187089 41172 5592.31300   64  128 5597.00000 5588.35148  0.15%   160 5521s
 187596 41231     cutoff   62      5597.00000 5588.37523  0.15%   160 5530s
 187996 41228     cutoff   62      5597.00000 5588.39941  0.15%   160 5536s
 188367 41207     cutoff   65      5597.00000 5588.41732  0.15%   160 5542s
 188686 41208     cutoff   55      5597.00000 5588.44003  0.15%   160 5549s
 189054 41188     cutoff   62      5597.00000 5588.46007  0.15%   160 5554s
 189412 41179     cutoff   48      5597.00000 5588.47825  0.15%   160 5561s
 189798 41174     cutoff   54      5597.00000 5588.50005  0.15%   160 5567s
 190170 41186     cutoff   79      5597.00000 5588.51991  0.15%   160 5575s
 190536 41192     cutoff   56      5597.00000 5588.52697  0.15%   160 5582s
 190949 41200     cutoff   71      5597.00000 5588.55556  0.15%   159 5588s
 191295 41200     cutoff   58      5597.00000 5588.57606  0.15%   159 5594s
 191608 41173     cutoff   47      5597.00000 5588.59310  0.15%   159 5601s
 191976 41154     cutoff   73      5597.00000 5588.61445  0.15%   159 5607s
 192319 41100     cutoff   68      5597.00000 5588.63464  0.15%   159 5613s
 192685 41085     cutoff   73      5597.00000 5588.65712  0.15%   159 5619s
 193051 41081 5595.58183   51  162 5597.00000 5588.67535  0.15%   159 5627s
 193536 41109     cutoff   53      5597.00000 5588.69572  0.15%   159 5633s
 193861 41068 5593.18804   68  130 5597.00000 5588.71606  0.15%   159 5639s
 194257 41059 5590.64443   65  138 5597.00000 5588.73477  0.15%   159 5647s
 194721 41063     cutoff   71      5597.00000 5588.75655  0.15%   159 5653s
 195164 41081 5595.23812   77   51 5597.00000 5588.77363  0.15%   158 5658s
 195480 41032 5591.54825   55   90 5597.00000 5588.79105  0.15%   158 5665s
 195881 41034 5591.46455   71  153 5597.00000 5588.81202  0.15%   158 5671s
 196275 41047     cutoff   68      5597.00000 5588.83395  0.15%   158 5677s
 196646 41051 5593.04883   66  125 5597.00000 5588.85012  0.15%   158 5683s
 197027 41035     cutoff   63      5597.00000 5588.86982  0.15%   158 5688s
 197355 40980 5590.22998   58  135 5597.00000 5588.88442  0.14%   158 5695s
 197664 40952 5590.47079   78   89 5597.00000 5588.90328  0.14%   158 5700s
 198017 40929     cutoff   59      5597.00000 5588.92063  0.14%   158 5707s
 198436 40931     cutoff   45      5597.00000 5588.93873  0.14%   158 5714s
 198847 40938 5593.39003   73   85 5597.00000 5588.95469  0.14%   158 5721s
 199228 40916 5595.09755   58  131 5597.00000 5588.97143  0.14%   158 5726s
 199567 40899 5589.98984   64  126 5597.00000 5588.98934  0.14%   157 5732s
 199914 40859     cutoff   77      5597.00000 5589.00760  0.14%   157 5737s
 200244 40821     cutoff   66      5597.00000 5589.02420  0.14%   157 5743s
 200597 40765 5589.49882   49  137 5597.00000 5589.04246  0.14%   157 5749s
 200903 40730     cutoff   47      5597.00000 5589.06243  0.14%   157 5756s
 201293 40703     cutoff   52      5597.00000 5589.07999  0.14%   157 5762s
 201713 40695     cutoff   71      5597.00000 5589.09859  0.14%   157 5769s
 202094 40669 5591.85853   81   89 5597.00000 5589.11595  0.14%   157 5774s
 202429 40667 5590.07948   49  157 5597.00000 5589.13554  0.14%   157 5778s
 202745 40631 5590.25073   49  134 5597.00000 5589.15463  0.14%   157 5784s
 203083 40613 5596.51297   52   98 5597.00000 5589.17029  0.14%   157 5789s
 203480 40607     cutoff   76      5597.00000 5589.18819  0.14%   156 5794s
 203787 40573     cutoff   71      5597.00000 5589.20673  0.14%   156 5798s
 204097 40554 5590.11004   58  107 5597.00000 5589.22411  0.14%   156 5804s
 204446 40533     cutoff  148      5597.00000 5589.24019  0.14%   156 5810s
 204792 40493 5593.12502   57  186 5597.00000 5589.25819  0.14%   156 5815s
 205147 40463 5596.55059   65  115 5597.00000 5589.27497  0.14%   156 5821s
 205443 40415     cutoff   58      5597.00000 5589.29542  0.14%   156 5825s
 205730 40361     cutoff   51      5597.00000 5589.31241  0.14%   156 5831s
 206078 40335     cutoff   55      5597.00000 5589.33021  0.14%   156 5836s
 206407 40295     cutoff   60      5597.00000 5589.34781  0.14%   156 5843s
 206785 40287     cutoff   86      5597.00000 5589.36453  0.14%   156 5849s
 207116 40263     cutoff   59      5597.00000 5589.38290  0.14%   156 5854s
 207432 40234     cutoff   52      5597.00000 5589.40000  0.14%   156 5860s
 208156 40215     cutoff   75      5597.00000 5589.43234  0.14%   155 5870s
 208832 40196 5591.29171   62  129 5597.00000 5589.46527  0.13%   155 5883s
 209132 40154 5592.36218   74   87 5597.00000 5589.47720  0.13%   155 5889s
 209461 40119     cutoff   55      5597.00000 5589.49475  0.13%   155 5894s
 209791 40074     cutoff   57      5597.00000 5589.51258  0.13%   155 5900s
 210084 40039     cutoff   64      5597.00000 5589.52732  0.13%   155 5906s
 210479 40014     cutoff   74      5597.00000 5589.54374  0.13%   155 5911s
 210775 39964 5596.89457   55  147 5597.00000 5589.55934  0.13%   155 5916s
 211177 39961     cutoff   65      5597.00000 5589.57655  0.13%   155 5921s
 211513 39936     cutoff   71      5597.00000 5589.59358  0.13%   155 5927s
 211884 39911     cutoff   60      5597.00000 5589.61049  0.13%   154 5933s
 212166 39849     cutoff   61      5597.00000 5589.62418  0.13%   154 5940s
 212874 39778     cutoff   65      5597.00000 5589.65651  0.13%   154 5948s
 213097 39726     cutoff   80      5597.00000 5589.67663  0.13%   154 5953s
 213442 39708 5595.26197   71  103 5597.00000 5589.69023  0.13%   154 5958s
 213737 39670 5595.89255   60   74 5597.00000 5589.70962  0.13%   154 5963s
 214099 39645 5594.53354   64  139 5597.00000 5589.72379  0.13%   154 5967s
 214413 39624 5590.43976   63   78 5597.00000 5589.73962  0.13%   154 5973s
 214762 39582     cutoff   56      5597.00000 5589.75513  0.13%   154 5978s
 215177 39566 5591.08071   55  155 5597.00000 5589.77007  0.13%   154 5984s
 215525 39544     cutoff   70      5597.00000 5589.78602  0.13%   154 5989s
 215820 39487 5590.31445   65   81 5597.00000 5589.79999  0.13%   154 5995s
 216165 39464 5596.81276   83   81 5597.00000 5589.81686  0.13%   153 6000s
 216538 39455     cutoff   50      5597.00000 5589.83155  0.13%   153 6006s
 216916 39442 5592.49638   62  145 5597.00000 5589.84461  0.13%   153 6011s
 217232 39400     cutoff   62      5597.00000 5589.86005  0.13%   153 6017s
 217511 39362 5596.77008   91   28 5597.00000 5589.87374  0.13%   153 6022s
 217842 39315     cutoff   50      5597.00000 5589.88741  0.13%   153 6026s
 218095 39259     cutoff   65      5597.00000 5589.90354  0.13%   153 6030s
 218402 39212 5592.52332   76   75 5597.00000 5589.91548  0.13%   153 6035s
 218729 39179     cutoff   64      5597.00000 5589.93055  0.13%   153 6041s
 219024 39138 5596.36790   60  146 5597.00000 5589.94686  0.13%   153 6046s
 219414 39113 5592.91905   50  173 5597.00000 5589.96141  0.13%   153 6051s
 219691 39067     cutoff   78      5597.00000 5589.97551  0.13%   153 6055s
 219958 39020     cutoff   70      5597.00000 5589.99108  0.13%   153 6060s
 220257 38974 5594.37376   82  107 5597.00000 5590.00484  0.12%   153 6065s
 220564 38926 5590.54267   51  117 5597.00000 5590.02026  0.12%   152 6070s
 221122 38833 5595.01276   64   63 5597.00000 5590.04943  0.12%   152 6079s
 221536 38831     cutoff  127      5597.00000 5590.06501  0.12%   152 6083s
 221811 38790     cutoff   59      5597.00000 5590.07776  0.12%   152 6087s
 222107 38741     cutoff   74      5597.00000 5590.09324  0.12%   152 6092s
 222448 38712 5595.05688   57  135 5597.00000 5590.11036  0.12%   152 6100s
 223074 38642     cutoff   54      5597.00000 5590.14037  0.12%   152 6108s
 223383 38610     cutoff   65      5597.00000 5590.15647  0.12%   152 6113s
 223694 38563     cutoff   59      5597.00000 5590.16997  0.12%   152 6116s
 223973 38536     cutoff   60      5597.00000 5590.18629  0.12%   152 6123s
 224396 38516     cutoff   59      5597.00000 5590.20024  0.12%   152 6128s
 224732 38488     cutoff  103      5597.00000 5590.21312  0.12%   151 6133s
 225038 38444 5594.60472   60  180 5597.00000 5590.22606  0.12%   151 6136s
 225344 38409     cutoff   72      5597.00000 5590.23922  0.12%   151 6142s
 225689 38397 5594.06545   59   97 5597.00000 5590.25184  0.12%   151 6145s
 226266 38296 5596.76175   62  108 5597.00000 5590.28086  0.12%   151 6153s
 226566 38252 5591.96890   54  167 5597.00000 5590.29704  0.12%   151 6157s
 226860 38200     cutoff   60      5597.00000 5590.31004  0.12%   151 6162s
 227144 38150     cutoff   62      5597.00000 5590.32303  0.12%   151 6166s
 227467 38118     cutoff   54      5597.00000 5590.33763  0.12%   151 6170s
 228014 38016 5590.65892   96   94 5597.00000 5590.36539  0.12%   151 6180s
 228686 37931     cutoff   69      5597.00000 5590.39426  0.12%   151 6188s
 228988 37899 5590.54256   57  125 5597.00000 5590.40834  0.12%   150 6192s
 229274 37845 5592.15154   57  148 5597.00000 5590.42255  0.12%   150 6196s
 229521 37788 5593.10314   65  137 5597.00000 5590.43463  0.12%   150 6200s
 230139 37714     cutoff   78      5597.00000 5590.46289  0.12%   150 6208s
 230441 37668     cutoff   71      5597.00000 5590.47706  0.12%   150 6212s
 230664 37602 5594.12635   66   92 5597.00000 5590.48805  0.12%   150 6216s
 230947 37555     cutoff   70      5597.00000 5590.50102  0.12%   150 6220s
 231231 37510     cutoff   60      5597.00000 5590.51188  0.12%   150 6225s
 231544 37473     cutoff   69      5597.00000 5590.52630  0.12%   150 6231s
 231782 37413     cutoff   80      5597.00000 5590.53883  0.12%   150 6235s
 232314 37316 5596.16037   64  155 5597.00000 5590.56561  0.11%   150 6242s
 232675 37175     cutoff   61      5597.00000 5590.58366  0.11%   150 6247s
 232960 37114     cutoff   44      5597.00000 5590.59985  0.11%   150 6250s
 233514 37010 5593.54942  119   16 5597.00000 5590.62708  0.11%   149 6258s
 233750 36941     cutoff   70      5597.00000 5590.64067  0.11%   149 6263s
 234048 36892     cutoff   66      5597.00000 5590.65317  0.11%   149 6267s
 234302 36827     cutoff   83      5597.00000 5590.66842  0.11%   149 6271s
 234828 36722 5596.06818   87   98 5597.00000 5590.69333  0.11%   149 6278s
 235091 36665     cutoff   61      5597.00000 5590.70683  0.11%   149 6281s
 235331 36603 5596.00495   62  150 5597.00000 5590.71871  0.11%   149 6286s
 235645 36571 5591.21460   53  156 5597.00000 5590.73040  0.11%   149 6291s
 235932 36507     cutoff   62      5597.00000 5590.74170  0.11%   149 6295s
 236373 36374 5594.02723   50  147 5597.00000 5590.77133  0.11%   149 6301s
 236625 36319 5594.38665   59  130 5597.00000 5590.78506  0.11%   149 6305s
 237161 36233 5595.57621   68   94 5597.00000 5590.80991  0.11%   149 6312s
 237460 36198 5592.76629   67   73 5597.00000 5590.82089  0.11%   149 6316s
 237974 36109     cutoff   63      5597.00000 5590.84597  0.11%   148 6321s
 238397 35973     cutoff   68      5597.00000 5590.86906  0.11%   148 6328s
 238698 35927     cutoff   72      5597.00000 5590.88069  0.11%   148 6332s
 238921 35879     cutoff   58      5597.00000 5590.89356  0.11%   148 6336s
 239182 35832     cutoff   75      5597.00000 5590.90675  0.11%   148 6340s
 239725 35738     cutoff   59      5597.00000 5590.93216  0.11%   148 6346s
 239969 35675     cutoff   56      5597.00000 5590.94509  0.11%   148 6350s
 240449 35553     cutoff   52      5597.00000 5590.96881  0.11%   148 6355s
 240879 35426     cutoff   45      5597.00000 5590.99461  0.11%   148 6361s
 241086 35359 5596.42444   53  159 5597.00000 5591.00749  0.11%   148 6365s
 241591 35245     cutoff   58      5597.00000 5591.03030  0.11%   148 6371s
 241843 35189     cutoff   53      5597.00000 5591.04280  0.11%   147 6375s
 242426 35110     cutoff   72      5597.00000 5591.06983  0.11%   147 6381s
 242912 34993 5592.94788   51  157 5597.00000 5591.09043  0.11%   147 6389s
 243221 34936     cutoff   55      5597.00000 5591.10294  0.11%   147 6392s
 243480 34883     cutoff   60      5597.00000 5591.11417  0.11%   147 6396s
 243727 34818     cutoff   58      5597.00000 5591.12726  0.10%   147 6401s
 244305 34717     cutoff   64      5597.00000 5591.15351  0.10%   147 6406s
 244490 34656     cutoff   98      5597.00000 5591.16782  0.10%   147 6410s
 245007 34524     cutoff   63      5597.00000 5591.19397  0.10%   147 6416s
 245585 34423     cutoff  101      5597.00000 5591.21955  0.10%   147 6423s
 245861 34358     cutoff   80      5597.00000 5591.23153  0.10%   147 6426s
 246282 34218     cutoff   59      5597.00000 5591.25572  0.10%   146 6432s
 246509 34159     cutoff   64      5597.00000 5591.26852  0.10%   146 6437s
 246957 34035 5593.48046   74   89 5597.00000 5591.29323  0.10%   146 6442s
 247179 33966 5593.26065   46  172 5597.00000 5591.30535  0.10%   146 6446s
 247694 33871     cutoff   66      5597.00000 5591.32918  0.10%   146 6451s
 248126 33745     cutoff   54      5597.00000 5591.35122  0.10%   146 6457s
 248383 33694     cutoff   58      5597.00000 5591.36463  0.10%   146 6461s
 248639 33634     cutoff   86      5597.00000 5591.37550  0.10%   146 6465s
 249201 33516     cutoff   91      5597.00000 5591.40130  0.10%   146 6471s
 249638 33381     cutoff   58      5597.00000 5591.42355  0.10%   146 6477s
 249869 33314     cutoff   66      5597.00000 5591.43694  0.10%   146 6480s
 250314 33182     cutoff   68      5597.00000 5591.45932  0.10%   146 6485s
 250922 32971     cutoff   67      5597.00000 5591.49005  0.10%   145 6492s
 251139 32907 5596.50636   50  186 5597.00000 5591.50195  0.10%   145 6495s
 251646 32796 5593.03575   58  155 5597.00000 5591.52585  0.10%   145 6500s
 252073 32679 5596.65133   70  127 5597.00000 5591.54850  0.10%   145 6506s
 252496 32543     cutoff   87      5597.00000 5591.57178  0.10%   145 6511s
 252896 32401     cutoff   59      5597.00000 5591.59253  0.10%   145 6515s
 253251 32256     cutoff   68      5597.00000 5591.61352  0.10%   145 6520s
 253662 32118 5594.84694   64  136 5597.00000 5591.63635  0.10%   145 6525s
 254036 31968 5594.91718   82   53 5597.00000 5591.66130  0.10%   145 6530s
 254453 31834     cutoff   65      5597.00000 5591.68291  0.09%   145 6536s
 254887 31707     cutoff   70      5597.00000 5591.70616  0.09%   144 6540s
 255312 31565     cutoff   67      5597.00000 5591.72668  0.09%   144 6545s
 255822 31448     cutoff   52      5597.00000 5591.75176  0.09%   144 6550s
 256331 31218 5593.45914   68  120 5597.00000 5591.78775  0.09%   144 6558s
 256593 31151 5593.53948   58  159 5597.00000 5591.79784  0.09%   144 6561s
 257045 31012 5595.73443   54  141 5597.00000 5591.82005  0.09%   144 6566s
 257456 30894     cutoff  102      5597.00000 5591.84121  0.09%   144 6571s
 257873 30757     cutoff   93      5597.00000 5591.86273  0.09%   144 6575s
 258498 30555     cutoff   97      5597.00000 5591.89754  0.09%   144 6581s
 258854 30412     cutoff   60      5597.00000 5591.91915  0.09%   143 6585s
 259268 30272 5596.93573   50  154 5597.00000 5591.94080  0.09%   143 6590s
 259687 30142     cutoff   83      5597.00000 5591.95905  0.09%   143 6595s
 260089 30004 5596.64427   53  136 5597.00000 5591.98089  0.09%   143 6600s
 260494 29869 5596.64765   72   91 5597.00000 5592.00286  0.09%   143 6605s
 261111 29670 5595.18820   79  117 5597.00000 5592.03861  0.09%   143 6611s
 261490 29519 5595.56327   58  147 5597.00000 5592.06030  0.09%   143 6616s
 261907 29370     cutoff  101      5597.00000 5592.08161  0.09%   143 6620s
 262447 29150     cutoff   60      5597.00000 5592.11617  0.09%   143 6626s
 262845 29018     cutoff   55      5597.00000 5592.13882  0.09%   142 6630s
 263448 28793     cutoff   63      5597.00000 5592.16939  0.09%   142 6636s
 263819 28639 5596.59762   66  149 5597.00000 5592.18990  0.09%   142 6640s
 264178 28491     cutoff   57      5597.00000 5592.21021  0.09%   142 6645s
 264785 28282     cutoff   74      5597.00000 5592.24138  0.09%   142 6651s
 265142 28131 5594.22706   87   66 5597.00000 5592.26118  0.08%   142 6655s
 265547 28000     cutoff   58      5597.00000 5592.28190  0.08%   142 6660s
 266110 27781     cutoff   70      5597.00000 5592.31565  0.08%   142 6666s
 266471 27635 5594.60218   54  144 5597.00000 5592.33753  0.08%   142 6671s
 267044 27412     cutoff   64      5597.00000 5592.36654  0.08%   141 6676s
 267459 27269 5596.26392   84   86 5597.00000 5592.38659  0.08%   141 6680s
 267967 27044 5596.10444   68  115 5597.00000 5592.42173  0.08%   141 6687s
 268358 26917 5594.37010   75  107 5597.00000 5592.44246  0.08%   141 6692s
 268783 26773     cutoff   85      5597.00000 5592.46194  0.08%   141 6696s
 269277 26551     cutoff   73      5597.00000 5592.49278  0.08%   141 6701s
 269619 26407     cutoff   62      5597.00000 5592.51649  0.08%   141 6705s
 269973 26283     cutoff   76      5597.00000 5592.53693  0.08%   141 6716s
 270463 26054 5596.77161   62  135 5597.00000 5592.56990  0.08%   141 6720s
 270945 25822     cutoff   51      5597.00000 5592.59902  0.08%   141 6726s
 271449 25589     cutoff   69      5597.00000 5592.62829  0.08%   140 6731s
 271791 25439     cutoff   67      5597.00000 5592.64790  0.08%   140 6735s
 272351 25219     cutoff   73      5597.00000 5592.67804  0.08%   140 6740s
 272842 24992 5593.24703   71  124 5597.00000 5592.70984  0.08%   140 6745s
 273330 24767     cutoff   86      5597.00000 5592.74079  0.08%   140 6750s
 274000 24467     cutoff   67      5597.00000 5592.78433  0.08%   140 6756s
 274337 24313     cutoff   72      5597.00000 5592.80343  0.07%   140 6760s
 274970 24008     cutoff   53      5597.00000 5592.84614  0.07%   139 6765s
 275319 23863     cutoff   79      5597.00000 5592.86686  0.07%   139 6770s
 275881 23631     cutoff   68      5597.00000 5592.89784  0.07%   139 6776s
 276362 23387     cutoff   62      5597.00000 5592.93025  0.07%   139 6781s
 276781 23147 5593.94059   86  108 5597.00000 5592.96212  0.07%   139 6785s
 277368 22830 5594.84735   88   41 5597.00000 5593.00205  0.07%   139 6790s
 277849 22592 5593.28832   58  110 5597.00000 5593.03156  0.07%   139 6795s
 278297 22356     cutoff   63      5597.00000 5593.06354  0.07%   139 6800s
 278781 22125 5596.78526   53  139 5597.00000 5593.09527  0.07%   138 6805s
 279395 21809     cutoff  125      5597.00000 5593.13542  0.07%   138 6810s
 279894 21584 5594.76863   52  170 5597.00000 5593.16435  0.07%   138 6815s
 280374 21353 5595.53582   54  152 5597.00000 5593.19592  0.07%   138 6820s
 280838 21123     cutoff   72      5597.00000 5593.22584  0.07%   138 6825s
 281398 20797     cutoff   75      5597.00000 5593.27180  0.07%   138 6830s
 281981 20473     cutoff   56      5597.00000 5593.31013  0.07%   138 6835s
 282562 20162     cutoff   71      5597.00000 5593.34662  0.07%   137 6842s
 282975 19924     cutoff   97      5597.00000 5593.37738  0.06%   137 6845s
 283618 19620 5596.75419   68  163 5597.00000 5593.41710  0.06%   137 6850s
 284211 19307     cutoff   59      5597.00000 5593.45717  0.06%   137 6855s
 284795 19002 5595.63461   63  117 5597.00000 5593.49700  0.06%   137 6860s
 285352 18674     cutoff   96      5597.00000 5593.53755  0.06%   137 6865s
 285767 18432 5596.19137   64   97 5597.00000 5593.56578  0.06%   137 6870s
 286455 18027     cutoff   63      5597.00000 5593.61426  0.06%   136 6875s
 287152 17621     cutoff   96      5597.00000 5593.66791  0.06%   136 6880s
 287766 17211     cutoff   53      5597.00000 5593.71766  0.06%   136 6885s
 288466 16806     cutoff   60      5597.00000 5593.77116  0.06%   136 6890s
 289144 16399 5595.94467  150   38 5597.00000 5593.81871  0.06%   136 6895s
 289771 15983     cutoff   77      5597.00000 5593.86789  0.06%   135 6900s
 290456 15582     cutoff   75      5597.00000 5593.91705  0.06%   135 6905s
 290950 15257     cutoff   56      5597.00000 5593.95755  0.05%   135 6910s
 291599 14847     cutoff   63      5597.00000 5594.00634  0.05%   135 6915s
 292352 14364 5594.92089   69   82 5597.00000 5594.06889  0.05%   135 6920s
 293097 13868     cutoff   62      5597.00000 5594.12748  0.05%   134 6925s
 293772 13460     cutoff   68      5597.00000 5594.17918  0.05%   134 6930s
 294503 12971     cutoff   71      5597.00000 5594.24769  0.05%   134 6935s
 295182 12474     cutoff   56      5597.00000 5594.31265  0.05%   134 6940s
 296009 11887     cutoff   74      5597.00000 5594.39072  0.05%   134 6945s
 296755 11389     cutoff   72      5597.00000 5594.45646  0.05%   133 6950s
 297557 10810 5595.97877   85   45 5597.00000 5594.53406  0.04%   133 6955s
 298403 10139     cutoff   68      5597.00000 5594.62758  0.04%   133 6960s
 299272  9477     cutoff   54      5597.00000 5594.72971  0.04%   133 6965s
 300289  8730     cutoff   61      5597.00000 5594.84550  0.04%   132 6970s
 301230  7979     cutoff   62      5597.00000 5594.96810  0.04%   132 6975s
 302173  7224     cutoff   63      5597.00000 5595.09088  0.03%   132 6980s
 303173  6385     cutoff   53      5597.00000 5595.23161  0.03%   131 6985s
 304174  5631     cutoff   74      5597.00000 5595.37035  0.03%   131 6990s
 305212  4793 5596.13709   54  166 5597.00000 5595.53298  0.03%   131 6995s
 306315  3871     cutoff   69      5597.00000 5595.73472  0.02%   130 7000s
 307583  2779     cutoff   52      5597.00000 5596.01081  0.02%   130 7005s
 308900  1603     cutoff   58      5597.00000 5596.35813  0.01%   129 7010s

Cutting planes:
  Gomory: 1
  Cover: 2
  MIR: 396
  Flow cover: 468
  Zero half: 2
  Network: 10

Explored 309266 nodes (39972513 simplex iterations) in 7011.26 seconds
Thread count was 4 (of 4 available processors)

Optimal solution found (tolerance 1.00e-04)
Best objective 5.597000000000e+03, best bound 5.596467267120e+03, gap 0.0095%


Gurobi 6.5.1 (mac64) logging started Thu May  5 09:06:29 2016

Optimize a model with 8 rows, 8 columns and 16 nonzeros
Coefficient statistics:
  Matrix range    [1e+00, 1e+01]
  Objective range [1e+00, 5e+00]
  Bounds range    [1e+00, 1e+00]
  RHS range       [5e+00, 2e+01]
Found heuristic solution: objective 60
Presolve removed 8 rows and 8 columns
Presolve time: 0.00s
Presolve: All rows and columns removed

Explored 0 nodes (0 simplex iterations) in 0.01 seconds
Thread count was 1 (of 4 available processors)

Optimal solution found (tolerance 1.00e-04)
Best objective 6.000000000000e+01, best bound 6.000000000000e+01, gap 0.0%
