
Gurobi 6.5.1 (mac64) logging started Wed Apr 27 16:45:33 2016

Optimize a model with 19 rows, 24 columns and 48 nonzeros
Coefficient statistics:
  Matrix range    [1e+00, 4e+01]
  Objective range [1e+00, 3e+01]
  Bounds range    [1e+00, 1e+00]
  RHS range       [1e+01, 5e+01]
Found heuristic solution: objective 430
Presolve time: 0.00s
Presolved: 19 rows, 24 columns, 48 nonzeros

MIP start did not produce a new incumbent solution

Variable types: 12 continuous, 12 integer (12 binary)

Root relaxation: objective 3.216667e+02, 13 iterations, 0.00 seconds

    Nodes    |    Current Node    |     Objective Bounds      |     Work
 Expl Unexpl |  Obj  Depth IntInf | Incumbent    BestBd   Gap | It/Node Time

     0     0  321.66667    0    3  430.00000  321.66667  25.2%     -    0s
H    0     0                     360.0000000  321.66667  10.6%     -    0s
     0     0  348.33333    0    3  360.00000  348.33333  3.24%     -    0s
*    0     0               0     350.0000000  350.00000  0.00%     -    0s

Cutting planes:
  Gomory: 2
  Cover: 3
  Implied bound: 1
  MIR: 3
  Flow cover: 3
  Network: 1

Explored 0 nodes (22 simplex iterations) in 0.02 seconds
Thread count was 4 (of 4 available processors)

Optimal solution found (tolerance 1.00e-04)
Best objective 3.500000000000e+02, best bound 3.500000000000e+02, gap 0.0%

Gurobi 6.5.1 (mac64) logging started Wed Apr 27 16:54:32 2016

Optimize a model with 19 rows, 24 columns and 48 nonzeros
Coefficient statistics:
  Matrix range    [1e+00, 4e+01]
  Objective range [1e+00, 3e+01]
  Bounds range    [1e+00, 1e+00]
  RHS range       [1e+01, 5e+01]
Found heuristic solution: objective 430
Presolve time: 0.00s
Presolved: 19 rows, 24 columns, 48 nonzeros

MIP start did not produce a new incumbent solution

Variable types: 12 continuous, 12 integer (12 binary)

Root relaxation: objective 3.216667e+02, 13 iterations, 0.00 seconds

    Nodes    |    Current Node    |     Objective Bounds      |     Work
 Expl Unexpl |  Obj  Depth IntInf | Incumbent    BestBd   Gap | It/Node Time

     0     0  321.66667    0    3  430.00000  321.66667  25.2%     -    0s
H    0     0                     360.0000000  321.66667  10.6%     -    0s
     0     0  348.33333    0    3  360.00000  348.33333  3.24%     -    0s
*    0     0               0     350.0000000  350.00000  0.00%     -    0s

Cutting planes:
  Gomory: 2
  Cover: 3
  Implied bound: 1
  MIR: 3
  Flow cover: 3
  Network: 1

Explored 0 nodes (22 simplex iterations) in 0.02 seconds
Thread count was 4 (of 4 available processors)

Optimal solution found (tolerance 1.00e-04)
Best objective 3.500000000000e+02, best bound 3.500000000000e+02, gap 0.0%

Gurobi 6.5.1 (mac64) logging started Wed Apr 27 16:56:05 2016

Optimize a model with 19 rows, 24 columns and 48 nonzeros
Coefficient statistics:
  Matrix range    [1e+00, 4e+01]
  Objective range [1e+00, 3e+01]
  Bounds range    [1e+00, 1e+00]
  RHS range       [1e+01, 5e+01]
Found heuristic solution: objective 430
Presolve time: 0.00s
Presolved: 19 rows, 24 columns, 48 nonzeros

MIP start did not produce a new incumbent solution

Variable types: 12 continuous, 12 integer (12 binary)

Root relaxation: objective 3.216667e+02, 13 iterations, 0.00 seconds

    Nodes    |    Current Node    |     Objective Bounds      |     Work
 Expl Unexpl |  Obj  Depth IntInf | Incumbent    BestBd   Gap | It/Node Time

     0     0  321.66667    0    3  430.00000  321.66667  25.2%     -    0s
H    0     0                     360.0000000  321.66667  10.6%     -    0s
     0     0  348.33333    0    3  360.00000  348.33333  3.24%     -    0s
*    0     0               0     350.0000000  350.00000  0.00%     -    0s

Cutting planes:
  Gomory: 2
  Cover: 3
  Implied bound: 1
  MIR: 3
  Flow cover: 3
  Network: 1

Explored 0 nodes (22 simplex iterations) in 0.02 seconds
Thread count was 4 (of 4 available processors)

Optimal solution found (tolerance 1.00e-04)
Best objective 3.500000000000e+02, best bound 3.500000000000e+02, gap 0.0%

Gurobi 6.5.1 (mac64) logging started Wed Apr 27 16:56:48 2016

Optimize a model with 19 rows, 24 columns and 48 nonzeros
Coefficient statistics:
  Matrix range    [1e+00, 4e+01]
  Objective range [1e+00, 3e+01]
  Bounds range    [1e+00, 1e+00]
  RHS range       [1e+01, 5e+01]
Found heuristic solution: objective 430
Presolve time: 0.01s
Presolved: 19 rows, 24 columns, 48 nonzeros

MIP start did not produce a new incumbent solution

Variable types: 12 continuous, 12 integer (12 binary)

Root relaxation: objective 3.216667e+02, 13 iterations, 0.00 seconds

    Nodes    |    Current Node    |     Objective Bounds      |     Work
 Expl Unexpl |  Obj  Depth IntInf | Incumbent    BestBd   Gap | It/Node Time

     0     0  321.66667    0    3  430.00000  321.66667  25.2%     -    0s
H    0     0                     360.0000000  321.66667  10.6%     -    0s
     0     0  348.33333    0    3  360.00000  348.33333  3.24%     -    0s
*    0     0               0     350.0000000  350.00000  0.00%     -    0s

Cutting planes:
  Gomory: 2
  Cover: 3
  Implied bound: 1
  MIR: 3
  Flow cover: 3
  Network: 1

Explored 0 nodes (22 simplex iterations) in 0.02 seconds
Thread count was 4 (of 4 available processors)

Optimal solution found (tolerance 1.00e-04)
Best objective 3.500000000000e+02, best bound 3.500000000000e+02, gap 0.0%

Gurobi 6.5.1 (mac64) logging started Wed Apr 27 16:58:12 2016

Optimize a model with 19 rows, 24 columns and 48 nonzeros
Coefficient statistics:
  Matrix range    [1e+00, 4e+01]
  Objective range [1e+00, 3e+01]
  Bounds range    [1e+00, 1e+00]
  RHS range       [1e+01, 5e+01]
Found heuristic solution: objective 430
Presolve time: 0.00s
Presolved: 19 rows, 24 columns, 48 nonzeros

MIP start did not produce a new incumbent solution

Variable types: 12 continuous, 12 integer (12 binary)

Root relaxation: objective 3.216667e+02, 13 iterations, 0.00 seconds

    Nodes    |    Current Node    |     Objective Bounds      |     Work
 Expl Unexpl |  Obj  Depth IntInf | Incumbent    BestBd   Gap | It/Node Time

     0     0  321.66667    0    3  430.00000  321.66667  25.2%     -    0s
H    0     0                     360.0000000  321.66667  10.6%     -    0s
     0     0  348.33333    0    3  360.00000  348.33333  3.24%     -    0s
*    0     0               0     350.0000000  350.00000  0.00%     -    0s

Cutting planes:
  Gomory: 2
  Cover: 3
  Implied bound: 1
  MIR: 3
  Flow cover: 3
  Network: 1

Explored 0 nodes (22 simplex iterations) in 0.01 seconds
Thread count was 4 (of 4 available processors)

Optimal solution found (tolerance 1.00e-04)
Best objective 3.500000000000e+02, best bound 3.500000000000e+02, gap 0.0%

Gurobi 6.5.1 (mac64) logging started Wed Apr 27 17:20:30 2016

Optimize a model with 19 rows, 24 columns and 48 nonzeros
Coefficient statistics:
  Matrix range    [1e+00, 4e+01]
  Objective range [1e+00, 3e+01]
  Bounds range    [1e+00, 1e+00]
  RHS range       [1e+01, 5e+01]
Found heuristic solution: objective 430
Presolve time: 0.00s
Presolved: 19 rows, 24 columns, 48 nonzeros

MIP start did not produce a new incumbent solution

Variable types: 12 continuous, 12 integer (12 binary)

Root relaxation: objective 3.216667e+02, 13 iterations, 0.00 seconds

    Nodes    |    Current Node    |     Objective Bounds      |     Work
 Expl Unexpl |  Obj  Depth IntInf | Incumbent    BestBd   Gap | It/Node Time

     0     0  321.66667    0    3  430.00000  321.66667  25.2%     -    0s
H    0     0                     360.0000000  321.66667  10.6%     -    0s
     0     0  348.33333    0    3  360.00000  348.33333  3.24%     -    0s
*    0     0               0     350.0000000  350.00000  0.00%     -    0s

Cutting planes:
  Gomory: 2
  Cover: 3
  Implied bound: 1
  MIR: 3
  Flow cover: 3
  Network: 1

Explored 0 nodes (22 simplex iterations) in 0.02 seconds
Thread count was 4 (of 4 available processors)

Optimal solution found (tolerance 1.00e-04)
Best objective 3.500000000000e+02, best bound 3.500000000000e+02, gap 0.0%

Gurobi 6.5.1 (mac64) logging started Wed Apr 27 19:26:01 2016

Optimize a model with 19 rows, 24 columns and 48 nonzeros
Coefficient statistics:
  Matrix range    [1e+00, 4e+01]
  Objective range [1e+00, 3e+01]
  Bounds range    [1e+00, 1e+00]
  RHS range       [1e+01, 5e+01]
Found heuristic solution: objective 430
Presolve time: 0.01s
Presolved: 19 rows, 24 columns, 48 nonzeros

MIP start did not produce a new incumbent solution

Variable types: 12 continuous, 12 integer (12 binary)

Root relaxation: objective 3.216667e+02, 13 iterations, 0.00 seconds

    Nodes    |    Current Node    |     Objective Bounds      |     Work
 Expl Unexpl |  Obj  Depth IntInf | Incumbent    BestBd   Gap | It/Node Time

     0     0  321.66667    0    3  430.00000  321.66667  25.2%     -    0s
H    0     0                     360.0000000  321.66667  10.6%     -    0s
     0     0  348.33333    0    3  360.00000  348.33333  3.24%     -    0s
*    0     0               0     350.0000000  350.00000  0.00%     -    0s

Cutting planes:
  Gomory: 2
  Cover: 3
  Implied bound: 1
  MIR: 3
  Flow cover: 3
  Network: 1

Explored 0 nodes (22 simplex iterations) in 0.02 seconds
Thread count was 4 (of 4 available processors)

Optimal solution found (tolerance 1.00e-04)
Best objective 3.500000000000e+02, best bound 3.500000000000e+02, gap 0.0%

Gurobi 6.5.1 (mac64) logging started Wed Apr 27 23:39:26 2016

Optimize a model with 19 rows, 24 columns and 48 nonzeros
Coefficient statistics:
  Matrix range    [1e+00, 4e+01]
  Objective range [1e+00, 3e+01]
  Bounds range    [1e+00, 1e+00]
  RHS range       [1e+01, 5e+01]
Found heuristic solution: objective 430
Presolve time: 0.00s
Presolved: 19 rows, 24 columns, 48 nonzeros

MIP start did not produce a new incumbent solution

Variable types: 12 continuous, 12 integer (12 binary)

Root relaxation: objective 3.216667e+02, 13 iterations, 0.00 seconds

    Nodes    |    Current Node    |     Objective Bounds      |     Work
 Expl Unexpl |  Obj  Depth IntInf | Incumbent    BestBd   Gap | It/Node Time

     0     0  321.66667    0    3  430.00000  321.66667  25.2%     -    0s
H    0     0                     360.0000000  321.66667  10.6%     -    0s
     0     0  348.33333    0    3  360.00000  348.33333  3.24%     -    0s
*    0     0               0     350.0000000  350.00000  0.00%     -    0s

Cutting planes:
  Gomory: 2
  Cover: 3
  Implied bound: 1
  MIR: 3
  Flow cover: 3
  Network: 1

Explored 0 nodes (22 simplex iterations) in 0.02 seconds
Thread count was 4 (of 4 available processors)

Optimal solution found (tolerance 1.00e-04)
Best objective 3.500000000000e+02, best bound 3.500000000000e+02, gap 0.0%

Gurobi 6.5.1 (mac64) logging started Wed Apr 27 23:54:28 2016

Optimize a model with 19 rows, 24 columns and 48 nonzeros
Coefficient statistics:
  Matrix range    [1e+00, 4e+01]
  Objective range [1e+00, 3e+01]
  Bounds range    [1e+00, 1e+00]
  RHS range       [1e+01, 5e+01]
Found heuristic solution: objective 430
Presolve time: 0.00s
Presolved: 19 rows, 24 columns, 48 nonzeros

MIP start did not produce a new incumbent solution

Variable types: 12 continuous, 12 integer (12 binary)

Root relaxation: objective 3.216667e+02, 13 iterations, 0.00 seconds

    Nodes    |    Current Node    |     Objective Bounds      |     Work
 Expl Unexpl |  Obj  Depth IntInf | Incumbent    BestBd   Gap | It/Node Time

     0     0  321.66667    0    3  430.00000  321.66667  25.2%     -    0s
H    0     0                     360.0000000  321.66667  10.6%     -    0s
     0     0  348.33333    0    3  360.00000  348.33333  3.24%     -    0s
*    0     0               0     350.0000000  350.00000  0.00%     -    0s

Cutting planes:
  Gomory: 2
  Cover: 3
  Implied bound: 1
  MIR: 3
  Flow cover: 3
  Network: 1

Explored 0 nodes (22 simplex iterations) in 0.02 seconds
Thread count was 4 (of 4 available processors)

Optimal solution found (tolerance 1.00e-04)
Best objective 3.500000000000e+02, best bound 3.500000000000e+02, gap 0.0%

Gurobi 6.5.1 (mac64) logging started Thu Apr 28 09:59:15 2016

Optimize a model with 19 rows, 24 columns and 48 nonzeros
Coefficient statistics:
  Matrix range    [1e+00, 4e+01]
  Objective range [1e+00, 3e+01]
  Bounds range    [1e+00, 1e+00]
  RHS range       [1e+01, 5e+01]
Found heuristic solution: objective 430
Presolve time: 0.00s
Presolved: 19 rows, 24 columns, 48 nonzeros

MIP start did not produce a new incumbent solution

Variable types: 12 continuous, 12 integer (12 binary)

Root relaxation: objective 3.216667e+02, 13 iterations, 0.00 seconds

    Nodes    |    Current Node    |     Objective Bounds      |     Work
 Expl Unexpl |  Obj  Depth IntInf | Incumbent    BestBd   Gap | It/Node Time

     0     0  321.66667    0    3  430.00000  321.66667  25.2%     -    0s
H    0     0                     360.0000000  321.66667  10.6%     -    0s
     0     0  348.33333    0    3  360.00000  348.33333  3.24%     -    0s
*    0     0               0     350.0000000  350.00000  0.00%     -    0s

Cutting planes:
  Gomory: 2
  Cover: 3
  Implied bound: 1
  MIR: 3
  Flow cover: 3
  Network: 1

Explored 0 nodes (22 simplex iterations) in 0.03 seconds
Thread count was 4 (of 4 available processors)

Optimal solution found (tolerance 1.00e-04)
Best objective 3.500000000000e+02, best bound 3.500000000000e+02, gap 0.0%

Gurobi 6.5.1 (mac64) logging started Thu Apr 28 10:00:35 2016

Optimize a model with 19 rows, 24 columns and 48 nonzeros
Coefficient statistics:
  Matrix range    [1e+00, 4e+01]
  Objective range [1e+00, 3e+01]
  Bounds range    [1e+00, 1e+00]
  RHS range       [1e+01, 5e+01]
Found heuristic solution: objective 430
Presolve time: 0.00s
Presolved: 19 rows, 24 columns, 48 nonzeros

MIP start did not produce a new incumbent solution

Variable types: 12 continuous, 12 integer (12 binary)

Root relaxation: objective 3.216667e+02, 13 iterations, 0.00 seconds

    Nodes    |    Current Node    |     Objective Bounds      |     Work
 Expl Unexpl |  Obj  Depth IntInf | Incumbent    BestBd   Gap | It/Node Time

     0     0  321.66667    0    3  430.00000  321.66667  25.2%     -    0s
H    0     0                     360.0000000  321.66667  10.6%     -    0s
     0     0  348.33333    0    3  360.00000  348.33333  3.24%     -    0s
*    0     0               0     350.0000000  350.00000  0.00%     -    0s

Cutting planes:
  Gomory: 2
  Cover: 3
  Implied bound: 1
  MIR: 3
  Flow cover: 3
  Network: 1

Explored 0 nodes (22 simplex iterations) in 0.02 seconds
Thread count was 4 (of 4 available processors)

Optimal solution found (tolerance 1.00e-04)
Best objective 3.500000000000e+02, best bound 3.500000000000e+02, gap 0.0%

Gurobi 6.5.1 (mac64) logging started Thu Apr 28 10:01:58 2016

Optimize a model with 19 rows, 24 columns and 48 nonzeros
Coefficient statistics:
  Matrix range    [1e+00, 4e+01]
  Objective range [1e+00, 3e+01]
  Bounds range    [1e+00, 1e+00]
  RHS range       [1e+01, 5e+01]
Found heuristic solution: objective 430
Presolve time: 0.01s
Presolved: 19 rows, 24 columns, 48 nonzeros

MIP start did not produce a new incumbent solution

Variable types: 12 continuous, 12 integer (12 binary)

Root relaxation: objective 3.216667e+02, 13 iterations, 0.00 seconds

    Nodes    |    Current Node    |     Objective Bounds      |     Work
 Expl Unexpl |  Obj  Depth IntInf | Incumbent    BestBd   Gap | It/Node Time

     0     0  321.66667    0    3  430.00000  321.66667  25.2%     -    0s
H    0     0                     360.0000000  321.66667  10.6%     -    0s
     0     0  348.33333    0    3  360.00000  348.33333  3.24%     -    0s
*    0     0               0     350.0000000  350.00000  0.00%     -    0s

Cutting planes:
  Gomory: 2
  Cover: 3
  Implied bound: 1
  MIR: 3
  Flow cover: 3
  Network: 1

Explored 0 nodes (22 simplex iterations) in 0.03 seconds
Thread count was 4 (of 4 available processors)

Optimal solution found (tolerance 1.00e-04)
Best objective 3.500000000000e+02, best bound 3.500000000000e+02, gap 0.0%

Gurobi 6.5.1 (mac64) logging started Thu Apr 28 10:02:06 2016

Optimize a model with 19 rows, 24 columns and 48 nonzeros
Coefficient statistics:
  Matrix range    [1e+00, 4e+01]
  Objective range [1e+00, 3e+01]
  Bounds range    [1e+00, 1e+00]
  RHS range       [1e+01, 5e+01]
Found heuristic solution: objective 430
Presolve time: 0.00s
Presolved: 19 rows, 24 columns, 48 nonzeros

MIP start did not produce a new incumbent solution

Variable types: 12 continuous, 12 integer (12 binary)

Root relaxation: objective 3.216667e+02, 13 iterations, 0.00 seconds

    Nodes    |    Current Node    |     Objective Bounds      |     Work
 Expl Unexpl |  Obj  Depth IntInf | Incumbent    BestBd   Gap | It/Node Time

     0     0  321.66667    0    3  430.00000  321.66667  25.2%     -    0s
H    0     0                     360.0000000  321.66667  10.6%     -    0s
     0     0  348.33333    0    3  360.00000  348.33333  3.24%     -    0s
*    0     0               0     350.0000000  350.00000  0.00%     -    0s

Cutting planes:
  Gomory: 2
  Cover: 3
  Implied bound: 1
  MIR: 3
  Flow cover: 3
  Network: 1

Explored 0 nodes (22 simplex iterations) in 0.01 seconds
Thread count was 4 (of 4 available processors)

Optimal solution found (tolerance 1.00e-04)
Best objective 3.500000000000e+02, best bound 3.500000000000e+02, gap 0.0%

Gurobi 6.5.1 (mac64) logging started Thu Apr 28 10:02:24 2016

Optimize a model with 19 rows, 24 columns and 48 nonzeros
Coefficient statistics:
  Matrix range    [1e+00, 4e+01]
  Objective range [1e+00, 3e+01]
  Bounds range    [1e+00, 1e+00]
  RHS range       [1e+01, 5e+01]
Found heuristic solution: objective 430
Presolve time: 0.00s
Presolved: 19 rows, 24 columns, 48 nonzeros

MIP start did not produce a new incumbent solution

Variable types: 12 continuous, 12 integer (12 binary)

Root relaxation: objective 3.216667e+02, 13 iterations, 0.00 seconds

    Nodes    |    Current Node    |     Objective Bounds      |     Work
 Expl Unexpl |  Obj  Depth IntInf | Incumbent    BestBd   Gap | It/Node Time

     0     0  321.66667    0    3  430.00000  321.66667  25.2%     -    0s
H    0     0                     360.0000000  321.66667  10.6%     -    0s
     0     0  348.33333    0    3  360.00000  348.33333  3.24%     -    0s
*    0     0               0     350.0000000  350.00000  0.00%     -    0s

Cutting planes:
  Gomory: 2
  Cover: 3
  Implied bound: 1
  MIR: 3
  Flow cover: 3
  Network: 1

Explored 0 nodes (22 simplex iterations) in 0.02 seconds
Thread count was 4 (of 4 available processors)

Optimal solution found (tolerance 1.00e-04)
Best objective 3.500000000000e+02, best bound 3.500000000000e+02, gap 0.0%

Gurobi 6.5.1 (mac64) logging started Thu Apr 28 10:03:19 2016

Optimize a model with 19 rows, 24 columns and 48 nonzeros
Coefficient statistics:
  Matrix range    [1e+00, 4e+01]
  Objective range [1e+00, 3e+01]
  Bounds range    [1e+00, 1e+00]
  RHS range       [1e+01, 5e+01]
Found heuristic solution: objective 430
Presolve time: 0.01s
Presolved: 19 rows, 24 columns, 48 nonzeros

MIP start did not produce a new incumbent solution

Variable types: 12 continuous, 12 integer (12 binary)

Root relaxation: objective 3.216667e+02, 13 iterations, 0.00 seconds

    Nodes    |    Current Node    |     Objective Bounds      |     Work
 Expl Unexpl |  Obj  Depth IntInf | Incumbent    BestBd   Gap | It/Node Time

     0     0  321.66667    0    3  430.00000  321.66667  25.2%     -    0s
H    0     0                     360.0000000  321.66667  10.6%     -    0s
     0     0  348.33333    0    3  360.00000  348.33333  3.24%     -    0s
*    0     0               0     350.0000000  350.00000  0.00%     -    0s

Cutting planes:
  Gomory: 2
  Cover: 3
  Implied bound: 1
  MIR: 3
  Flow cover: 3
  Network: 1

Explored 0 nodes (22 simplex iterations) in 0.03 seconds
Thread count was 4 (of 4 available processors)

Optimal solution found (tolerance 1.00e-04)
Best objective 3.500000000000e+02, best bound 3.500000000000e+02, gap 0.0%

Gurobi 6.5.1 (mac64) logging started Thu Apr 28 10:03:36 2016

Optimize a model with 8 rows, 8 columns and 16 nonzeros
Coefficient statistics:
  Matrix range    [1e+00, 1e+01]
  Objective range [1e+00, 5e+00]
  Bounds range    [1e+00, 1e+00]
  RHS range       [5e+00, 2e+01]
Found heuristic solution: objective 60
Presolve removed 8 rows and 8 columns
Presolve time: 0.00s
Presolve: All rows and columns removed

Explored 0 nodes (0 simplex iterations) in 0.00 seconds
Thread count was 1 (of 4 available processors)

Optimal solution found (tolerance 1.00e-04)
Best objective 6.000000000000e+01, best bound 6.000000000000e+01, gap 0.0%

Gurobi 6.5.1 (mac64) logging started Sat Apr 30 23:02:30 2016

Optimize a model with 8 rows, 4 columns and 12 nonzeros
Coefficient statistics:
  Matrix range    [1e+00, 1e+00]
  Objective range [1e+00, 4e+00]
  Bounds range    [0e+00, 0e+00]
  RHS range       [5e+00, 2e+01]
Presolve removed 8 rows and 4 columns
Presolve time: 0.00s
Presolve: All rows and columns removed
Iteration    Objective       Primal Inf.    Dual Inf.      Time
       0    5.1000000e+01   0.000000e+00   0.000000e+00      0s

Solved in 0 iterations and 0.00 seconds
Optimal objective  5.100000000e+01

Gurobi 6.5.1 (mac64) logging started Sat Apr 30 23:04:01 2016

Optimize a model with 19 rows, 12 columns and 36 nonzeros
Coefficient statistics:
  Matrix range    [1e+00, 1e+00]
  Objective range [1e+00, 5e+00]
  Bounds range    [0e+00, 0e+00]
  RHS range       [1e+01, 5e+01]
Presolve removed 13 rows and 0 columns
Presolve time: 0.00s
Presolved: 6 rows, 12 columns, 20 nonzeros

Iteration    Objective       Primal Inf.    Dual Inf.      Time
       0    1.3000000e+02   9.000000e+01   0.000000e+00      0s
       3    2.2000000e+02   0.000000e+00   0.000000e+00      0s

Solved in 3 iterations and 0.00 seconds
Optimal objective  2.200000000e+02

Gurobi 6.5.1 (mac64) logging started Sat Apr 30 23:04:20 2016

Optimize a model with 19 rows, 12 columns and 36 nonzeros
Coefficient statistics:
  Matrix range    [1e+00, 1e+00]
  Objective range [1e+00, 5e+00]
  Bounds range    [0e+00, 0e+00]
  RHS range       [1e+01, 5e+01]
Presolve removed 13 rows and 0 columns
Presolve time: 0.00s
Presolved: 6 rows, 12 columns, 20 nonzeros

Iteration    Objective       Primal Inf.    Dual Inf.      Time
       0    1.3000000e+02   9.000000e+01   0.000000e+00      0s
       3    2.2000000e+02   0.000000e+00   0.000000e+00      0s

Solved in 3 iterations and 0.00 seconds
Optimal objective  2.200000000e+02

Gurobi 6.5.1 (mac64) logging started Sat Apr 30 23:10:46 2016

Optimize a model with 19 rows, 12 columns and 36 nonzeros
Coefficient statistics:
  Matrix range    [1e+00, 1e+00]
  Objective range [1e+00, 5e+00]
  Bounds range    [0e+00, 0e+00]
  RHS range       [1e+01, 5e+01]
Presolve removed 13 rows and 0 columns
Presolve time: 0.00s
Presolved: 6 rows, 12 columns, 20 nonzeros

Iteration    Objective       Primal Inf.    Dual Inf.      Time
       0    1.3000000e+02   9.000000e+01   0.000000e+00      0s
       3    2.2000000e+02   0.000000e+00   0.000000e+00      0s

Solved in 3 iterations and 0.00 seconds
Optimal objective  2.200000000e+02

Gurobi 6.5.1 (mac64) logging started Sat Apr 30 23:11:10 2016

Optimize a model with 19 rows, 12 columns and 36 nonzeros
Coefficient statistics:
  Matrix range    [1e+00, 1e+00]
  Objective range [1e+00, 5e+00]
  Bounds range    [0e+00, 0e+00]
  RHS range       [1e+01, 5e+01]
Presolve removed 13 rows and 0 columns
Presolve time: 0.00s
Presolved: 6 rows, 12 columns, 20 nonzeros

Iteration    Objective       Primal Inf.    Dual Inf.      Time
       0    1.3000000e+02   9.000000e+01   0.000000e+00      0s
       3    2.2000000e+02   0.000000e+00   0.000000e+00      0s

Solved in 3 iterations and 0.00 seconds
Optimal objective  2.200000000e+02

Gurobi 6.5.1 (mac64) logging started Sat Apr 30 23:11:33 2016

Optimize a model with 19 rows, 12 columns and 36 nonzeros
Coefficient statistics:
  Matrix range    [1e+00, 1e+00]
  Objective range [1e+00, 5e+00]
  Bounds range    [0e+00, 0e+00]
  RHS range       [1e+01, 5e+01]
Presolve removed 13 rows and 0 columns
Presolve time: 0.00s
Presolved: 6 rows, 12 columns, 20 nonzeros

Iteration    Objective       Primal Inf.    Dual Inf.      Time
       0    1.3000000e+02   9.000000e+01   0.000000e+00      0s
       3    2.2000000e+02   0.000000e+00   0.000000e+00      0s

Solved in 3 iterations and 0.00 seconds
Optimal objective  2.200000000e+02

Gurobi 6.5.1 (mac64) logging started Sat Apr 30 23:11:37 2016

Optimize a model with 19 rows, 12 columns and 36 nonzeros
Coefficient statistics:
  Matrix range    [1e+00, 1e+00]
  Objective range [1e+00, 5e+00]
  Bounds range    [0e+00, 0e+00]
  RHS range       [1e+01, 5e+01]
Presolve removed 13 rows and 0 columns
Presolve time: 0.00s
Presolved: 6 rows, 12 columns, 20 nonzeros

Iteration    Objective       Primal Inf.    Dual Inf.      Time
       0    1.3000000e+02   9.000000e+01   0.000000e+00      0s
       3    2.2000000e+02   0.000000e+00   0.000000e+00      0s

Solved in 3 iterations and 0.00 seconds
Optimal objective  2.200000000e+02

Gurobi 6.5.1 (mac64) logging started Sat Apr 30 23:11:53 2016

Optimize a model with 19 rows, 12 columns and 36 nonzeros
Coefficient statistics:
  Matrix range    [1e+00, 1e+00]
  Objective range [1e+00, 5e+00]
  Bounds range    [0e+00, 0e+00]
  RHS range       [1e+01, 5e+01]
Presolve removed 13 rows and 0 columns
Presolve time: 0.00s
Presolved: 6 rows, 12 columns, 20 nonzeros

Iteration    Objective       Primal Inf.    Dual Inf.      Time
       0    1.3000000e+02   9.000000e+01   0.000000e+00      0s
       3    2.2000000e+02   0.000000e+00   0.000000e+00      0s

Solved in 3 iterations and 0.00 seconds
Optimal objective  2.200000000e+02

Gurobi 6.5.1 (mac64) logging started Sat Apr 30 23:13:59 2016

Optimize a model with 19 rows, 12 columns and 36 nonzeros
Coefficient statistics:
  Matrix range    [1e+00, 1e+00]
  Objective range [1e+00, 5e+00]
  Bounds range    [0e+00, 0e+00]
  RHS range       [1e+01, 5e+01]
Presolve removed 13 rows and 0 columns
Presolve time: 0.00s
Presolved: 6 rows, 12 columns, 20 nonzeros

Iteration    Objective       Primal Inf.    Dual Inf.      Time
       0    1.3000000e+02   9.000000e+01   0.000000e+00      0s
       3    2.2000000e+02   0.000000e+00   0.000000e+00      0s

Solved in 3 iterations and 0.00 seconds
Optimal objective  2.200000000e+02

Gurobi 6.5.1 (mac64) logging started Sat Apr 30 23:14:18 2016

Optimize a model with 19 rows, 12 columns and 36 nonzeros
Coefficient statistics:
  Matrix range    [1e+00, 1e+00]
  Objective range [1e+00, 5e+00]
  Bounds range    [0e+00, 0e+00]
  RHS range       [1e+01, 5e+01]
Presolve removed 13 rows and 0 columns
Presolve time: 0.00s
Presolved: 6 rows, 12 columns, 20 nonzeros

Iteration    Objective       Primal Inf.    Dual Inf.      Time
       0    1.3000000e+02   9.000000e+01   0.000000e+00      0s
       3    2.2000000e+02   0.000000e+00   0.000000e+00      0s

Solved in 3 iterations and 0.00 seconds
Optimal objective  2.200000000e+02

Gurobi 6.5.1 (mac64) logging started Sat Apr 30 23:14:30 2016

Optimize a model with 19 rows, 12 columns and 36 nonzeros
Coefficient statistics:
  Matrix range    [1e+00, 1e+00]
  Objective range [1e+00, 5e+00]
  Bounds range    [0e+00, 0e+00]
  RHS range       [1e+01, 5e+01]
Presolve removed 13 rows and 0 columns
Presolve time: 0.00s
Presolved: 6 rows, 12 columns, 20 nonzeros

Iteration    Objective       Primal Inf.    Dual Inf.      Time
       0    1.3000000e+02   9.000000e+01   0.000000e+00      0s
       3    2.2000000e+02   0.000000e+00   0.000000e+00      0s

Solved in 3 iterations and 0.00 seconds
Optimal objective  2.200000000e+02

Gurobi 6.5.1 (mac64) logging started Sat Apr 30 23:14:43 2016

Optimize a model with 19 rows, 12 columns and 36 nonzeros
Coefficient statistics:
  Matrix range    [1e+00, 1e+00]
  Objective range [1e+00, 5e+00]
  Bounds range    [0e+00, 0e+00]
  RHS range       [1e+01, 5e+01]
Presolve removed 13 rows and 0 columns
Presolve time: 0.00s
Presolved: 6 rows, 12 columns, 20 nonzeros

Iteration    Objective       Primal Inf.    Dual Inf.      Time
       0    1.3000000e+02   9.000000e+01   0.000000e+00      0s
       3    2.2000000e+02   0.000000e+00   0.000000e+00      0s

Solved in 3 iterations and 0.00 seconds
Optimal objective  2.200000000e+02

Gurobi 6.5.1 (mac64) logging started Sat Apr 30 23:14:51 2016

Optimize a model with 19 rows, 12 columns and 36 nonzeros
Coefficient statistics:
  Matrix range    [1e+00, 1e+00]
  Objective range [1e+00, 5e+00]
  Bounds range    [0e+00, 0e+00]
  RHS range       [1e+01, 5e+01]
Presolve removed 13 rows and 0 columns
Presolve time: 0.00s
Presolved: 6 rows, 12 columns, 20 nonzeros

Iteration    Objective       Primal Inf.    Dual Inf.      Time
       0    1.3000000e+02   9.000000e+01   0.000000e+00      0s
       3    2.2000000e+02   0.000000e+00   0.000000e+00      0s

Solved in 3 iterations and 0.00 seconds
Optimal objective  2.200000000e+02

Gurobi 6.5.1 (mac64) logging started Sat Apr 30 23:15:10 2016

Optimize a model with 19 rows, 12 columns and 36 nonzeros
Coefficient statistics:
  Matrix range    [1e+00, 1e+00]
  Objective range [1e+00, 5e+00]
  Bounds range    [0e+00, 0e+00]
  RHS range       [1e+01, 5e+01]
Presolve removed 13 rows and 0 columns
Presolve time: 0.00s
Presolved: 6 rows, 12 columns, 20 nonzeros

Iteration    Objective       Primal Inf.    Dual Inf.      Time
       0    1.3000000e+02   9.000000e+01   0.000000e+00      0s
       3    2.2000000e+02   0.000000e+00   0.000000e+00      0s

Solved in 3 iterations and 0.00 seconds
Optimal objective  2.200000000e+02

Gurobi 6.5.1 (mac64) logging started Sat Apr 30 23:15:23 2016

Optimize a model with 19 rows, 12 columns and 36 nonzeros
Coefficient statistics:
  Matrix range    [1e+00, 1e+00]
  Objective range [1e+00, 5e+00]
  Bounds range    [0e+00, 0e+00]
  RHS range       [1e+01, 5e+01]
Presolve removed 13 rows and 0 columns
Presolve time: 0.00s
Presolved: 6 rows, 12 columns, 20 nonzeros

Iteration    Objective       Primal Inf.    Dual Inf.      Time
       0    1.3000000e+02   9.000000e+01   0.000000e+00      0s
       3    2.2000000e+02   0.000000e+00   0.000000e+00      0s

Solved in 3 iterations and 0.00 seconds
Optimal objective  2.200000000e+02

Gurobi 6.5.1 (mac64) logging started Sat Apr 30 23:15:33 2016

Optimize a model with 19 rows, 12 columns and 36 nonzeros
Coefficient statistics:
  Matrix range    [1e+00, 1e+00]
  Objective range [1e+00, 5e+00]
  Bounds range    [0e+00, 0e+00]
  RHS range       [1e+01, 5e+01]
Presolve removed 13 rows and 0 columns
Presolve time: 0.00s
Presolved: 6 rows, 12 columns, 20 nonzeros

Iteration    Objective       Primal Inf.    Dual Inf.      Time
       0    1.3000000e+02   9.000000e+01   0.000000e+00      0s
       3    2.2000000e+02   0.000000e+00   0.000000e+00      0s

Solved in 3 iterations and 0.00 seconds
Optimal objective  2.200000000e+02

Gurobi 6.5.1 (mac64) logging started Sat Apr 30 23:18:55 2016

Optimize a model with 19 rows, 12 columns and 36 nonzeros
Coefficient statistics:
  Matrix range    [1e+00, 1e+00]
  Objective range [1e+00, 5e+00]
  Bounds range    [0e+00, 0e+00]
  RHS range       [1e+01, 5e+01]
Presolve removed 13 rows and 0 columns
Presolve time: 0.00s
Presolved: 6 rows, 12 columns, 20 nonzeros

Iteration    Objective       Primal Inf.    Dual Inf.      Time
       0    1.3000000e+02   9.000000e+01   0.000000e+00      0s
       3    2.2000000e+02   0.000000e+00   0.000000e+00      0s

Solved in 3 iterations and 0.00 seconds
Optimal objective  2.200000000e+02

Gurobi 6.5.1 (mac64) logging started Sat Apr 30 23:20:00 2016

Optimize a model with 19 rows, 12 columns and 36 nonzeros
Coefficient statistics:
  Matrix range    [1e+00, 1e+00]
  Objective range [1e+00, 5e+00]
  Bounds range    [0e+00, 0e+00]
  RHS range       [1e+01, 5e+01]
Presolve removed 13 rows and 0 columns
Presolve time: 0.00s
Presolved: 6 rows, 12 columns, 20 nonzeros

Iteration    Objective       Primal Inf.    Dual Inf.      Time
       0    1.3000000e+02   9.000000e+01   0.000000e+00      0s
       3    2.2000000e+02   0.000000e+00   0.000000e+00      0s

Solved in 3 iterations and 0.00 seconds
Optimal objective  2.200000000e+02

Gurobi 6.5.1 (mac64) logging started Sat Apr 30 23:29:58 2016

Optimize a model with 19 rows, 12 columns and 36 nonzeros
Coefficient statistics:
  Matrix range    [1e+00, 1e+00]
  Objective range [1e+00, 5e+00]
  Bounds range    [0e+00, 0e+00]
  RHS range       [1e+01, 5e+01]
Presolve removed 13 rows and 0 columns
Presolve time: 0.00s
Presolved: 6 rows, 12 columns, 20 nonzeros

Iteration    Objective       Primal Inf.    Dual Inf.      Time
       0    1.3000000e+02   9.000000e+01   0.000000e+00      0s
       3    2.2000000e+02   0.000000e+00   0.000000e+00      0s

Solved in 3 iterations and 0.00 seconds
Optimal objective  2.200000000e+02

Gurobi 6.5.1 (mac64) logging started Sat Apr 30 23:39:59 2016

Optimize a model with 19 rows, 12 columns and 36 nonzeros
Coefficient statistics:
  Matrix range    [1e+00, 1e+00]
  Objective range [1e+00, 5e+00]
  Bounds range    [0e+00, 0e+00]
  RHS range       [1e+01, 5e+01]
Presolve removed 13 rows and 0 columns
Presolve time: 0.00s
Presolved: 6 rows, 12 columns, 20 nonzeros

Iteration    Objective       Primal Inf.    Dual Inf.      Time
       0    1.3000000e+02   9.000000e+01   0.000000e+00      0s
       3    2.2000000e+02   0.000000e+00   0.000000e+00      0s

Solved in 3 iterations and 0.00 seconds
Optimal objective  2.200000000e+02

Gurobi 6.5.1 (mac64) logging started Sat Apr 30 23:40:35 2016

Optimize a model with 19 rows, 12 columns and 36 nonzeros
Coefficient statistics:
  Matrix range    [1e+00, 1e+00]
  Objective range [1e+00, 5e+00]
  Bounds range    [0e+00, 0e+00]
  RHS range       [1e+01, 5e+01]
Presolve removed 13 rows and 0 columns
Presolve time: 0.00s
Presolved: 6 rows, 12 columns, 20 nonzeros

Iteration    Objective       Primal Inf.    Dual Inf.      Time
       0    1.3000000e+02   9.000000e+01   0.000000e+00      0s
       3    2.2000000e+02   0.000000e+00   0.000000e+00      0s

Solved in 3 iterations and 0.00 seconds
Optimal objective  2.200000000e+02

Gurobi 6.5.1 (mac64) logging started Sat Apr 30 23:40:41 2016

Optimize a model with 19 rows, 12 columns and 36 nonzeros
Coefficient statistics:
  Matrix range    [1e+00, 1e+00]
  Objective range [1e+00, 5e+00]
  Bounds range    [0e+00, 0e+00]
  RHS range       [1e+01, 5e+01]
Presolve removed 13 rows and 0 columns
Presolve time: 0.00s
Presolved: 6 rows, 12 columns, 20 nonzeros

Iteration    Objective       Primal Inf.    Dual Inf.      Time
       0    1.3000000e+02   9.000000e+01   0.000000e+00      0s
       3    2.2000000e+02   0.000000e+00   0.000000e+00      0s

Solved in 3 iterations and 0.00 seconds
Optimal objective  2.200000000e+02

Gurobi 6.5.1 (mac64) logging started Sat Apr 30 23:41:53 2016

Optimize a model with 19 rows, 12 columns and 36 nonzeros
Coefficient statistics:
  Matrix range    [1e+00, 1e+00]
  Objective range [1e+00, 5e+00]
  Bounds range    [0e+00, 0e+00]
  RHS range       [1e+01, 5e+01]
Presolve removed 13 rows and 0 columns
Presolve time: 0.00s
Presolved: 6 rows, 12 columns, 20 nonzeros

Iteration    Objective       Primal Inf.    Dual Inf.      Time
       0    1.3000000e+02   9.000000e+01   0.000000e+00      0s
       3    2.2000000e+02   0.000000e+00   0.000000e+00      0s

Solved in 3 iterations and 0.00 seconds
Optimal objective  2.200000000e+02
