
Gurobi 6.5.1 (mac64) logging started Fri May  6 17:24:50 2016

Optimize a model with 8 rows, 8 columns and 16 nonzeros
Coefficient statistics:
  Matrix range    [1e+00, 1e+01]
  Objective range [1e+00, 5e+00]
  Bounds range    [1e+00, 1e+00]
  RHS range       [5e+00, 2e+01]
Found heuristic solution: objective 60
Presolve removed 8 rows and 8 columns
Presolve time: 0.00s
Presolve: All rows and columns removed

Explored 0 nodes (0 simplex iterations) in 0.00 seconds
Thread count was 1 (of 4 available processors)

Optimal solution found (tolerance 1.00e-04)
Best objective 6.000000000000e+01, best bound 6.000000000000e+01, gap 0.0%

Gurobi 6.5.1 (mac64) logging started Fri May  6 17:24:50 2016

Optimize a model with 8 rows, 8 columns and 16 nonzeros
Coefficient statistics:
  Matrix range    [1e+00, 2e+01]
  Objective range [1e+00, 1e+01]
  Bounds range    [1e+00, 1e+00]
  RHS range       [8e+00, 2e+01]
Found heuristic solution: objective 54
Presolve removed 8 rows and 8 columns
Presolve time: 0.00s
Presolve: All rows and columns removed

Explored 0 nodes (0 simplex iterations) in 0.00 seconds
Thread count was 1 (of 4 available processors)

Optimal solution found (tolerance 1.00e-04)
Best objective 5.200000000000e+01, best bound 5.200000000000e+01, gap 0.0%

Gurobi 6.5.1 (mac64) logging started Fri May  6 17:24:50 2016

Optimize a model with 19 rows, 24 columns and 48 nonzeros
Coefficient statistics:
  Matrix range    [1e+00, 4e+01]
  Objective range [1e+00, 3e+01]
  Bounds range    [1e+00, 1e+00]
  RHS range       [1e+01, 5e+01]
Found heuristic solution: objective 430
Presolve time: 0.00s
Presolved: 19 rows, 24 columns, 48 nonzeros

MIP start did not produce a new incumbent solution

Variable types: 12 continuous, 12 integer (12 binary)

Root relaxation: objective 3.216667e+02, 13 iterations, 0.00 seconds

    Nodes    |    Current Node    |     Objective Bounds      |     Work
 Expl Unexpl |  Obj  Depth IntInf | Incumbent    BestBd   Gap | It/Node Time

     0     0  321.66667    0    3  430.00000  321.66667  25.2%     -    0s
H    0     0                     360.0000000  321.66667  10.6%     -    0s
     0     0  348.33333    0    3  360.00000  348.33333  3.24%     -    0s
*    0     0               0     350.0000000  350.00000  0.00%     -    0s

Cutting planes:
  Gomory: 2
  Cover: 3
  Implied bound: 1
  MIR: 3
  Flow cover: 3
  Network: 1

Explored 0 nodes (22 simplex iterations) in 0.00 seconds
Thread count was 4 (of 4 available processors)

Optimal solution found (tolerance 1.00e-04)
Best objective 3.500000000000e+02, best bound 3.500000000000e+02, gap 0.0%

Gurobi 6.5.1 (mac64) logging started Fri May  6 17:24:50 2016

Optimize a model with 24 rows, 32 columns and 64 nonzeros
Coefficient statistics:
  Matrix range    [1e+00, 3e+01]
  Objective range [2e+00, 5e+01]
  Bounds range    [1e+00, 1e+00]
  RHS range       [2e+00, 3e+01]
Found heuristic solution: objective 1740
Presolve removed 2 rows and 2 columns
Presolve time: 0.00s
Presolved: 22 rows, 30 columns, 60 nonzeros

Loaded MIP start with objective 1194

Variable types: 15 continuous, 15 integer (15 binary)

Root relaxation: objective 9.030000e+02, 6 iterations, 0.00 seconds

    Nodes    |    Current Node    |     Objective Bounds      |     Work
 Expl Unexpl |  Obj  Depth IntInf | Incumbent    BestBd   Gap | It/Node Time

*    0     0               0     903.0000000  903.00000  0.00%     -    0s

Explored 0 nodes (6 simplex iterations) in 0.00 seconds
Thread count was 4 (of 4 available processors)

Optimal solution found (tolerance 1.00e-04)
Best objective 9.030000000000e+02, best bound 9.030000000000e+02, gap 0.0%

Gurobi 6.5.1 (mac64) logging started Fri May  6 17:24:50 2016

Optimize a model with 35 rows, 50 columns and 100 nonzeros
Coefficient statistics:
  Matrix range    [1e+00, 4e+01]
  Objective range [1e+00, 5e+01]
  Bounds range    [1e+00, 1e+00]
  RHS range       [1e+01, 4e+01]
Found heuristic solution: objective 3268
Presolve time: 0.00s
Presolved: 35 rows, 50 columns, 100 nonzeros

Loaded MIP start with objective 1988

Variable types: 25 continuous, 25 integer (25 binary)

Root relaxation: objective 1.648867e+03, 15 iterations, 0.00 seconds

    Nodes    |    Current Node    |     Objective Bounds      |     Work
 Expl Unexpl |  Obj  Depth IntInf | Incumbent    BestBd   Gap | It/Node Time

     0     0 1648.86667    0    4 1988.00000 1648.86667  17.1%     -    0s
H    0     0                    1706.0000000 1648.86667  3.35%     -    0s
     0     0 1688.33333    0    2 1706.00000 1688.33333  1.04%     -    0s
H    0     0                    1704.0000000 1688.33333  0.92%     -    0s
     0     0     cutoff    0      1704.00000 1704.00000  0.00%     -    0s

Cutting planes:
  Cover: 1
  MIR: 1
  Flow cover: 5

Explored 0 nodes (21 simplex iterations) in 0.00 seconds
Thread count was 4 (of 4 available processors)

Optimal solution found (tolerance 1.00e-04)
Best objective 1.704000000000e+03, best bound 1.704000000000e+03, gap 0.0%

Gurobi 6.5.1 (mac64) logging started Fri May  6 17:24:50 2016

Optimize a model with 48 rows, 72 columns and 144 nonzeros
Coefficient statistics:
  Matrix range    [1e+00, 4e+01]
  Objective range [1e+00, 5e+01]
  Bounds range    [1e+00, 1e+00]
  RHS range       [4e+00, 4e+01]
Found heuristic solution: objective 2017
Presolve removed 2 rows and 2 columns
Presolve time: 0.00s
Presolved: 46 rows, 70 columns, 140 nonzeros

Loaded MIP start with objective 1940

Variable types: 35 continuous, 35 integer (35 binary)

Root relaxation: objective 1.234359e+03, 20 iterations, 0.00 seconds

    Nodes    |    Current Node    |     Objective Bounds      |     Work
 Expl Unexpl |  Obj  Depth IntInf | Incumbent    BestBd   Gap | It/Node Time

     0     0 1234.35897    0    2 1940.00000 1234.35897  36.4%     -    0s
H    0     0                    1253.0000000 1234.35897  1.49%     -    0s
     0     0     cutoff    0      1253.00000 1253.00000  0.00%     -    0s

Explored 0 nodes (21 simplex iterations) in 0.00 seconds
Thread count was 4 (of 4 available processors)

Optimal solution found (tolerance 1.00e-04)
Best objective 1.253000000000e+03, best bound 1.253000000000e+03, gap 0.0%

Gurobi 6.5.1 (mac64) logging started Fri May  6 17:24:50 2016

Optimize a model with 63 rows, 98 columns and 196 nonzeros
Coefficient statistics:
  Matrix range    [1e+00, 4e+01]
  Objective range [1e+00, 5e+01]
  Bounds range    [1e+00, 1e+00]
  RHS range       [2e+00, 4e+01]
Found heuristic solution: objective 7874
Presolve time: 0.00s
Presolved: 63 rows, 98 columns, 196 nonzeros

Loaded MIP start with objective 4332

Variable types: 49 continuous, 49 integer (49 binary)

Root relaxation: objective 3.403446e+03, 30 iterations, 0.00 seconds

    Nodes    |    Current Node    |     Objective Bounds      |     Work
 Expl Unexpl |  Obj  Depth IntInf | Incumbent    BestBd   Gap | It/Node Time

     0     0 3403.44582    0    4 4332.00000 3403.44582  21.4%     -    0s
H    0     0                    3466.0000000 3403.44582  1.80%     -    0s
*    0     0               0    3455.0000000 3455.00000  0.00%     -    0s

Cutting planes:
  Gomory: 1
  Cover: 2
  MIR: 3
  Flow cover: 5

Explored 0 nodes (37 simplex iterations) in 0.00 seconds
Thread count was 4 (of 4 available processors)

Optimal solution found (tolerance 1.00e-04)
Best objective 3.455000000000e+03, best bound 3.455000000000e+03, gap 0.0%

Gurobi 6.5.1 (mac64) logging started Fri May  6 17:24:50 2016

Optimize a model with 80 rows, 128 columns and 256 nonzeros
Coefficient statistics:
  Matrix range    [1e+00, 5e+01]
  Objective range [1e+00, 5e+01]
  Bounds range    [1e+00, 1e+00]
  RHS range       [3e+00, 5e+01]
Found heuristic solution: objective 4252
Presolve time: 0.00s
Presolved: 80 rows, 128 columns, 256 nonzeros

Loaded MIP start with objective 3836

Variable types: 64 continuous, 64 integer (64 binary)

Root relaxation: objective 2.581939e+03, 31 iterations, 0.00 seconds

    Nodes    |    Current Node    |     Objective Bounds      |     Work
 Expl Unexpl |  Obj  Depth IntInf | Incumbent    BestBd   Gap | It/Node Time

     0     0 2581.93929    0    5 3836.00000 2581.93929  32.7%     -    0s
H    0     0                    2621.0000000 2581.93929  1.49%     -    0s
     0     0 2606.48148    0    8 2621.00000 2606.48148  0.55%     -    0s
*    0     0               0    2607.0000000 2607.00000  0.00%     -    0s

Cutting planes:
  Gomory: 1
  Cover: 2
  Implied bound: 3
  Clique: 1
  MIR: 6
  Flow cover: 6
  Network: 5

Explored 0 nodes (44 simplex iterations) in 0.01 seconds
Thread count was 4 (of 4 available processors)

Optimal solution found (tolerance 1.00e-04)
Best objective 2.607000000000e+03, best bound 2.607000000000e+03, gap 0.0%

Gurobi 6.5.1 (mac64) logging started Fri May  6 17:24:50 2016

Optimize a model with 99 rows, 162 columns and 324 nonzeros
Coefficient statistics:
  Matrix range    [1e+00, 5e+01]
  Objective range [1e+00, 5e+01]
  Bounds range    [1e+00, 1e+00]
  RHS range       [7e+00, 5e+01]
Found heuristic solution: objective 7276
Presolve time: 0.00s
Presolved: 99 rows, 162 columns, 324 nonzeros

Loaded MIP start with objective 4735

Variable types: 81 continuous, 81 integer (81 binary)

Root relaxation: objective 3.006326e+03, 35 iterations, 0.00 seconds

    Nodes    |    Current Node    |     Objective Bounds      |     Work
 Expl Unexpl |  Obj  Depth IntInf | Incumbent    BestBd   Gap | It/Node Time

     0     0 3006.32596    0   11 4735.00000 3006.32596  36.5%     -    0s
H    0     0                    3142.0000000 3006.32596  4.32%     -    0s
     0     0 3066.64999    0   16 3142.00000 3066.64999  2.40%     -    0s
     0     0 3067.31856    0   17 3142.00000 3067.31856  2.38%     -    0s
     0     0 3084.87640    0   15 3142.00000 3084.87640  1.82%     -    0s
H    0     0                    3137.0000000 3084.87640  1.66%     -    0s
     0     0 3086.51327    0   18 3137.00000 3086.51327  1.61%     -    0s
     0     0 3093.91623    0   15 3137.00000 3093.91623  1.37%     -    0s
H    0     0                    3131.0000000 3093.91623  1.18%     -    0s
     0     0 3097.89474    0   12 3131.00000 3097.89474  1.06%     -    0s
     0     0 3098.82051    0   14 3131.00000 3098.82051  1.03%     -    0s
     0     0 3102.51661    0   18 3131.00000 3102.51661  0.91%     -    0s
     0     0 3102.64348    0   18 3131.00000 3102.64348  0.91%     -    0s
     0     0 3104.09361    0   20 3131.00000 3104.09361  0.86%     -    0s
     0     0 3104.09361    0   11 3131.00000 3104.09361  0.86%     -    0s
     0     0 3104.09361    0   18 3131.00000 3104.09361  0.86%     -    0s
     0     0 3104.09361    0   11 3131.00000 3104.09361  0.86%     -    0s
     0     0 3104.09361    0   20 3131.00000 3104.09361  0.86%     -    0s
     0     0 3104.29896    0   18 3131.00000 3104.29896  0.85%     -    0s
     0     0 3104.55896    0   17 3131.00000 3104.55896  0.84%     -    0s
     0     0 3104.59045    0   20 3131.00000 3104.59045  0.84%     -    0s
     0     0 3104.87699    0   24 3131.00000 3104.87699  0.83%     -    0s
H    0     0                    3127.0000000 3104.87699  0.71%     -    0s
     0     2 3104.87699    0   24 3127.00000 3104.87699  0.71%     -    0s

Cutting planes:
  Cover: 4
  MIR: 19
  Flow cover: 11
  Network: 6

Explored 61 nodes (649 simplex iterations) in 0.12 seconds
Thread count was 4 (of 4 available processors)

Optimal solution found (tolerance 1.00e-04)
Best objective 3.127000000000e+03, best bound 3.127000000000e+03, gap 0.0%

Gurobi 6.5.1 (mac64) logging started Fri May  6 17:24:51 2016

Optimize a model with 120 rows, 200 columns and 400 nonzeros
Coefficient statistics:
  Matrix range    [1e+00, 5e+01]
  Objective range [1e+00, 5e+01]
  Bounds range    [1e+00, 1e+00]
  RHS range       [2e+01, 5e+01]
Found heuristic solution: objective 8432
Presolve time: 0.00s
Presolved: 120 rows, 200 columns, 400 nonzeros

Loaded MIP start with objective 4824

Variable types: 100 continuous, 100 integer (100 binary)

Root relaxation: objective 2.749463e+03, 34 iterations, 0.00 seconds

    Nodes    |    Current Node    |     Objective Bounds      |     Work
 Expl Unexpl |  Obj  Depth IntInf | Incumbent    BestBd   Gap | It/Node Time

     0     0 2749.46267    0   10 4824.00000 2749.46267  43.0%     -    0s
H    0     0                    2869.0000000 2749.46267  4.17%     -    0s
     0     0 2813.03628    0   11 2869.00000 2813.03628  1.95%     -    0s
H    0     0                    2866.0000000 2813.03628  1.85%     -    0s
     0     0 2823.91176    0    7 2866.00000 2823.91176  1.47%     -    0s
     0     0 2829.80128    0    5 2866.00000 2829.80128  1.26%     -    0s
H    0     0                    2862.0000000 2829.80128  1.13%     -    0s
     0     0 2830.15385    0    5 2862.00000 2830.15385  1.11%     -    0s
     0     0 2833.38462    0    1 2862.00000 2833.38462  1.00%     -    0s
     0     0 2835.31202    0   15 2862.00000 2835.31202  0.93%     -    0s
     0     0 2835.31202    0    9 2862.00000 2835.31202  0.93%     -    0s
     0     0 2835.31202    0   11 2862.00000 2835.31202  0.93%     -    0s
H    0     0                    2857.0000000 2835.31202  0.76%     -    0s
     0     0 2835.31202    0   13 2857.00000 2835.31202  0.76%     -    0s
     0     0 2844.37330    0   13 2857.00000 2844.37330  0.44%     -    0s
     0     0 2844.51042    0    6 2857.00000 2844.51042  0.44%     -    0s
     0     0 2847.00000    0    4 2857.00000 2847.00000  0.35%     -    0s
     0     0 2847.00000    0    9 2857.00000 2847.00000  0.35%     -    0s
     0     0 2847.00000    0    4 2857.00000 2847.00000  0.35%     -    0s
     0     0 2847.00000    0    4 2857.00000 2847.00000  0.35%     -    0s
     0     0 2850.11241    0   12 2857.00000 2850.11241  0.24%     -    0s
     0     0 2853.78604    0   14 2857.00000 2853.78604  0.11%     -    0s
     0     0 2853.78604    0    6 2857.00000 2853.78604  0.11%     -    0s
     0     0 2853.78604    0    7 2857.00000 2853.78604  0.11%     -    0s
     0     0 2853.78604    0    4 2857.00000 2853.78604  0.11%     -    0s
     0     0     cutoff    0      2857.00000 2857.00000  0.00%     -    0s

Cutting planes:
  Cover: 1
  Implied bound: 1
  MIR: 7
  Flow cover: 8
  Network: 1

Explored 0 nodes (321 simplex iterations) in 0.09 seconds
Thread count was 4 (of 4 available processors)

Optimal solution found (tolerance 1.00e-04)
Best objective 2.857000000000e+03, best bound 2.857000000000e+03, gap 0.0%

Gurobi 6.5.1 (mac64) logging started Fri May  6 17:24:51 2016

Optimize a model with 440 rows, 800 columns and 1600 nonzeros
Coefficient statistics:
  Matrix range    [1e+00, 6e+01]
  Objective range [1e+00, 2e+01]
  Bounds range    [1e+00, 1e+00]
  RHS range       [3e+00, 6e+01]
Found heuristic solution: objective 4790
Presolve removed 25 rows and 25 columns
Presolve time: 0.01s
Presolved: 415 rows, 775 columns, 1550 nonzeros

Loaded MIP start with objective 4577

Variable types: 400 continuous, 375 integer (375 binary)

Root relaxation: objective 1.086179e+03, 85 iterations, 0.00 seconds

    Nodes    |    Current Node    |     Objective Bounds      |     Work
 Expl Unexpl |  Obj  Depth IntInf | Incumbent    BestBd   Gap | It/Node Time

     0     0 1086.17892    0   17 4577.00000 1086.17892  76.3%     -    0s
H    0     0                    1167.0000000 1086.17892  6.93%     -    0s
     0     0 1110.50532    0   14 1167.00000 1110.50532  4.84%     -    0s
H    0     0                    1159.0000000 1110.50532  4.18%     -    0s
     0     0 1111.91273    0   14 1159.00000 1111.91273  4.06%     -    0s
     0     0 1117.70476    0   13 1159.00000 1117.70476  3.56%     -    0s
H    0     0                    1155.0000000 1117.70476  3.23%     -    0s
H    0     0                    1147.0000000 1117.70476  2.55%     -    0s
     0     0 1118.00092    0   17 1147.00000 1118.00092  2.53%     -    0s
     0     0 1121.26870    0   21 1147.00000 1121.26870  2.24%     -    0s
     0     0 1121.36345    0   21 1147.00000 1121.36345  2.24%     -    0s
     0     0 1124.92179    0   25 1147.00000 1124.92179  1.92%     -    0s
     0     0 1124.95152    0   26 1147.00000 1124.95152  1.92%     -    0s
     0     0 1126.27500    0   32 1147.00000 1126.27500  1.81%     -    0s
     0     0 1126.66305    0   29 1147.00000 1126.66305  1.77%     -    0s
     0     0 1128.01491    0   32 1147.00000 1128.01491  1.66%     -    0s
H    0     0                    1145.0000000 1128.01491  1.48%     -    0s
     0     0 1128.06145    0   39 1145.00000 1128.06145  1.48%     -    0s
     0     0 1129.41355    0   24 1145.00000 1129.41355  1.36%     -    0s
     0     0 1129.46662    0   31 1145.00000 1129.46662  1.36%     -    0s
     0     0 1129.81033    0   26 1145.00000 1129.81033  1.33%     -    0s
     0     0 1129.81033    0   26 1145.00000 1129.81033  1.33%     -    0s
H    0     0                    1140.0000000 1129.81033  0.89%     -    0s
H    0     0                    1133.0000000 1129.81033  0.28%     -    0s
     0     0 1129.81033    0   11 1133.00000 1129.81033  0.28%     -    0s
     0     0 1129.81033    0   21 1133.00000 1129.81033  0.28%     -    0s
     0     0 1129.81033    0   19 1133.00000 1129.81033  0.28%     -    0s
     0     0 1129.81033    0   25 1133.00000 1129.81033  0.28%     -    0s
     0     0 1130.69500    0   15 1133.00000 1130.69500  0.20%     -    0s
     0     0 1130.96000    0   16 1133.00000 1130.96000  0.18%     -    0s
     0     0 1130.96000    0   10 1133.00000 1130.96000  0.18%     -    0s
     0     0 1130.96000    0   23 1133.00000 1130.96000  0.18%     -    0s
     0     0 1130.96000    0   15 1133.00000 1130.96000  0.18%     -    0s
     0     0 1130.96000    0   20 1133.00000 1130.96000  0.18%     -    0s
     0     0 1131.36125    0   15 1133.00000 1131.36125  0.14%     -    0s
     0     0 1131.59231    0   20 1133.00000 1131.59231  0.12%     -    0s
     0     0     cutoff    0      1133.00000 1133.00000  0.00%     -    0s

Cutting planes:
  Gomory: 2
  Cover: 2
  Implied bound: 1
  MIR: 14
  Flow cover: 20

Explored 0 nodes (693 simplex iterations) in 0.25 seconds
Thread count was 4 (of 4 available processors)

Optimal solution found (tolerance 1.00e-04)
Best objective 1.133000000000e+03, best bound 1.133000000000e+03, gap 0.0%

Gurobi 6.5.1 (mac64) logging started Fri May  6 17:24:51 2016

Optimize a model with 960 rows, 1800 columns and 3600 nonzeros
Coefficient statistics:
  Matrix range    [1e+00, 5e+01]
  Objective range [1e+00, 5e+01]
  Bounds range    [1e+00, 1e+00]
  RHS range       [1e+00, 5e+01]
Found heuristic solution: objective 20850
Presolve time: 0.01s
Presolved: 960 rows, 1800 columns, 3600 nonzeros

MIP start did not produce a new incumbent solution

Variable types: 900 continuous, 900 integer (900 binary)

Root relaxation: objective 3.182714e+03, 169 iterations, 0.00 seconds

    Nodes    |    Current Node    |     Objective Bounds      |     Work
 Expl Unexpl |  Obj  Depth IntInf | Incumbent    BestBd   Gap | It/Node Time

     0     0 3182.71429    0   33 20850.0000 3182.71429  84.7%     -    0s
H    0     0                    3680.0000000 3182.71429  13.5%     -    0s
H    0     0                    3634.0000000 3182.71429  12.4%     -    0s
     0     0 3288.18643    0   49 3634.00000 3288.18643  9.52%     -    0s
H    0     0                    3603.0000000 3288.18643  8.74%     -    0s
     0     0 3292.99174    0   51 3603.00000 3292.99174  8.60%     -    0s
     0     0 3350.23211    0   63 3603.00000 3350.23211  7.02%     -    0s
     0     0 3357.92820    0   80 3603.00000 3357.92820  6.80%     -    0s
     0     0 3378.14593    0   75 3603.00000 3378.14593  6.24%     -    0s
     0     0 3379.94604    0   80 3603.00000 3379.94604  6.19%     -    0s
     0     0 3399.60910    0   97 3603.00000 3399.60910  5.65%     -    0s
     0     0 3402.35733    0   77 3603.00000 3402.35733  5.57%     -    0s
     0     0 3413.70873    0   96 3603.00000 3413.70873  5.25%     -    0s
     0     0 3416.57102    0  110 3603.00000 3416.57102  5.17%     -    0s
     0     0 3424.47684    0   97 3603.00000 3424.47684  4.95%     -    0s
H    0     0                    3562.0000000 3424.47684  3.86%     -    0s
     0     0 3425.78677    0  109 3562.00000 3425.78677  3.82%     -    0s
     0     0 3433.97334    0  114 3562.00000 3433.97334  3.59%     -    0s
H    0     0                    3560.0000000 3433.97334  3.54%     -    0s
     0     0 3435.41968    0  102 3560.00000 3435.41968  3.50%     -    0s
     0     0 3438.67278    0  114 3560.00000 3438.67278  3.41%     -    0s
     0     0 3438.67278    0  114 3560.00000 3438.67278  3.41%     -    0s
H    0     0                    3559.0000000 3438.67278  3.38%     -    0s
     0     2 3438.67278    0  114 3559.00000 3438.67278  3.38%     -    0s
H   64    66                    3554.0000000 3439.31888  3.23%  47.4    1s
H  127   124                    3530.0000000 3439.31888  2.57%  38.3    1s
H  285   247                    3523.0000000 3442.95677  2.27%  33.1    2s
H  422   335                    3513.0000000 3443.31182  1.98%  35.0    2s
H  585   416                    3511.0000000 3444.69832  1.89%  39.0    4s
H  615   438                    3510.0000000 3444.69832  1.86%  40.6    4s
   718   499 3472.34207    8   70 3510.00000 3448.18162  1.76%  42.1    5s
   767   531 3453.07600   10  102 3510.00000 3452.53711  1.64%  44.7   10s
H  890   571                    3501.0000000 3457.92131  1.23%  59.8   12s
H  941   546                    3494.0000000 3457.92131  1.03%  59.8   12s
H 1025   503                    3488.0000000 3457.92131  0.86%  57.8   12s
  1421   456     cutoff   19      3488.00000 3466.48067  0.62%  63.9   15s
H 2037   303                    3486.0000000 3473.28167  0.36%  63.8   18s
  2260   305 3484.57307   26   66 3486.00000 3475.20052  0.31%  61.9   20s

Cutting planes:
  MIR: 160
  Flow cover: 233
  Network: 9

Explored 3266 nodes (178146 simplex iterations) in 22.45 seconds
Thread count was 4 (of 4 available processors)

Optimal solution found (tolerance 1.00e-04)
Best objective 3.486000000000e+03, best bound 3.485881158463e+03, gap 0.0034%

Gurobi 6.5.1 (mac64) logging started Fri May  6 17:25:14 2016

Optimize a model with 1680 rows, 3200 columns and 6400 nonzeros
Coefficient statistics:
  Matrix range    [1e+00, 5e+01]
  Objective range [1e+00, 5e+01]
  Bounds range    [1e+00, 1e+00]
  RHS range       [2e+00, 5e+01]
Found heuristic solution: objective 26174
Presolve time: 0.02s
Presolved: 1680 rows, 3200 columns, 6400 nonzeros

MIP start did not produce a new incumbent solution

Variable types: 1600 continuous, 1600 integer (1600 binary)

Root relaxation: objective 4.043181e+03, 282 iterations, 0.01 seconds

    Nodes    |    Current Node    |     Objective Bounds      |     Work
 Expl Unexpl |  Obj  Depth IntInf | Incumbent    BestBd   Gap | It/Node Time

     0     0 4043.18145    0   49 26174.0000 4043.18145  84.6%     -    0s
H    0     0                    4636.0000000 4043.18145  12.8%     -    0s
H    0     0                    4558.0000000 4043.18145  11.3%     -    0s
     0     0 4197.87655    0   90 4558.00000 4197.87655  7.90%     -    0s
H    0     0                    4556.0000000 4197.87655  7.86%     -    0s
     0     0 4210.15889    0   95 4556.00000 4210.15889  7.59%     -    0s
     0     0 4272.57270    0   92 4556.00000 4272.57270  6.22%     -    0s
     0     0 4285.86387    0   86 4556.00000 4285.86387  5.93%     -    0s
     0     0 4312.96625    0   96 4556.00000 4312.96625  5.33%     -    0s
     0     0 4318.41909    0  106 4556.00000 4318.41909  5.21%     -    0s
     0     0 4337.36940    0  128 4556.00000 4337.36940  4.80%     -    0s
H    0     0                    4555.0000000 4337.36940  4.78%     -    0s
     0     0 4341.31063    0  118 4555.00000 4341.31063  4.69%     -    0s
     0     0 4352.22181    0  115 4555.00000 4352.22181  4.45%     -    0s
     0     0 4356.79774    0  127 4555.00000 4356.79774  4.35%     -    0s
     0     0 4364.14210    0  123 4555.00000 4364.14210  4.19%     -    0s
H    0     0                    4534.0000000 4364.14210  3.75%     -    0s
     0     0 4365.24435    0  134 4534.00000 4365.24435  3.72%     -    0s
     0     0 4371.06521    0  130 4534.00000 4371.06521  3.59%     -    0s
     0     0 4371.06521    0  130 4534.00000 4371.06521  3.59%     -    0s
H    0     2                    4529.0000000 4371.06521  3.49%     -    1s
     0     2 4371.06521    0  130 4529.00000 4371.06521  3.49%     -    1s
H  151   150                    4525.0000000 4372.19245  3.38%  40.9    2s
H  178   171                    4494.0000000 4372.19245  2.71%  36.9    2s
H  592   533                    4483.2666667 4372.87459  2.46%  28.7    3s
H  593   532                    4483.0000000 4372.87459  2.46%  28.6    3s
H  596   489                    4472.0000000 4372.87459  2.22%  28.5    3s
H  620   465                    4462.0000000 4372.87459  2.00%  28.2    3s
H  719   409                    4449.0000000 4375.97026  1.64%  32.6    4s
   748   442 4409.72137   12  126 4449.00000 4375.97026  1.64%  32.2    5s
   770   457 4409.45947   43  164 4449.00000 4397.22841  1.16%  31.3   10s
   790   470 4409.45947   43  169 4449.00000 4398.99049  1.12%  30.5   15s
   810   484 4409.45947   43  164 4449.00000 4400.81263  1.08%  29.8   20s
H  819   464                    4443.0000000 4401.62407  0.93%  29.4   23s
   825   468 4401.93887    7  187 4443.00000 4401.93887  0.92%  29.2   25s
   848   485 4409.72137   12  161 4443.00000 4402.08808  0.92%  39.1   30s
   864   497 4414.48965   25  145 4443.00000 4402.49477  0.91%  44.4   35s
  1079   602 4418.45769   43   97 4443.00000 4403.44647  0.89%  65.5   40s
H 1442   686                    4441.0000000 4404.78334  0.82%  73.5   45s
  1669   732 4434.66807   52   95 4441.00000 4405.59150  0.80%  80.7   50s
  1950   781 4437.46703   54   72 4441.00000 4407.90608  0.75%  87.3   55s
  2167   770 4419.17218   36  116 4441.00000 4409.58674  0.71%  91.6   60s
  2535   930 4421.30942   38  121 4441.00000 4410.78021  0.68%  94.5   65s
  3001  1157     cutoff   42      4441.00000 4411.99640  0.65%  95.2   70s
  3397  1285 4421.57908   41   95 4441.00000 4413.14934  0.63%  97.3   76s
  3830  1486 4434.49516   43  113 4441.00000 4414.31548  0.60%  97.1   80s
  4232  1624 4438.39382   39  119 4441.00000 4415.60510  0.57%  98.3   86s
  4540  1690     cutoff   47      4441.00000 4416.58508  0.55%   100   91s
  5020  1796 4436.65085   35  100 4441.00000 4417.62293  0.53%   101   97s
  5471  1906     cutoff   37      4441.00000 4418.63220  0.50%   102  102s
  6040  2071 4428.64310   44  120 4441.00000 4419.83299  0.48%   103  108s
  6252  2095     cutoff   37      4441.00000 4420.07980  0.47%   103  112s
  6663  2223 4439.20252   29  143 4441.00000 4420.84880  0.45%   102  116s
  7317  2351 4440.95770   56   53 4441.00000 4422.09333  0.43%   102  123s
  7719  2432 4430.36068   34  117 4441.00000 4422.69904  0.41%   102  127s
  8112  2495 4440.20529   36  119 4441.00000 4423.31760  0.40%   101  130s
  8580  2570 4433.42976   39  130 4441.00000 4423.92035  0.38%   101  135s
  9004  2624 4439.86944   62   56 4441.00000 4424.33714  0.38%   100  140s
H 9817  2242                    4437.0000000 4424.99076  0.27%   100  144s
  9940  2169     cutoff   58      4437.00000 4425.53617  0.26%  99.3  147s
 10550  2091     cutoff   34      4437.00000 4426.96391  0.23%  98.4  151s
 11045  1984     cutoff   50      4437.00000 4428.12942  0.20%  97.6  155s
 11808  1693     cutoff   63      4437.00000 4429.98104  0.16%  96.7  161s
 12541  1304     cutoff   46      4437.00000 4431.86976  0.12%  94.8  165s
 13943   135     cutoff   57      4437.00000 4436.08433  0.02%  88.7  170s

Cutting planes:
  Cover: 2
  MIR: 257
  Flow cover: 383
  Network: 12

Explored 14111 nodes (1239832 simplex iterations) in 170.21 seconds
Thread count was 4 (of 4 available processors)

Optimal solution found (tolerance 1.00e-04)
Best objective 4.437000000000e+03, best bound 4.436776353490e+03, gap 0.0050%

Gurobi 6.5.1 (mac64) logging started Fri May  6 17:28:04 2016

Optimize a model with 2600 rows, 5000 columns and 10000 nonzeros
Coefficient statistics:
  Matrix range    [1e+00, 5e+01]
  Objective range [1e+00, 5e+01]
  Bounds range    [1e+00, 1e+00]
  RHS range       [1e+00, 5e+01]
Found heuristic solution: objective 34843
Presolve time: 0.03s
Presolved: 2600 rows, 5000 columns, 10000 nonzeros

MIP start did not produce a new incumbent solution

Variable types: 2500 continuous, 2500 integer (2500 binary)

Root relaxation: objective 5.251141e+03, 419 iterations, 0.02 seconds

    Nodes    |    Current Node    |     Objective Bounds      |     Work
 Expl Unexpl |  Obj  Depth IntInf | Incumbent    BestBd   Gap | It/Node Time

     0     0 5251.14079    0   58 34843.0000 5251.14079  84.9%     -    0s
H    0     0                    5889.0000000 5251.14079  10.8%     -    0s
H    0     0                    5815.0000000 5251.14079  9.70%     -    0s
     0     0 5412.93696    0   88 5815.00000 5412.93696  6.91%     -    0s
     0     0 5417.91707    0   91 5815.00000 5417.91707  6.83%     -    0s
     0     0 5468.23724    0  109 5815.00000 5468.23724  5.96%     -    0s
     0     0 5473.51370    0  118 5815.00000 5473.51370  5.87%     -    0s
     0     0 5497.26109    0  123 5815.00000 5497.26109  5.46%     -    0s
H    0     0                    5793.0000000 5497.26109  5.11%     -    0s
     0     0 5501.13489    0  124 5793.00000 5501.13489  5.04%     -    0s
     0     0 5517.62117    0  140 5793.00000 5517.62117  4.75%     -    0s
H    0     0                    5781.0000000 5517.62117  4.56%     -    0s
     0     0 5521.85889    0  140 5781.00000 5521.85889  4.48%     -    0s
     0     0 5532.28610    0  143 5781.00000 5532.28610  4.30%     -    0s
H    0     0                    5771.0000000 5532.28610  4.14%     -    0s
     0     0 5535.30224    0  156 5771.00000 5535.30224  4.08%     -    1s
     0     0 5543.36404    0  149 5771.00000 5543.36404  3.94%     -    1s
H    0     0                    5754.0000000 5543.36404  3.66%     -    1s
     0     0 5545.88021    0  153 5754.00000 5545.88021  3.62%     -    1s
     0     0 5552.06873    0  176 5754.00000 5552.06873  3.51%     -    1s
     0     0 5553.76897    0  177 5754.00000 5553.76897  3.48%     -    1s
     0     0 5558.01033    0  185 5754.00000 5558.01033  3.41%     -    1s
     0     0 5558.01033    0  182 5754.00000 5558.01033  3.41%     -    1s
     0     2 5558.01033    0  182 5754.00000 5558.01033  3.41%     -    1s
H   29    29                    5751.0000000 5560.75879  3.31%   111    2s
H  115   114                    5746.0000000 5560.75879  3.22%  65.7    2s
H  177   172                    5734.0000000 5560.75879  3.02%  49.3    3s
H  323   316                    5700.0000000 5560.75879  2.44%  34.1    3s
H  326   316                    5699.0000000 5560.75879  2.43%  33.9    3s
H  366   348                    5692.0000000 5561.11300  2.30%  32.6    3s
   470   441 5641.65304   33  102 5692.00000 5561.11300  2.30%  38.6    5s
H  482   443                    5688.0000000 5561.11300  2.23%  39.1    5s
H  577   484                    5676.0000000 5565.65696  1.94%  41.6    6s
H  606   426                    5654.0000000 5565.65696  1.56%  41.7    6s
   733   525 5645.71244  144  105 5654.00000 5567.88020  1.52%  47.3   10s
   745   533 5632.37995   23  184 5654.00000 5582.64496  1.26%  46.5   15s
   760   543 5618.22279   69  202 5654.00000 5587.06013  1.18%  45.6   20s
   772   551 5588.26240    5  192 5654.00000 5588.26240  1.16%  44.9   25s
   785   560 5632.37995   23  208 5654.00000 5588.95351  1.15%  44.2   30s
   791   566 5615.91646   13  190 5654.00000 5589.80713  1.14%  55.5   35s
   826   586 5593.65877   19  158 5654.00000 5590.50703  1.12%  66.9   40s
H  902   607                    5653.0000000 5590.50703  1.11%  76.8   43s
   968   628 5602.27519   31  142 5653.00000 5590.50703  1.11%  81.3   46s
H 1005   595                    5652.0000000 5590.50703  1.09%  81.3   46s
H 1041   552                    5645.0000000 5590.50703  0.97%  82.9   47s
  1081   556 5614.55004   43   86 5645.00000 5590.50703  0.97%  86.4   50s
  1379   647 5615.69089   29   93 5645.00000 5593.42376  0.91%  86.7   56s
  1524   704 5631.01514   34   95 5645.00000 5595.64123  0.87%  91.4   61s
  1669   762 5626.30467   25  127 5645.00000 5598.36839  0.83%  93.5   65s
  1863   780 5637.41151   29   83 5645.00000 5599.89682  0.80%   100   70s
  1997   804 5644.92363   25   92 5645.00000 5600.53133  0.79%   103   75s
  2281   899 5609.24851   23  139 5645.00000 5602.16863  0.76%   106   81s
  2489  1020 5636.94356   27  127 5645.00000 5603.00638  0.74%   107   86s
  2773  1195 5618.28039   22  156 5645.00000 5603.71935  0.73%   107   92s
H 2815  1177                    5642.0000000 5603.71935  0.68%   107   92s
  2892  1202 5629.55153   26  141 5642.00000 5604.36865  0.67%   106   95s
  3147  1342 5633.87668   35   71 5642.00000 5605.49567  0.65%   108  101s
  3459  1504 5629.91815   19  177 5642.00000 5607.00003  0.62%   110  107s
  3588  1580     cutoff   35      5642.00000 5607.63509  0.61%   110  111s
  3688  1642 5633.04007   22  169 5642.00000 5607.82424  0.61%   111  115s
  4030  1784 5638.32717   35  106 5642.00000 5609.31426  0.58%   112  123s
  4210  1837 5628.24385   24   91 5642.00000 5609.94805  0.57%   113  126s
  4417  1931     cutoff   36      5642.00000 5610.64538  0.56%   114  130s
H 4583  1438                    5635.0000000 5611.00579  0.43%   115  135s
  4728  1448     cutoff   33      5635.00000 5611.81793  0.41%   115  140s
  5180  1533 5624.18174   21  140 5635.00000 5613.60270  0.38%   116  149s
  5457  1616     cutoff   19      5635.00000 5614.71917  0.36%   116  154s
  5745  1697     cutoff   26      5635.00000 5616.15118  0.33%   116  160s
  6052  1829     cutoff   16      5635.00000 5616.83385  0.32%   115  170s
  6422  1830 5630.83394   21  141 5635.00000 5617.81481  0.30%   115  181s
  6769  1829 5632.53556   46   89 5635.00000 5618.75724  0.29%   115  187s
  7137  1865 5632.96782   59   67 5635.00000 5619.91354  0.27%   114  193s
  7682  1939 5632.09518   31  116 5635.00000 5620.97493  0.25%   112  198s
  8035  1935 5634.72140   39   86 5635.00000 5621.81944  0.23%   111  203s
  8376  1931 5630.41548   31  109 5635.00000 5622.57917  0.22%   111  208s
  8777  1940     cutoff   26      5635.00000 5623.17244  0.21%   110  213s
  9082  1901 5631.95087   39   97 5635.00000 5623.79983  0.20%   109  217s
  9356  1873     cutoff   32      5635.00000 5624.31544  0.19%   109  220s
  9830  1778     cutoff   32      5635.00000 5625.38777  0.17%   107  227s
 10346  1684     cutoff   33      5635.00000 5626.52356  0.15%   106  231s
 10753  1544     cutoff   35      5635.00000 5627.28243  0.14%   105  237s
 11139  1405 5632.90414   41  126 5635.00000 5628.03329  0.12%   104  241s
 11614  1185     cutoff   31      5635.00000 5629.18141  0.10%   103  245s
 12552   530     cutoff   27      5635.00000 5631.64989  0.06%  98.2  250s

Cutting planes:
  Gomory: 2
  Cover: 7
  MIR: 382
  Flow cover: 469
  Zero half: 1
  Network: 19

Explored 13189 nodes (1248416 simplex iterations) in 251.45 seconds
Thread count was 4 (of 4 available processors)

Optimal solution found (tolerance 1.00e-04)
Best objective 5.635000000000e+03, best bound 5.634724900928e+03, gap 0.0049%

Gurobi 6.5.1 (mac64) logging started Fri May  6 17:32:15 2016

Optimize a model with 3720 rows, 7200 columns and 14400 nonzeros
Coefficient statistics:
  Matrix range    [1e+00, 5e+01]
  Objective range [1e+00, 5e+01]
  Bounds range    [1e+00, 1e+00]
  RHS range       [1e+00, 5e+01]
Found heuristic solution: objective 37468
Presolve time: 0.02s
Presolved: 3720 rows, 7200 columns, 14400 nonzeros

MIP start did not produce a new incumbent solution

Variable types: 3600 continuous, 3600 integer (3600 binary)

Root relaxation: objective 5.157515e+03, 569 iterations, 0.02 seconds

    Nodes    |    Current Node    |     Objective Bounds      |     Work
 Expl Unexpl |  Obj  Depth IntInf | Incumbent    BestBd   Gap | It/Node Time

     0     0 5157.51472    0   75 37468.0000 5157.51472  86.2%     -    0s
H    0     0                    6013.0000000 5157.51472  14.2%     -    0s
H    0     0                    5757.0000000 5157.51472  10.4%     -    0s
     0     0 5317.88696    0  106 5757.00000 5317.88696  7.63%     -    0s
     0     0 5329.54442    0  113 5757.00000 5329.54442  7.42%     -    0s
     0     0 5395.82274    0  158 5757.00000 5395.82274  6.27%     -    0s
H    0     0                    5736.0000000 5395.82274  5.93%     -    1s
     0     0 5403.57094    0  135 5736.00000 5403.57094  5.80%     -    1s
     0     0 5433.26770    0  158 5736.00000 5433.26770  5.28%     -    1s
     0     0 5440.85587    0  178 5736.00000 5440.85587  5.15%     -    1s
     0     0 5466.57150    0  181 5736.00000 5466.57150  4.70%     -    1s
H    0     0                    5716.0000000 5466.57150  4.36%     -    1s
     0     0 5471.33292    0  186 5716.00000 5471.33292  4.28%     -    2s
     0     0 5483.56259    0  204 5716.00000 5483.56259  4.07%     -    2s
     0     0 5485.53104    0  197 5716.00000 5485.53104  4.03%     -    2s
     0     0 5489.71261    0  179 5716.00000 5489.71261  3.96%     -    2s
     0     0 5491.93449    0  201 5716.00000 5491.93449  3.92%     -    2s
     0     0 5498.15304    0  208 5716.00000 5498.15304  3.81%     -    2s
     0     0 5498.15304    0  204 5716.00000 5498.15304  3.81%     -    2s
     0     2 5498.15304    0  204 5716.00000 5498.15304  3.81%     -    3s
H   29    29                    5695.0000000 5500.53140  3.41%   133    4s
    51    53 5519.95131   17  151 5695.00000 5500.53140  3.41%   102    5s
H  145   144                    5667.0000000 5500.53140  2.94%  80.9    6s
H  206   205                    5662.0000000 5500.53140  2.85%  69.3    7s
   505   489 5521.12310   14  165 5662.00000 5502.50240  2.82%  52.6   10s
H  558   487                    5644.0000000 5502.50240  2.51%  54.0   11s
H  620   540                    5640.0000000 5502.50240  2.44%  54.5   12s
H  703   596                    5635.0000000 5502.50240  2.35%  51.7   13s
   765   656 5555.96585   79  124 5635.00000 5502.50240  2.35%  49.9   15s
   774   662 5597.42498  111  238 5635.00000 5519.85702  2.04%  49.3   20s
   780   666 5608.55272   94  249 5635.00000 5531.70500  1.83%  49.0   25s
   788   671 5566.04735   47  280 5635.00000 5536.77223  1.74%  48.5   30s
   797   677 5545.42691   51  268 5635.00000 5539.01685  1.70%  47.9   35s
   805   683 5555.96585   79  260 5635.00000 5539.82170  1.69%  47.4   40s
   813   688 5562.31533   61  280 5635.00000 5540.36516  1.68%  47.0   47s
   817   691 5545.42691   51  286 5635.00000 5540.73460  1.67%  46.7   50s
   825   696 5555.96585   79  281 5635.00000 5541.66960  1.66%  46.3   55s
   832   701 5547.06805   25  286 5635.00000 5542.13824  1.65%  45.9   60s
   839   705 5632.70821  141  248 5635.00000 5542.38004  1.64%  45.5   66s
   849   713 5598.57074  119  192 5635.00000 5542.41816  1.64%  65.2   70s
   853   716 5562.31533   61  252 5635.00000 5542.41816  1.64%  64.9   75s
   863   723 5620.64899  128  261 5635.00000 5543.24200  1.63%  64.2   80s
   872   729 5547.06805   25  245 5635.00000 5543.42705  1.63%  63.5   85s
   880   736 5543.50115   23  248 5635.00000 5543.50115  1.62%  71.4   91s
   882   737 5543.50437   24  235 5635.00000 5543.50437  1.62%  72.5   96s
   885   739 5569.26216   25  190 5635.00000 5543.50825  1.62%  75.8  100s
   897   754 5546.54587   28  231 5635.00000 5546.13028  1.58%  80.9  106s
   927   763 5547.08098   31  239 5635.00000 5546.13028  1.58%  89.8  110s
   975   798 5548.28069   34  215 5635.00000 5546.13028  1.58%   101  115s
  1035   839 5550.00673   38  226 5635.00000 5546.13028  1.58%   110  120s
  1117   883 5555.20499   46  193 5635.00000 5546.13028  1.58%   121  126s
  1246   969 5558.40008   56  178 5635.00000 5546.13028  1.58%   129  141s
  1411  1030     cutoff   66      5635.00000 5546.13028  1.58%   130  149s
  1518  1068 5573.60287   77  122 5635.00000 5546.13028  1.58%   131  153s
  1586  1114 5582.10363   91  112 5635.00000 5546.13028  1.58%   135  157s
  1691  1176 5591.63144  114   85 5635.00000 5546.13028  1.58%   136  162s
  1830  1235 5612.64186  158   93 5635.00000 5547.26663  1.56%   135  166s
  2057  1353 5555.76500   33  235 5635.00000 5547.26663  1.56%   129  172s
  2174  1416 5568.24368   48  149 5635.00000 5547.26663  1.56%   130  177s
  2378  1499 5611.32180  107   61 5635.00000 5549.75607  1.51%   127  184s
  2505  1576 5563.34789   35  204 5635.00000 5549.75607  1.51%   127  189s
  2587  1619 5582.52442   53  162 5635.00000 5549.79565  1.51%   130  195s
  2808  1746 5563.01248   35  185 5635.00000 5549.79565  1.51%   127  201s
  2919  1782 5577.94882   47  141 5635.00000 5549.79565  1.51%   128  207s
  3069  1869 5626.00990   93   73 5635.00000 5550.32774  1.50%   129  213s
  3226  1997 5568.16863   33  182 5635.00000 5550.40042  1.50%   131  220s
  3345  2100 5575.89037   37  206 5635.00000 5550.40042  1.50%   133  226s
  3532  2243 5619.40265   45  122 5635.00000 5550.40042  1.50%   133  235s
  3714  2369 5595.72736   57  136 5635.00000 5550.88729  1.49%   133  243s
  3942  2548 5555.72584   31  261 5635.00000 5551.16846  1.49%   133  250s
  4033  2610 5588.29029   56  139 5635.00000 5551.16908  1.49%   137  258s
  4200  2757 5560.75663   38  227 5635.00000 5551.16908  1.49%   137  265s
  4431  2936 5590.02141   68  127 5635.00000 5552.65095  1.46%   137  273s
  4605  3087 5564.18193   42  215 5635.00000 5552.72547  1.46%   138  281s
H 4674  2962                    5629.0000000 5552.72547  1.36%   139  281s
  4810  3069 5587.59331   54  117 5629.00000 5552.72547  1.36%   139  289s
  4970  3202 5611.15258   80  134 5629.00000 5552.89011  1.35%   140  297s
  5164  3343 5587.35357   36  194 5629.00000 5552.89011  1.35%   141  308s
  5292  3419 5619.01948   42  147 5629.00000 5554.03186  1.33%   144  318s
H 5424  3475                    5628.0000000 5554.03186  1.31%   145  318s
H 5459  3330                    5625.0000000 5554.03186  1.26%   146  328s
  5697  3521 5607.15598   57  117 5625.00000 5554.52410  1.25%   147  340s
H 5740  3272                    5621.0000000 5554.54312  1.18%   147  340s
  5864  3363 5616.42124   49  131 5621.00000 5554.83233  1.18%   149  352s
  6035  3508 5591.46807   61   84 5621.00000 5555.00701  1.17%   151  362s
  6214  3634 5560.70643   39  246 5621.00000 5555.06311  1.17%   152  371s
  6380  3775 5579.42258   50  143 5621.00000 5555.37388  1.17%   154  382s
  6580  3900 5577.67508   37  200 5621.00000 5555.77996  1.16%   156  393s
  6802  4081 5599.16610   49  182 5621.00000 5556.12256  1.15%   159  407s
  7017  4256 5614.86094   62  140 5621.00000 5556.20257  1.15%   161  421s
  7226  4414 5602.72306   54  109 5621.00000 5556.28467  1.15%   163  437s
  7478  4599 5584.82524   57  183 5621.00000 5556.62491  1.15%   165  452s
  7789  4850 5598.56845   67  146 5621.00000 5556.94211  1.14%   165  468s
  8055  5063 5603.31242   44  160 5621.00000 5557.13411  1.14%   167  486s
H 8366  5157                    5619.0000000 5557.48248  1.09%   168  503s
  8687  5397 5588.96489   60  137 5619.00000 5557.63368  1.09%   169  522s
  9039  5639 5610.31923   69   53 5619.00000 5558.01351  1.09%   171  541s
H 9193  5650                    5618.0000000 5558.01614  1.07%   171  541s
  9297  5709 5590.17646   56  193 5618.00000 5558.33891  1.06%   173  560s
  9699  6019 5593.52132   50  167 5618.00000 5558.63553  1.06%   174  580s
 10025  6260 5575.28281   39  184 5618.00000 5559.26848  1.05%   174  603s
 10461  6599 5570.05925   37  226 5618.00000 5559.39914  1.04%   174  625s
 10694  6753 5585.76134   33  206 5618.00000 5559.47697  1.04%   176  647s
 11116  7088 5610.11010   50  187 5618.00000 5559.93332  1.03%   177  669s
 11325  7226 5585.17785   35  226 5618.00000 5560.16643  1.03%   178  693s
 11798  7605 5566.09309   41  209 5618.00000 5560.63365  1.02%   178  717s
 12227  7933 5578.40322   50  198 5618.00000 5560.76943  1.02%   179  740s
 12568  8180 5600.75501   51  165 5618.00000 5561.10398  1.01%   182  764s
 12911  8416 5570.30088   41  176 5618.00000 5561.29634  1.01%   183  788s
 13310  8692 5597.61238   51  139 5618.00000 5561.53429  1.01%   185  811s
 13702  8952 5594.66470   36  223 5618.00000 5561.71904  1.00%   186  835s
 14105  9243     cutoff   70      5618.00000 5561.96920  1.00%   187  856s
 14237  9335 5576.95852   40  159 5618.00000 5562.07209  1.00%   187  881s
 14615  9597     cutoff   43      5618.00000 5562.14355  0.99%   189  906s
 15032  9881 5565.55576   35  201 5618.00000 5562.39450  0.99%   190  927s
 15555 10308 5582.36806   45  125 5618.00000 5562.60428  0.99%   189  953s
 16033 10642 5609.32992   49  147 5618.00000 5562.76292  0.98%   189  978s
 16442 10955 5575.21030   38  193 5618.00000 5562.93435  0.98%   190 1003s
 16920 11326 5616.05723   71  117 5618.00000 5563.09190  0.98%   190 1028s
 17298 11574 5596.01745   46  183 5618.00000 5563.33969  0.97%   191 1053s
 17761 11890 5596.98327   58   86 5618.00000 5563.45888  0.97%   191 1078s
 18226 12199 5584.66043   52  183 5618.00000 5563.74251  0.97%   192 1103s
 18571 12431 5574.19960   39  187 5618.00000 5563.93002  0.96%   193 1128s
 19014 12767 5571.87361   39  203 5618.00000 5564.04962  0.96%   193 1153s
 19538 13168 5593.05327   61  151 5618.00000 5564.22201  0.96%   193 1178s
H19962 11876                    5612.0000000 5564.23290  0.85%   193 1178s
 20016 11980 5574.28203   46  224 5612.00000 5564.29537  0.85%   193 1202s
 20487 12291 5585.39755   46  183 5612.00000 5564.52669  0.85%   193 1227s
 20838 12540 5610.95536   82  204 5612.00000 5564.70750  0.84%   194 1257s
 20843 12543 5610.15798   79  179 5612.00000 5564.70750  0.84%   194 1260s
 20850 12548 5585.60931   47  227 5612.00000 5564.70750  0.84%   194 1265s
 20856 12552 5598.07453   92  262 5612.00000 5564.70750  0.84%   194 1270s
 20858 12553 5610.95536   82  262 5612.00000 5564.70750  0.84%   194 1275s
 20865 12558 5574.73665   48  265 5612.00000 5564.70750  0.84%   194 1280s
 20871 12562 5597.34818   38  265 5612.00000 5564.70750  0.84%   194 1285s
 20878 12567 5610.95536   82  264 5612.00000 5564.70750  0.84%   194 1290s
 20885 12571 5574.73665   48  265 5612.00000 5564.70750  0.84%   193 1295s
 20892 12576 5592.56003   71  274 5612.00000 5564.70750  0.84%   193 1300s
 20895 12578 5604.96521   96  267 5612.00000 5564.70750  0.84%   193 1305s
 20901 12582 5588.23810   56  271 5612.00000 5564.70750  0.84%   193 1310s
 20908 12587 5599.33458   61  277 5612.00000 5564.70750  0.84%   193 1315s
 20914 12591 5581.15340   44  275 5612.00000 5564.70750  0.84%   193 1320s
 20919 12594 5604.44356   96  284 5612.00000 5564.70750  0.84%   193 1325s
 20925 12598 5574.73665   48  274 5612.00000 5564.70750  0.84%   193 1330s
 20931 12602 5597.34818   38  279 5612.00000 5564.70750  0.84%   193 1338s
 20933 12603 5582.34085   53  286 5612.00000 5564.70750  0.84%   193 1340s
 20937 12606 5606.51203   94  292 5612.00000 5564.70750  0.84%   193 1346s
 20941 12609 5588.23810   56  289 5612.00000 5564.70750  0.84%   193 1354s
 20942 12609 5575.98396   41  289 5612.00000 5564.70750  0.84%   193 1355s
 20944 12613 5564.70750   32  272 5612.00000 5564.70750  0.84%   194 1367s
 20945 12613 5564.70750   32  231 5612.00000 5564.70750  0.84%   194 1384s
 20946 12614 5564.70750   33  263 5612.00000 5564.70750  0.84%   194 1396s
 20947 12615 5573.56247   33  215 5612.00000 5564.70750  0.84%   194 1405s
 20948 12615 5564.70750   34  252 5612.00000 5564.70750  0.84%   194 1414s
 20949 12616 5564.70750   34  254 5612.00000 5564.70750  0.84%   194 1424s
 20950 12615 5564.70750   35  273 5612.00000 5564.70750  0.84%   194 1435s
 20951 12619 5566.56979   35  203 5612.00000 5564.70750  0.84%   194 1451s
 20954 12621 5564.70750   36  275 5612.00000 5564.70750  0.84%   194 1490s
 20996 12630 5564.70750   39  254 5612.00000 5564.70750  0.84%   194 1542s
H21205 12092                    5608.0000000 5564.70750  0.77%   195 1597s
 22166 12404 5565.92806   38  173 5608.00000 5564.70750  0.77%   193 1653s
H22949 12098                    5607.0000000 5564.70750  0.75%   194 1705s
 23410 12252 5581.11250   54  166 5607.00000 5564.70750  0.75%   195 1765s
 24408 12621 5600.59810   52  159 5607.00000 5564.70750  0.75%   197 1829s
H24865 11935                    5603.0000000 5564.70750  0.68%   196 1829s
 25630 12272 5579.74525   57  119 5603.00000 5564.70750  0.68%   196 1897s
 26679 12593 5602.30381   68  110 5603.00000 5564.70750  0.68%   198 1969s
 27975 13025 5585.68588   49  185 5603.00000 5565.90273  0.66%   198 2043s
 29270 13393 5583.30764   49  153 5603.00000 5567.11581  0.64%   199 2110s
 30445 13761 5575.92804   49  191 5603.00000 5567.95537  0.63%   200 2181s
 31820 14134 5597.56629   98  116 5603.00000 5569.06467  0.61%   201 2257s
 33363 14544 5584.66386   61  183 5603.00000 5569.72450  0.59%   200 2327s
 34611 14841     cutoff   57      5603.00000 5570.63180  0.58%   201 2393s
 35811 15142 5580.50270   45  225 5603.00000 5571.19489  0.57%   202 2456s
 37022 15463 5598.19275   63  142 5603.00000 5571.74059  0.56%   202 2514s
 38233 15761 5601.13425   54  146 5603.00000 5572.08007  0.55%   202 2571s
 39454 16087 5584.09921   53  171 5603.00000 5572.59337  0.54%   201 2617s
 39891 16177 5582.30109   59  139 5603.00000 5572.65479  0.54%   201 2674s
 41000 16462 5587.63079   47   96 5603.00000 5573.08167  0.53%   201 2728s
 42005 16649     cutoff   41      5603.00000 5573.48954  0.53%   201 2779s
 42942 16821 5583.27750   42  161 5603.00000 5573.75701  0.52%   201 2830s
 43968 17024 5596.76346   53  145 5603.00000 5574.15331  0.51%   201 2871s
 45085 17262 5587.00787   60  150 5603.00000 5574.47123  0.51%   201 2916s
 46122 17562 5589.17530   56  168 5603.00000 5574.65364  0.51%   201 2954s
 47150 17726     cutoff   63      5603.00000 5574.99270  0.50%   200 2997s
 48173 17914 5585.47095   45  153 5603.00000 5575.20256  0.50%   200 3039s
 49024 18031     cutoff   56      5603.00000 5575.42494  0.49%   200 3083s
 49993 18241 5597.52642   75   87 5603.00000 5575.59760  0.49%   200 3125s
 50999 18392 5592.47940   50  156 5603.00000 5575.88128  0.48%   199 3165s
 51918 18514 5586.35360   53  149 5603.00000 5576.08900  0.48%   199 3208s
 52835 18674     cutoff   69      5603.00000 5576.26431  0.48%   199 3248s
 53742 18924 5595.25440   67  169 5603.00000 5576.43020  0.47%   199 3286s
 54549 19372 5584.47663   54   87 5603.00000 5576.58874  0.47%   198 3325s
 55470 19854     cutoff   94      5603.00000 5576.75164  0.47%   198 3364s
 56452 20405 5595.04977   80  100 5603.00000 5576.85222  0.47%   198 3402s
 57260 20809 5586.09465   61  100 5603.00000 5576.99839  0.46%   198 3436s
 57728 21031 5599.56560   80  109 5603.00000 5577.06945  0.46%   198 3474s
 58565 21461 5587.02254   49  165 5603.00000 5577.23484  0.46%   197 3513s
 59444 21900 5589.08932   51  193 5603.00000 5577.36710  0.46%   197 3551s
 60343 22314 5588.27989   51  153 5603.00000 5577.49404  0.46%   197 3588s
 61264 22755     cutoff   65      5603.00000 5577.61771  0.45%   196 3624s
 62120 23123 5589.41007   53  141 5603.00000 5577.76617  0.45%   196 3661s
 63003 23597 5586.85826   40  185 5603.00000 5577.87326  0.45%   196 3694s
 63857 24006 5584.28636   57  167 5603.00000 5578.00267  0.45%   196 3725s
 64768 24421 5597.16777   76  137 5603.00000 5578.11237  0.44%   195 3759s
 65649 24878 5586.81680   57  117 5603.00000 5578.26361  0.44%   195 3789s
 66527 25319 5598.51153   83  144 5603.00000 5578.36588  0.44%   195 3816s
 67406 25724 5591.29218   54  156 5603.00000 5578.47778  0.44%   194 3851s
 68330 26204 5581.43777   61  164 5603.00000 5578.58079  0.44%   194 3883s
 69033 26554 5600.74103   63  103 5603.00000 5578.66039  0.43%   194 3915s
H69309 25744                    5601.0000000 5578.66153  0.40%   193 3915s
 69838 26006 5590.65867   69  161 5601.00000 5578.73348  0.40%   193 3948s
 70695 26417 5585.43691   54  191 5601.00000 5578.88243  0.39%   193 3976s
 71098 26565 5598.14946   63  138 5601.00000 5578.95915  0.39%   193 4006s
 71921 26943 5598.78141   58  161 5601.00000 5579.04967  0.39%   193 4039s
 72689 27253 5593.65435   49  164 5601.00000 5579.17328  0.39%   193 4071s
 73520 27592 5600.34799   66  139 5601.00000 5579.30393  0.39%   192 4102s
 74298 27896     cutoff   82      5601.00000 5579.41059  0.39%   192 4134s
 75050 28200 5599.21366   52   87 5601.00000 5579.53583  0.38%   192 4165s
 76019 28714 5597.59666   79   75 5601.00000 5579.61501  0.38%   191 4197s
H76287 22936                    5597.0000000 5579.61775  0.31%   191 4197s
 76855 23154 5595.98573   40  211 5597.00000 5579.71857  0.31%   191 4229s
 77639 23417 5593.94551   62   82 5597.00000 5579.84674  0.31%   191 4260s
 78431 23683 5594.07277   44  199 5597.00000 5579.95266  0.30%   190 4291s
 79210 23977 5584.41483   57  144 5597.00000 5580.07192  0.30%   190 4318s
 79617 24046 5582.33094   48  143 5597.00000 5580.12274  0.30%   190 4348s
 80394 24299 5592.85852   87   40 5597.00000 5580.19990  0.30%   190 4378s
 81176 24589 5592.53342   56  114 5597.00000 5580.31749  0.30%   190 4409s
 81957 24863     cutoff   52      5597.00000 5580.42969  0.30%   190 4435s
 82690 25097 5595.54318   61   72 5597.00000 5580.54691  0.29%   189 4459s
 83452 25320 5592.33186   62  137 5597.00000 5580.64451  0.29%   189 4487s
 84264 25550 5585.70806   49  156 5597.00000 5580.75867  0.29%   189 4515s
 84936 25729 5588.47975   65   78 5597.00000 5580.84811  0.29%   189 4538s
 85673 25935 5594.51778   55  191 5597.00000 5580.92443  0.29%   189 4562s
 86444 26141 5586.01683  116  126 5597.00000 5581.00736  0.29%   188 4590s
 87235 26409 5586.44287   55  180 5597.00000 5581.12426  0.28%   188 4619s
 87986 26613     cutoff   93      5597.00000 5581.19847  0.28%   188 4648s
 88802 26852     cutoff   63      5597.00000 5581.30150  0.28%   188 4674s
 89529 27023     cutoff   48      5597.00000 5581.40830  0.28%   187 4701s
 90281 27254     cutoff   63      5597.00000 5581.50452  0.28%   187 4728s
 91064 27495 5589.98494   41  175 5597.00000 5581.56669  0.28%   187 4755s
 91816 27658 5595.51437   60  154 5597.00000 5581.64280  0.27%   187 4782s
 92610 27955 5585.36150   61  156 5597.00000 5581.71717  0.27%   187 4808s
 93382 28188 5592.63671   64  158 5597.00000 5581.78062  0.27%   186 4835s
 94069 28368 5592.17030   57  129 5597.00000 5581.85473  0.27%   186 4861s
 94883 28566     cutoff   70      5597.00000 5581.94665  0.27%   186 4886s
 95546 28689     cutoff   43      5597.00000 5582.02615  0.27%   186 4912s
 96326 28908     cutoff   47      5597.00000 5582.10915  0.27%   186 4937s
 97063 29066     cutoff   69      5597.00000 5582.21429  0.26%   185 4961s
 97724 29260     cutoff   55      5597.00000 5582.25915  0.26%   185 4986s
 98486 29507 5592.27774   58  129 5597.00000 5582.32181  0.26%   185 5010s
 99201 29681 5595.16685   54  122 5597.00000 5582.40845  0.26%   185 5033s
 99797 29795 5587.94185   55  115 5597.00000 5582.48093  0.26%   185 5056s
 100505 29957 5591.74496   58  106 5597.00000 5582.57242  0.26%   184 5080s
 101179 30131 5585.34264   54  157 5597.00000 5582.64415  0.26%   184 5104s
 101870 30290     cutoff   57      5597.00000 5582.70550  0.26%   184 5129s
 102567 30421 5592.03559   54  159 5597.00000 5582.79478  0.25%   184 5154s
 103272 30597 5589.16214   69  151 5597.00000 5582.86174  0.25%   184 5179s
 104104 30833 5588.11947   55  136 5597.00000 5582.94233  0.25%   183 5203s
 104741 30965 5585.67191   64  161 5597.00000 5583.00161  0.25%   183 5224s
 105345 31065     cutoff   50      5597.00000 5583.07672  0.25%   183 5248s
 106085 31275 5587.47926   46  148 5597.00000 5583.15211  0.25%   183 5273s
 106803 31440 5594.33772   66  135 5597.00000 5583.19744  0.25%   183 5294s
 107515 31611 5593.62563   43  119 5597.00000 5583.26420  0.25%   182 5314s
 108214 31734 5595.61744   60  137 5597.00000 5583.31672  0.24%   182 5336s
 108865 31881 5590.56513   62  121 5597.00000 5583.38061  0.24%   182 5359s
 109625 32082     cutoff   59      5597.00000 5583.44003  0.24%   182 5379s
 110314 32201 5590.20395   64  167 5597.00000 5583.50213  0.24%   182 5398s
 111005 32398 5584.75921   61  136 5597.00000 5583.54628  0.24%   181 5422s
 111775 32573 5590.34540   54   99 5597.00000 5583.61981  0.24%   181 5445s
 112415 32685     cutoff   88      5597.00000 5583.67488  0.24%   181 5465s
 113100 32842     cutoff   68      5597.00000 5583.73098  0.24%   181 5488s
 113891 33019 5590.55252   52  163 5597.00000 5583.78923  0.24%   180 5509s
 114387 33172 5594.01309   56  115 5597.00000 5583.84750  0.23%   180 5510s
 114538 33155 5590.34257   51  111 5597.00000 5583.85067  0.23%   180 5532s
 115255 33313     cutoff   90      5597.00000 5583.90514  0.23%   180 5552s
 115891 33395 5593.16965   57  178 5597.00000 5583.96985  0.23%   180 5573s
 116624 33546 5587.45809   61  128 5597.00000 5584.02138  0.23%   180 5594s
 117265 33675 5593.35543   71  163 5597.00000 5584.07799  0.23%   179 5617s
 117920 33820     cutoff   58      5597.00000 5584.12456  0.23%   179 5638s
 118576 33947 5596.58595   57  182 5597.00000 5584.16333  0.23%   179 5660s
 119330 34151     cutoff   49      5597.00000 5584.22014  0.23%   179 5680s
 120000 34278 5591.16198   55  132 5597.00000 5584.27053  0.23%   178 5698s
 120646 34394     cutoff   46      5597.00000 5584.30311  0.23%   178 5719s
 121375 34557 5590.08873   62  143 5597.00000 5584.34926  0.23%   178 5741s
 122108 34713 5589.65339   64   90 5597.00000 5584.39959  0.23%   178 5760s
 122723 34825     cutoff   52      5597.00000 5584.44305  0.22%   178 5780s
 123437 34990 5594.24568   47  162 5597.00000 5584.49278  0.22%   177 5799s
 124056 35100     cutoff   64      5597.00000 5584.55034  0.22%   177 5822s
 124803 35272     cutoff   66      5597.00000 5584.59202  0.22%   177 5843s
 125450 35389     cutoff   70      5597.00000 5584.63962  0.22%   177 5863s
 126192 35579     cutoff   45      5597.00000 5584.70123  0.22%   176 5883s
 126793 35709     cutoff   64      5597.00000 5584.74994  0.22%   176 5905s
 127462 35782 5590.34484   42  144 5597.00000 5584.79123  0.22%   176 5926s
 128128 35931 5585.93932   68  152 5597.00000 5584.83617  0.22%   176 5948s
 128832 36084 5590.37875   66  165 5597.00000 5584.87673  0.22%   176 5968s
 129436 36132 5595.01758   55   96 5597.00000 5584.91682  0.22%   176 5988s
 130051 36265 5586.96794   48  122 5597.00000 5584.96758  0.21%   175 6009s
 130810 36439 5590.66574   52  147 5597.00000 5585.00400  0.21%   175 6028s
 131433 36538 5588.42266   55  130 5597.00000 5585.04858  0.21%   175 6043s
 132044 36625 5586.92641   61  115 5597.00000 5585.07684  0.21%   175 6061s
 132671 36755 5592.48008   60  131 5597.00000 5585.13422  0.21%   175 6081s
 133175 36799     cutoff   86      5597.00000 5585.16624  0.21%   174 6096s
 133766 36876     cutoff   83      5597.00000 5585.22385  0.21%   174 6114s
 134437 37011 5590.14145   60   93 5597.00000 5585.25224  0.21%   174 6134s
 135127 37143 5588.72389   64  154 5597.00000 5585.29230  0.21%   174 6148s
 135659 37209 5592.80824   56  149 5597.00000 5585.34224  0.21%   174 6160s
 136273 37317     cutoff   50      5597.00000 5585.38184  0.21%   173 6177s
 136930 37449 5587.89208   48  189 5597.00000 5585.42085  0.21%   173 6196s
 137626 37574     cutoff   46      5597.00000 5585.46867  0.21%   173 6215s
 138240 37642 5595.75103   60  132 5597.00000 5585.50076  0.21%   173 6232s
 138842 37704     cutoff   75      5597.00000 5585.54199  0.20%   173 6247s
 139372 37818 5589.68582   69  126 5597.00000 5585.58512  0.20%   173 6263s
 139913 37884 5591.63325   69  145 5597.00000 5585.63245  0.20%   172 6281s
 140448 37950 5594.92913   56  184 5597.00000 5585.66344  0.20%   172 6299s
 141020 38010     cutoff   60      5597.00000 5585.69971  0.20%   172 6315s
 141596 38076     cutoff   63      5597.00000 5585.73866  0.20%   172 6332s
 142126 38118 5596.63913   47  171 5597.00000 5585.77502  0.20%   172 6348s
 142699 38202 5595.76719   48  144 5597.00000 5585.81896  0.20%   172 6365s
 143195 38240 5590.25428   58  136 5597.00000 5585.86118  0.20%   172 6382s
 143888 38345 5594.90654   84   29 5597.00000 5585.89655  0.20%   171 6399s
 144513 38440 5589.96705   61  145 5597.00000 5585.93505  0.20%   171 6414s
 145042 38479 5591.05838   68  147 5597.00000 5585.97268  0.20%   171 6430s
 145594 38615     cutoff   55      5597.00000 5586.00232  0.20%   171 6445s
 145942 38631     cutoff   51      5597.00000 5586.00816  0.20%   171 6459s
 146452 38683 5594.27250   62  136 5597.00000 5586.05947  0.20%   171 6476s
 146998 38707 5592.58988   70  152 5597.00000 5586.08548  0.20%   171 6492s
 147549 38780     cutoff   60      5597.00000 5586.12568  0.19%   171 6506s
 148007 38803     cutoff   52      5597.00000 5586.15816  0.19%   170 6521s
 148516 38832     cutoff   56      5597.00000 5586.18907  0.19%   170 6535s
 149006 38893 5592.42281   53  179 5597.00000 5586.22431  0.19%   170 6551s
 149567 38965     cutoff   68      5597.00000 5586.26053  0.19%   170 6567s
 150128 39001     cutoff   66      5597.00000 5586.29750  0.19%   170 6583s
 150674 39061 5594.68125   59  157 5597.00000 5586.32274  0.19%   170 6595s
 151181 39147     cutoff   48      5597.00000 5586.35375  0.19%   170 6611s
 151672 39212     cutoff   55      5597.00000 5586.37667  0.19%   170 6625s
 152250 39283     cutoff   52      5597.00000 5586.40647  0.19%   169 6642s
 152779 39303 5595.37511   57  145 5597.00000 5586.43807  0.19%   169 6654s
 153273 39371 5586.83726   54  130 5597.00000 5586.47457  0.19%   169 6669s
 153840 39484 5588.25059   55  108 5597.00000 5586.50549  0.19%   169 6681s
 154287 39486     cutoff   79      5597.00000 5586.53383  0.19%   169 6694s
 154693 39493 5588.49372   55  168 5597.00000 5586.55459  0.19%   169 6706s
 155189 39528     cutoff   52      5597.00000 5586.58467  0.19%   169 6719s
 155654 39586     cutoff   72      5597.00000 5586.61350  0.19%   168 6732s
 156102 39610     cutoff   66      5597.00000 5586.64429  0.19%   168 6749s
 156741 39749     cutoff   63      5597.00000 5586.67561  0.18%   168 6767s
 157269 39783 5588.69678   76  129 5597.00000 5586.69568  0.18%   168 6781s
 157776 39796 5593.87765   64  115 5597.00000 5586.73394  0.18%   168 6792s
 158240 39837 5592.64596   62  172 5597.00000 5586.76252  0.18%   168 6806s
 158817 39927 5589.23954   68  150 5597.00000 5586.79569  0.18%   168 6818s
 159256 39932 5589.76004   50  183 5597.00000 5586.82590  0.18%   168 6833s
 159860 40015     cutoff   67      5597.00000 5586.85922  0.18%   167 6848s
 160440 40119     cutoff   69      5597.00000 5586.89024  0.18%   167 6861s
 160906 40147 5590.66666   55  162 5597.00000 5586.92048  0.18%   167 6873s
 161467 40197     cutoff   54      5597.00000 5586.95031  0.18%   167 6890s
 162064 40272 5596.76321   69   73 5597.00000 5586.97813  0.18%   167 6903s
 162477 40282     cutoff   50      5597.00000 5587.00707  0.18%   167 6916s
 162925 40293 5596.19921   51  158 5597.00000 5587.03422  0.18%   167 6929s
 163408 40350 5590.33739   65  118 5597.00000 5587.06181  0.18%   166 6940s
 163884 40387 5593.64407   58  159 5597.00000 5587.09027  0.18%   166 6954s
 164390 40425 5596.10537   56  138 5597.00000 5587.11511  0.18%   166 6968s
 164897 40474 5588.12467   52  186 5597.00000 5587.14372  0.18%   166 6983s
 165466 40526     cutoff   63      5597.00000 5587.17268  0.18%   166 6997s
 166009 40602     cutoff   60      5597.00000 5587.19912  0.18%   166 7008s
 166460 40626 5587.47972   62  138 5597.00000 5587.22568  0.17%   166 7019s
 166955 40627 5595.10990   64  167 5597.00000 5587.25347  0.17%   166 7031s
 167410 40651 5587.91122   58  142 5597.00000 5587.27862  0.17%   165 7045s
 167914 40699 5595.12307   47  125 5597.00000 5587.30298  0.17%   165 7059s
 168374 40717     cutoff   60      5597.00000 5587.32449  0.17%   165 7072s
 168828 40743     cutoff   88      5597.00000 5587.35209  0.17%   165 7083s
 169259 40744     cutoff   54      5597.00000 5587.37764  0.17%   165 7093s
 169673 40731     cutoff   53      5597.00000 5587.40345  0.17%   165 7104s
 170138 40781     cutoff   78      5597.00000 5587.42729  0.17%   165 7117s
 170635 40783 5589.79031   55  181 5597.00000 5587.45259  0.17%   165 7129s
 171129 40827 5591.77033   57  120 5597.00000 5587.48080  0.17%   165 7137s
 171608 40851 5591.23585   68   97 5597.00000 5587.50503  0.17%   164 7149s
 172184 40917 5589.47027   57  113 5597.00000 5587.53115  0.17%   164 7160s
 172722 40962 5591.63115   53  139 5597.00000 5587.55442  0.17%   164 7171s
 173129 40988     cutoff   63      5597.00000 5587.57897  0.17%   164 7183s
 173647 41072     cutoff   68      5597.00000 5587.60368  0.17%   164 7197s
 174096 41061 5596.46722   58  147 5597.00000 5587.62751  0.17%   164 7210s
 174642 41102 5589.33294   65  113 5597.00000 5587.65738  0.17%   164 7219s
 175106 41128     cutoff   55      5597.00000 5587.68305  0.17%   163 7229s
 175568 41130     cutoff   58      5597.00000 5587.71186  0.17%   163 7240s
 175934 41135 5589.80341   56  148 5597.00000 5587.73202  0.17%   163 7251s
 176372 41149 5590.55912   82  118 5597.00000 5587.75281  0.17%   163 7262s
 176811 41176 5590.77844   54  154 5597.00000 5587.77762  0.16%   163 7275s
 177332 41218     cutoff   47      5597.00000 5587.80204  0.16%   163 7286s
 177731 41216     cutoff   68      5597.00000 5587.82729  0.16%   163 7294s
 178062 41207 5589.17359   51  164 5597.00000 5587.85112  0.16%   163 7304s
 178490 41193 5591.88182   51  138 5597.00000 5587.87453  0.16%   163 7315s
 178899 41189     cutoff   56      5597.00000 5587.89698  0.16%   162 7325s
 179278 41178 5589.99451   59  130 5597.00000 5587.91917  0.16%   162 7335s
 179719 41181     cutoff   81      5597.00000 5587.94415  0.16%   162 7344s
 180062 41162 5591.45706   44  152 5597.00000 5587.96864  0.16%   162 7357s
 180594 41198     cutoff   51      5597.00000 5587.98859  0.16%   162 7369s
 181062 41233     cutoff   54      5597.00000 5588.01421  0.16%   162 7377s
 181400 41201 5590.68556   53  135 5597.00000 5588.03880  0.16%   162 7388s
 181753 41176 5594.89256   74  108 5597.00000 5588.06268  0.16%   162 7402s
 182276 41217 5592.01373   53  148 5597.00000 5588.08201  0.16%   162 7412s
 182672 41220 5594.06838   46  172 5597.00000 5588.10430  0.16%   162 7421s
 183071 41201     cutoff   46      5597.00000 5588.12344  0.16%   161 7430s
 183402 41185 5596.50235   84  119 5597.00000 5588.14758  0.16%   161 7439s
 183768 41181     cutoff   46      5597.00000 5588.16942  0.16%   161 7450s
 184175 41162     cutoff   55      5597.00000 5588.19238  0.16%   161 7462s
 184660 41171     cutoff   77      5597.00000 5588.21862  0.16%   161 7472s
 185029 41179 5594.58812   65  121 5597.00000 5588.24063  0.16%   161 7483s
 185480 41187     cutoff   76      5597.00000 5588.26218  0.16%   161 7491s
 185872 41167 5591.48441   71  126 5597.00000 5588.28367  0.16%   161 7500s
 186302 41165     cutoff   69      5597.00000 5588.30696  0.16%   161 7509s
 186694 41188 5588.91257   65  108 5597.00000 5588.33253  0.15%   161 7516s
 187089 41172 5592.31300   64  128 5597.00000 5588.35148  0.15%   160 7525s
 187596 41231     cutoff   62      5597.00000 5588.37523  0.15%   160 7540s
 187996 41228     cutoff   62      5597.00000 5588.39941  0.15%   160 7548s
 188367 41207     cutoff   65      5597.00000 5588.41732  0.15%   160 7555s
 188686 41208     cutoff   55      5597.00000 5588.44003  0.15%   160 7565s
 189054 41188     cutoff   62      5597.00000 5588.46007  0.15%   160 7572s
 189412 41179     cutoff   48      5597.00000 5588.47825  0.15%   160 7580s
 189798 41174     cutoff   54      5597.00000 5588.50005  0.15%   160 7586s
 190170 41186     cutoff   79      5597.00000 5588.51991  0.15%   160 7598s
 190536 41192     cutoff   56      5597.00000 5588.52697  0.15%   160 7608s
 190949 41200     cutoff   71      5597.00000 5588.55556  0.15%   159 7616s
 191295 41200     cutoff   58      5597.00000 5588.57606  0.15%   159 7624s
 191608 41173     cutoff   47      5597.00000 5588.59310  0.15%   159 7635s
 191976 41154     cutoff   73      5597.00000 5588.61445  0.15%   159 7642s
 192319 41100     cutoff   68      5597.00000 5588.63464  0.15%   159 7651s
 192685 41085     cutoff   73      5597.00000 5588.65712  0.15%   159 7659s
 193051 41081 5595.58183   51  162 5597.00000 5588.67535  0.15%   159 7670s
 193536 41109     cutoff   53      5597.00000 5588.69572  0.15%   159 7678s
 193861 41068 5593.18804   68  130 5597.00000 5588.71606  0.15%   159 7686s
 194257 41059 5590.64443   65  138 5597.00000 5588.73477  0.15%   159 7697s
 194721 41063     cutoff   71      5597.00000 5588.75655  0.15%   159 7705s
 195164 41081 5595.23812   77   51 5597.00000 5588.77363  0.15%   158 7712s
 195480 41032 5591.54825   55   90 5597.00000 5588.79105  0.15%   158 7722s
 195881 41034 5591.46455   71  153 5597.00000 5588.81202  0.15%   158 7731s
 196275 41047     cutoff   68      5597.00000 5588.83395  0.15%   158 7740s
 196646 41051 5593.04883   66  125 5597.00000 5588.85012  0.15%   158 7747s
 197027 41035     cutoff   63      5597.00000 5588.86982  0.15%   158 7756s
 197355 40980 5590.22998   58  135 5597.00000 5588.88442  0.14%   158 7765s
 197664 40952 5590.47079   78   89 5597.00000 5588.90328  0.14%   158 7772s
 198017 40929     cutoff   59      5597.00000 5588.92063  0.14%   158 7783s
 198436 40931     cutoff   45      5597.00000 5588.93873  0.14%   158 7793s
 198847 40938 5593.39003   73   85 5597.00000 5588.95469  0.14%   158 7803s
 199228 40916 5595.09755   58  131 5597.00000 5588.97143  0.14%   158 7811s
 199567 40899 5589.98984   64  126 5597.00000 5588.98934  0.14%   157 7819s
 199914 40859     cutoff   77      5597.00000 5589.00760  0.14%   157 7827s
 200244 40821     cutoff   66      5597.00000 5589.02420  0.14%   157 7835s
 200597 40765 5589.49882   49  137 5597.00000 5589.04246  0.14%   157 7844s
 200903 40730     cutoff   47      5597.00000 5589.06243  0.14%   157 7855s
 201293 40703     cutoff   52      5597.00000 5589.07999  0.14%   157 7865s
 201713 40695     cutoff   71      5597.00000 5589.09859  0.14%   157 7872s
 202094 40669 5591.85853   81   89 5597.00000 5589.11595  0.14%   157 7878s
 202429 40667 5590.07948   49  157 5597.00000 5589.13554  0.14%   157 7883s
 202745 40631 5590.25073   49  134 5597.00000 5589.15463  0.14%   157 7889s
 203083 40613 5596.51297   52   98 5597.00000 5589.17029  0.14%   157 7896s
 203480 40607     cutoff   76      5597.00000 5589.18819  0.14%   156 7902s
 203787 40573     cutoff   71      5597.00000 5589.20673  0.14%   156 7907s
 204097 40554 5590.11004   58  107 5597.00000 5589.22411  0.14%   156 7915s
 204446 40533     cutoff  148      5597.00000 5589.24019  0.14%   156 7924s
 204792 40493 5593.12502   57  186 5597.00000 5589.25819  0.14%   156 7931s
 205147 40463 5596.55059   65  115 5597.00000 5589.27497  0.14%   156 7938s
 205443 40415     cutoff   58      5597.00000 5589.29542  0.14%   156 7945s
 205730 40361     cutoff   51      5597.00000 5589.31241  0.14%   156 7954s
 206078 40335     cutoff   55      5597.00000 5589.33021  0.14%   156 7960s
 206407 40295     cutoff   60      5597.00000 5589.34781  0.14%   156 7968s
 206785 40287     cutoff   86      5597.00000 5589.36453  0.14%   156 7974s
 207116 40263     cutoff   59      5597.00000 5589.38290  0.14%   156 7979s
 207432 40234     cutoff   52      5597.00000 5589.40000  0.14%   156 7986s
 207831 40231 5596.08412   64   95 5597.00000 5589.41519  0.14%   155 7991s
 208156 40215     cutoff   75      5597.00000 5589.43234  0.14%   155 8000s
 208559 40221     cutoff   62      5597.00000 5589.45460  0.13%   155 8005s
 208832 40196 5591.29171   62  129 5597.00000 5589.46527  0.13%   155 8018s
 209132 40154 5592.36218   74   87 5597.00000 5589.47720  0.13%   155 8027s
 209461 40119     cutoff   55      5597.00000 5589.49475  0.13%   155 8035s
 209791 40074     cutoff   57      5597.00000 5589.51258  0.13%   155 8042s
 210084 40039     cutoff   64      5597.00000 5589.52732  0.13%   155 8051s
 210479 40014     cutoff   74      5597.00000 5589.54374  0.13%   155 8058s
 210775 39964 5596.89457   55  147 5597.00000 5589.55934  0.13%   155 8066s
 211177 39961     cutoff   65      5597.00000 5589.57655  0.13%   155 8073s
 211513 39936     cutoff   71      5597.00000 5589.59358  0.13%   155 8080s
 211884 39911     cutoff   60      5597.00000 5589.61049  0.13%   154 8089s
 212166 39849     cutoff   61      5597.00000 5589.62418  0.13%   154 8098s
 212593 39835 5593.22235   74  110 5597.00000 5589.63968  0.13%   154 8104s
 212874 39778     cutoff   65      5597.00000 5589.65651  0.13%   154 8109s
 213097 39726     cutoff   80      5597.00000 5589.67663  0.13%   154 8117s
 213442 39708 5595.26197   71  103 5597.00000 5589.69023  0.13%   154 8123s
 213737 39670 5595.89255   60   74 5597.00000 5589.70962  0.13%   154 8130s
 214099 39645 5594.53354   64  139 5597.00000 5589.72379  0.13%   154 8137s
 214413 39624 5590.43976   63   78 5597.00000 5589.73962  0.13%   154 8145s
 214762 39582     cutoff   56      5597.00000 5589.75513  0.13%   154 8152s
 215177 39566 5591.08071   55  155 5597.00000 5589.77007  0.13%   154 8161s
 215525 39544     cutoff   70      5597.00000 5589.78602  0.13%   154 8168s
 215820 39487 5590.31445   65   81 5597.00000 5589.79999  0.13%   154 8174s
 216165 39464 5596.81276   83   81 5597.00000 5589.81686  0.13%   153 8183s
 216538 39455     cutoff   50      5597.00000 5589.83155  0.13%   153 8190s
 216916 39442 5592.49638   62  145 5597.00000 5589.84461  0.13%   153 8197s
 217232 39400     cutoff   62      5597.00000 5589.86005  0.13%   153 8205s
 217511 39362 5596.77008   91   28 5597.00000 5589.87374  0.13%   153 8212s
 217842 39315     cutoff   50      5597.00000 5589.88741  0.13%   153 8218s
 218095 39259     cutoff   65      5597.00000 5589.90354  0.13%   153 8225s
 218402 39212 5592.52332   76   75 5597.00000 5589.91548  0.13%   153 8232s
 218729 39179     cutoff   64      5597.00000 5589.93055  0.13%   153 8239s
 219024 39138 5596.36790   60  146 5597.00000 5589.94686  0.13%   153 8248s
 219414 39113 5592.91905   50  173 5597.00000 5589.96141  0.13%   153 8253s
 219691 39067     cutoff   78      5597.00000 5589.97551  0.13%   153 8261s
 219958 39020     cutoff   70      5597.00000 5589.99108  0.13%   153 8268s
 220257 38974 5594.37376   82  107 5597.00000 5590.00484  0.12%   153 8276s
 220564 38926 5590.54267   51  117 5597.00000 5590.02026  0.12%   152 8283s
 220854 38884     cutoff   52      5597.00000 5590.03596  0.12%   152 8290s
 221122 38833 5595.01276   64   63 5597.00000 5590.04943  0.12%   152 8298s
 221536 38831     cutoff  127      5597.00000 5590.06501  0.12%   152 8304s
 221811 38790     cutoff   59      5597.00000 5590.07776  0.12%   152 8311s
 222107 38741     cutoff   74      5597.00000 5590.09324  0.12%   152 8319s
 222448 38712 5595.05688   57  135 5597.00000 5590.11036  0.12%   152 8328s
 222744 38652     cutoff   53      5597.00000 5590.12669  0.12%   152 8335s
 223074 38642     cutoff   54      5597.00000 5590.14037  0.12%   152 8340s
 223383 38610     cutoff   65      5597.00000 5590.15647  0.12%   152 8347s
 223694 38563     cutoff   59      5597.00000 5590.16997  0.12%   152 8353s
 223973 38536     cutoff   60      5597.00000 5590.18629  0.12%   152 8362s
 224396 38516     cutoff   59      5597.00000 5590.20024  0.12%   152 8368s
 224732 38488     cutoff  103      5597.00000 5590.21312  0.12%   151 8376s
 225038 38444 5594.60472   60  180 5597.00000 5590.22606  0.12%   151 8381s
 225344 38409     cutoff   72      5597.00000 5590.23922  0.12%   151 8389s
 225689 38397 5594.06545   59   97 5597.00000 5590.25184  0.12%   151 8395s
 226004 38343     cutoff   77      5597.00000 5590.26379  0.12%   151 8401s
 226266 38296 5596.76175   62  108 5597.00000 5590.28086  0.12%   151 8406s
 226566 38252 5591.96890   54  167 5597.00000 5590.29704  0.12%   151 8412s
 226860 38200     cutoff   60      5597.00000 5590.31004  0.12%   151 8419s
 227144 38150     cutoff   62      5597.00000 5590.32303  0.12%   151 8425s
 227467 38118     cutoff   54      5597.00000 5590.33763  0.12%   151 8430s
 227730 38072     cutoff   65      5597.00000 5590.35073  0.12%   151 8435s
 228014 38016 5590.65892   96   94 5597.00000 5590.36539  0.12%   151 8444s
 228372 37995     cutoff   47      5597.00000 5590.38146  0.12%   151 8451s
 228686 37931     cutoff   69      5597.00000 5590.39426  0.12%   151 8456s
 228988 37899 5590.54256   57  125 5597.00000 5590.40834  0.12%   150 8461s
 229274 37845 5592.15154   57  148 5597.00000 5590.42255  0.12%   150 8465s
 229521 37788 5593.10314   65  137 5597.00000 5590.43463  0.12%   150 8470s
 230139 37714     cutoff   78      5597.00000 5590.46289  0.12%   150 8479s
 230441 37668     cutoff   71      5597.00000 5590.47706  0.12%   150 8483s
 230664 37602 5594.12635   66   92 5597.00000 5590.48805  0.12%   150 8488s
 230947 37555     cutoff   70      5597.00000 5590.50102  0.12%   150 8494s
 231231 37510     cutoff   60      5597.00000 5590.51188  0.12%   150 8501s
 231544 37473     cutoff   69      5597.00000 5590.52630  0.12%   150 8510s
 232042 37359     cutoff   66      5597.00000 5590.55167  0.12%   150 8520s
 232512 37240     cutoff   61      5597.00000 5590.57720  0.11%   150 8527s
 232675 37175     cutoff   61      5597.00000 5590.58366  0.11%   150 8532s
 232960 37114     cutoff   44      5597.00000 5590.59985  0.11%   150 8536s
 233196 37051 5593.56791   72  117 5597.00000 5590.61167  0.11%   149 8541s
 233514 37010 5593.54942  119   16 5597.00000 5590.62708  0.11%   149 8545s
 233750 36941     cutoff   70      5597.00000 5590.64067  0.11%   149 8551s
 234048 36892     cutoff   66      5597.00000 5590.65317  0.11%   149 8555s
 234555 36776 5591.39186   48  147 5597.00000 5590.68119  0.11%   149 8564s
 234828 36722 5596.06818   87   98 5597.00000 5590.69333  0.11%   149 8570s
 235091 36665     cutoff   61      5597.00000 5590.70683  0.11%   149 8575s
 235331 36603 5596.00495   62  150 5597.00000 5590.71871  0.11%   149 8581s
 235645 36571 5591.21460   53  156 5597.00000 5590.73040  0.11%   149 8588s
 235932 36507     cutoff   62      5597.00000 5590.74170  0.11%   149 8593s
 236171 36445 5596.51174   73   53 5597.00000 5590.75835  0.11%   149 8597s
 236373 36374 5594.02723   50  147 5597.00000 5590.77133  0.11%   149 8601s
 236625 36319 5594.38665   59  130 5597.00000 5590.78506  0.11%   149 8607s
 236907 36283     cutoff   59      5597.00000 5590.79740  0.11%   149 8612s
 237161 36233 5595.57621   68   94 5597.00000 5590.80991  0.11%   149 8618s
 237460 36198 5592.76629   67   73 5597.00000 5590.82089  0.11%   149 8622s
 237726 36144     cutoff   70      5597.00000 5590.83423  0.11%   148 8627s
 237974 36109     cutoff   63      5597.00000 5590.84597  0.11%   148 8630s
 238166 36044     cutoff   58      5597.00000 5590.85662  0.11%   148 8636s
 238397 35973     cutoff   68      5597.00000 5590.86906  0.11%   148 8641s
 238698 35927     cutoff   72      5597.00000 5590.88069  0.11%   148 8646s
 238921 35879     cutoff   58      5597.00000 5590.89356  0.11%   148 8653s
 239182 35832     cutoff   75      5597.00000 5590.90675  0.11%   148 8657s
 239436 35771     cutoff   74      5597.00000 5590.91961  0.11%   148 8662s
 239725 35738     cutoff   59      5597.00000 5590.93216  0.11%   148 8666s
 239969 35675     cutoff   56      5597.00000 5590.94509  0.11%   148 8670s
 240205 35607     cutoff   85      5597.00000 5590.95646  0.11%   148 8675s
 240638 35491     cutoff   60      5597.00000 5590.98286  0.11%   148 8682s
 240879 35426     cutoff   45      5597.00000 5590.99461  0.11%   148 8687s
 241086 35359 5596.42444   53  159 5597.00000 5591.00749  0.11%   148 8692s
 241354 35307 5596.17415   65   83 5597.00000 5591.01967  0.11%   148 8696s
 241591 35245     cutoff   58      5597.00000 5591.03030  0.11%   148 8701s
 241843 35189     cutoff   53      5597.00000 5591.04280  0.11%   147 8706s
 242116 35142     cutoff   81      5597.00000 5591.05672  0.11%   147 8712s
 242426 35110     cutoff   72      5597.00000 5591.06983  0.11%   147 8716s
 242659 35055     cutoff   62      5597.00000 5591.08131  0.11%   147 8720s
 242912 34993 5592.94788   51  157 5597.00000 5591.09043  0.11%   147 8726s
 243221 34936     cutoff   55      5597.00000 5591.10294  0.11%   147 8731s
 243480 34883     cutoff   60      5597.00000 5591.11417  0.11%   147 8736s
 243727 34818     cutoff   58      5597.00000 5591.12726  0.10%   147 8743s
 244041 34776     cutoff   64      5597.00000 5591.14001  0.10%   147 8748s
 244305 34717     cutoff   64      5597.00000 5591.15351  0.10%   147 8751s
 244490 34656     cutoff   98      5597.00000 5591.16782  0.10%   147 8756s
 245007 34524     cutoff   63      5597.00000 5591.19397  0.10%   147 8764s
 245314 34476     cutoff   58      5597.00000 5591.20779  0.10%   147 8769s
 245585 34423     cutoff  101      5597.00000 5591.21955  0.10%   147 8774s
 245861 34358     cutoff   80      5597.00000 5591.23153  0.10%   147 8779s
 246072 34285     cutoff   56      5597.00000 5591.24329  0.10%   147 8782s
 246282 34218     cutoff   59      5597.00000 5591.25572  0.10%   146 8787s
 246509 34159     cutoff   64      5597.00000 5591.26852  0.10%   146 8794s
 246711 34092 5593.63919   53  125 5597.00000 5591.27915  0.10%   146 8798s
 246957 34035 5593.48046   74   89 5597.00000 5591.29323  0.10%   146 8802s
 247179 33966 5593.26065   46  172 5597.00000 5591.30535  0.10%   146 8807s
 247458 33912     cutoff   65      5597.00000 5591.31925  0.10%   146 8811s
 247694 33871     cutoff   66      5597.00000 5591.32918  0.10%   146 8815s
 247896 33803 5592.97918   68  121 5597.00000 5591.34128  0.10%   146 8820s
 248126 33745     cutoff   54      5597.00000 5591.35122  0.10%   146 8825s
 248383 33694     cutoff   58      5597.00000 5591.36463  0.10%   146 8830s
 248639 33634     cutoff   86      5597.00000 5591.37550  0.10%   146 8835s
 248964 33580     cutoff   61      5597.00000 5591.38976  0.10%   146 8841s
 249201 33516     cutoff   91      5597.00000 5591.40130  0.10%   146 8845s
 249638 33381     cutoff   58      5597.00000 5591.42355  0.10%   146 8854s
 249869 33314     cutoff   66      5597.00000 5591.43694  0.10%   146 8858s
 250146 33257     cutoff   81      5597.00000 5591.44840  0.10%   146 8861s
 250314 33182     cutoff   68      5597.00000 5591.45932  0.10%   146 8865s
 250731 33048 5594.65540   60   91 5597.00000 5591.48133  0.10%   145 8872s
 250922 32971     cutoff   67      5597.00000 5591.49005  0.10%   145 8875s
 251139 32907 5596.50636   50  186 5597.00000 5591.50195  0.10%   145 8880s
 251646 32796 5593.03575   58  155 5597.00000 5591.52585  0.10%   145 8887s
 251848 32725 5594.21581   68  145 5597.00000 5591.53827  0.10%   145 8892s
 252073 32679 5596.65133   70  127 5597.00000 5591.54850  0.10%   145 8896s
 252496 32543     cutoff   87      5597.00000 5591.57178  0.10%   145 8903s
 252742 32482     cutoff   96      5597.00000 5591.58199  0.10%   145 8905s
 253088 32333     cutoff   58      5597.00000 5591.60286  0.10%   145 8910s
 253447 32188     cutoff   48      5597.00000 5591.62500  0.10%   145 8916s
 253859 32041     cutoff   62      5597.00000 5591.64861  0.10%   145 8921s
 254036 31968 5594.91718   82   53 5597.00000 5591.66130  0.10%   145 8925s
 254453 31834     cutoff   65      5597.00000 5591.68291  0.09%   145 8931s
 254887 31707     cutoff   70      5597.00000 5591.70616  0.09%   144 8937s
 255094 31639 5593.33003   74  123 5597.00000 5591.71739  0.09%   144 8941s
 255534 31510     cutoff   59      5597.00000 5591.73907  0.09%   144 8949s
 255822 31448     cutoff   52      5597.00000 5591.75176  0.09%   144 8952s
 256145 31290 5596.67463   63   93 5597.00000 5591.77618  0.09%   144 8957s
 256331 31218 5593.45914   68  120 5597.00000 5591.78775  0.09%   144 8961s
 256593 31151 5593.53948   58  159 5597.00000 5591.79784  0.09%   144 8965s
 257045 31012 5595.73443   54  141 5597.00000 5591.82005  0.09%   144 8973s
 257279 30960     cutoff   49      5597.00000 5591.83171  0.09%   144 8976s
 257456 30894     cutoff  102      5597.00000 5591.84121  0.09%   144 8980s
 257873 30757     cutoff   93      5597.00000 5591.86273  0.09%   144 8985s
 258298 30609 5594.21180   69  100 5597.00000 5591.88465  0.09%   144 8990s
 258854 30412     cutoff   60      5597.00000 5591.91915  0.09%   143 8997s
 259268 30272 5596.93573   50  154 5597.00000 5591.94080  0.09%   143 9002s
 259498 30208     cutoff   51      5597.00000 5591.95052  0.09%   143 9006s
 259915 30080     cutoff   58      5597.00000 5591.97088  0.09%   143 9011s
 260272 30011 5596.67302   89   90 5597.00000 5591.99176  0.09%   143 9015s
 260494 29869 5596.64765   72   91 5597.00000 5592.00286  0.09%   143 9022s
 260694 29796     cutoff   61      5597.00000 5592.01402  0.09%   143 9025s
 261111 29670 5595.18820   79  117 5597.00000 5592.03861  0.09%   143 9030s
 261490 29519 5595.56327   58  147 5597.00000 5592.06030  0.09%   143 9037s
 261712 29448     cutoff   64      5597.00000 5592.07108  0.09%   143 9040s
 262090 29299 5593.34716   82   62 5597.00000 5592.09362  0.09%   143 9046s
 262447 29150     cutoff   60      5597.00000 5592.11617  0.09%   143 9050s
 262845 29018     cutoff   55      5597.00000 5592.13882  0.09%   142 9056s
 263044 28938     cutoff   57      5597.00000 5592.14927  0.09%   142 9060s
 263448 28793     cutoff   63      5597.00000 5592.16939  0.09%   142 9066s
 263819 28639 5596.59762   66  149 5597.00000 5592.18990  0.09%   142 9071s
 264178 28491     cutoff   57      5597.00000 5592.21021  0.09%   142 9077s
 264384 28427     cutoff   50      5597.00000 5592.22017  0.09%   142 9080s
 264785 28282     cutoff   74      5597.00000 5592.24138  0.09%   142 9086s
 265142 28131 5594.22706   87   66 5597.00000 5592.26118  0.08%   142 9092s
 265345 28074     cutoff   95      5597.00000 5592.27169  0.08%   142 9095s
 265716 27924     cutoff   65      5597.00000 5592.29303  0.08%   142 9101s
 266110 27781     cutoff   70      5597.00000 5592.31565  0.08%   142 9106s
 266471 27635 5594.60218   54  144 5597.00000 5592.33753  0.08%   142 9112s
 266678 27561     cutoff   77      5597.00000 5592.34881  0.08%   142 9115s
 267044 27412     cutoff   64      5597.00000 5592.36654  0.08%   141 9120s
 267459 27269 5596.26392   84   86 5597.00000 5592.38659  0.08%   141 9126s
 267797 27122     cutoff   98      5597.00000 5592.41175  0.08%   141 9131s
 267967 27044 5596.10444   68  115 5597.00000 5592.42173  0.08%   141 9135s
 268358 26917 5594.37010   75  107 5597.00000 5592.44246  0.08%   141 9142s
 268571 26847     cutoff   70      5597.00000 5592.45203  0.08%   141 9146s
 268944 26691     cutoff  102      5597.00000 5592.47401  0.08%   141 9150s
 269277 26551     cutoff   73      5597.00000 5592.49278  0.08%   141 9155s
 269619 26407     cutoff   62      5597.00000 5592.51649  0.08%   141 9160s
 269973 26283     cutoff   76      5597.00000 5592.53693  0.08%   141 9174s
 270124 26204     cutoff   67      5597.00000 5592.53921  0.08%   141 9177s
 270282 26129 5596.97949   54   81 5597.00000 5592.55613  0.08%   141 9180s
 270755 25900 5595.38304   61   71 5597.00000 5592.58852  0.08%   141 9186s
 271130 25743     cutoff   62      5597.00000 5592.60783  0.08%   140 9190s
 271449 25589     cutoff   69      5597.00000 5592.62829  0.08%   140 9195s
 271791 25439     cutoff   67      5597.00000 5592.64790  0.08%   140 9201s
 272151 25294     cutoff   87      5597.00000 5592.66683  0.08%   140 9206s
 272510 25144 5595.04954   47  161 5597.00000 5592.68832  0.08%   140 9210s
 272842 24992 5593.24703   71  124 5597.00000 5592.70984  0.08%   140 9215s
 273201 24843     cutoff   77      5597.00000 5592.73022  0.08%   140 9220s
 273645 24610     cutoff   50      5597.00000 5592.76373  0.08%   140 9225s
 274143 24388     cutoff   53      5597.00000 5592.79378  0.08%   140 9232s
 274509 24233     cutoff   58      5597.00000 5592.81379  0.07%   140 9236s
 274809 24082     cutoff   75      5597.00000 5592.83315  0.07%   140 9241s
 275129 23932 5594.94519   52  158 5597.00000 5592.85735  0.07%   139 9245s
 275500 23788     cutoff   74      5597.00000 5592.87582  0.07%   139 9252s
 275693 23708     cutoff   60      5597.00000 5592.88688  0.07%   139 9255s
 276181 23467 5596.83333   84   12 5597.00000 5592.92018  0.07%   139 9262s
 276485 23309 5594.72701   59  141 5597.00000 5592.94075  0.07%   139 9266s
 276930 23069     cutoff   88      5597.00000 5592.97273  0.07%   139 9271s
 277368 22830 5594.84735   88   41 5597.00000 5593.00205  0.07%   139 9277s
 277692 22671     cutoff   64      5597.00000 5593.02031  0.07%   139 9281s
 278013 22518     cutoff   51      5597.00000 5593.04358  0.07%   139 9285s
 278297 22356     cutoff   63      5597.00000 5593.06354  0.07%   139 9290s
 278781 22125 5596.78526   53  139 5597.00000 5593.09527  0.07%   138 9297s
 279112 21968     cutoff   60      5597.00000 5593.11668  0.07%   138 9301s
 279566 21744     cutoff   83      5597.00000 5593.14459  0.07%   138 9306s
 279894 21584 5594.76863   52  170 5597.00000 5593.16435  0.07%   138 9311s
 280207 21433     cutoff   72      5597.00000 5593.18593  0.07%   138 9316s
 280526 21280     cutoff   81      5597.00000 5593.20545  0.07%   138 9322s
 280970 21039     cutoff   60      5597.00000 5593.23827  0.07%   138 9326s
 281279 20880     cutoff   63      5597.00000 5593.25869  0.07%   138 9330s
 281696 20636     cutoff   57      5597.00000 5593.29033  0.07%   138 9335s
 282121 20394     cutoff   81      5597.00000 5593.32007  0.07%   138 9341s
 282437 20245 5594.65197   65  110 5597.00000 5593.33790  0.07%   138 9345s
 282818 20079     cutoff   73      5597.00000 5593.36647  0.06%   137 9350s
 283137 19845 5595.68619   52  136 5597.00000 5593.38752  0.06%   137 9355s
 283618 19620 5596.75419   68  163 5597.00000 5593.41710  0.06%   137 9360s
 284070 19384     cutoff   52      5597.00000 5593.44820  0.06%   137 9366s
 284364 19231     cutoff   80      5597.00000 5593.46571  0.06%   137 9370s
 284795 19002 5595.63461   63  117 5597.00000 5593.49700  0.06%   137 9375s
 285201 18757 5595.14325   84  112 5597.00000 5593.52703  0.06%   137 9380s
 285767 18432 5596.19137   64   97 5597.00000 5593.56578  0.06%   137 9388s
 286051 18274     cutoff   89      5597.00000 5593.58445  0.06%   137 9391s
 286455 18027     cutoff   63      5597.00000 5593.61426  0.06%   136 9395s
 286989 17704     cutoff   61      5597.00000 5593.65778  0.06%   136 9401s
 287406 17459     cutoff   69      5597.00000 5593.68849  0.06%   136 9405s
 287766 17211     cutoff   53      5597.00000 5593.71766  0.06%   136 9410s
 288314 16884     cutoff   69      5597.00000 5593.76039  0.06%   136 9416s
 288708 16640     cutoff   62      5597.00000 5593.79202  0.06%   136 9420s
 289259 16316     cutoff   68      5597.00000 5593.82992  0.06%   136 9425s
 289771 15983     cutoff   77      5597.00000 5593.86789  0.06%   135 9431s
 290175 15746     cutoff   59      5597.00000 5593.89675  0.06%   135 9435s
 290704 15419     cutoff   55      5597.00000 5593.94052  0.05%   135 9441s
 290950 15257     cutoff   56      5597.00000 5593.95755  0.05%   135 9445s
 291479 14930     cutoff  109      5597.00000 5593.99787  0.05%   135 9450s
 291981 14605     cutoff   69      5597.00000 5594.03876  0.05%   135 9456s
 292467 14280     cutoff   63      5597.00000 5594.07879  0.05%   135 9460s
 292982 13950     cutoff   57      5597.00000 5594.11789  0.05%   135 9465s
 293359 13706     cutoff   75      5597.00000 5594.14665  0.05%   134 9470s
 294010 13293     cutoff   60      5597.00000 5594.20355  0.05%   134 9475s
 294503 12971     cutoff   71      5597.00000 5594.24769  0.05%   134 9480s
 295080 12557     cutoff   75      5597.00000 5594.30274  0.05%   134 9485s
 295636 12138     cutoff   71      5597.00000 5594.35663  0.05%   134 9490s
 296127 11803     cutoff   61      5597.00000 5594.40056  0.05%   134 9496s
 296632 11472     cutoff   51      5597.00000 5594.44531  0.05%   133 9500s
 297206 11053     cutoff   84      5597.00000 5594.50023  0.04%   133 9505s
 297862 10558     cutoff   68      5597.00000 5594.56720  0.04%   133 9511s
 298403 10139     cutoff   68      5597.00000 5594.62758  0.04%   133 9515s
 299040  9642     cutoff   78      5597.00000 5594.70508  0.04%   133 9520s
 299723  9146     cutoff   70      5597.00000 5594.78025  0.04%   132 9525s
 300389  8647     cutoff   77      5597.00000 5594.86051  0.04%   132 9530s
 301129  8063 5596.50653   59  104 5597.00000 5594.95458  0.04%   132 9535s
 301754  7560     cutoff  103      5597.00000 5595.03521  0.04%   132 9540s
 302476  6973     cutoff   72      5597.00000 5595.13232  0.03%   132 9545s
 303173  6385     cutoff   53      5597.00000 5595.23161  0.03%   131 9550s
 303960  5799     cutoff   54      5597.00000 5595.33524  0.03%   131 9555s
 304684  5212     cutoff   74      5597.00000 5595.44422  0.03%   131 9560s
 305426  4625     cutoff   68      5597.00000 5595.56673  0.03%   131 9565s
 306216  3955     cutoff   69      5597.00000 5595.71502  0.02%   130 9570s
 307104  3199     cutoff   80      5597.00000 5595.90258  0.02%   130 9575s
 308064  2359     cutoff   66      5597.00000 5596.12863  0.02%   130 9580s

Cutting planes:
  Gomory: 1
  Cover: 2
  MIR: 396
  Flow cover: 468
  Zero half: 2
  Network: 10

Explored 309266 nodes (39972513 simplex iterations) in 9584.79 seconds
Thread count was 4 (of 4 available processors)

Optimal solution found (tolerance 1.00e-04)
Best objective 5.597000000000e+03, best bound 5.596467267120e+03, gap 0.0095%
